TreEvo Version Used: 0.21.0
ape Version Used: 5.3
###############################
Now doing doRun analyses...
####################
Analyzing tree 1...
####################
Analyzing An_Emp_BrownMotion_tree_1_trait_1_08-09-19...
The effective timeStep for this tree will be 0.00039,
     as a proportion of tree height (root to furthest tip)...
Rescaling edge lengths relative to maximum tip-to-root distance...
The smallest edge length on the input tree is 0.00083
   (This is 43000 in the same TreeYears units
      as used for the input generation.time ( = 20000))
Given generation time, a total of 253344 generations are
     expected to occur over this tree
Beginning PRC Run 1 out of a total of 2...
Number of initial simulations set to 100
Doing initial simulations...
Initial simulations took 3127.458 seconds
Finding distribution of distances...
Beginning partial rejection control algorithm...

STARTING DATA GENERATION STEP 1

Successes   Attempts   Distance   starting_1  intrinsic_1  
1           216         7300        4.7         0.062                   
2           216         5700        4.9         0.025                   
3           216         7500        3.4         0.067                   
4           216         5900        4.2         0.029                   
5           216         8300        4.1         0.098                   
6           216         4100        3.9         0.01                   
7           216         7500        4.9         0.066                   
8           216         5100        4.2         0.018                   
9           216         7200        3.7         0.058                   
10           216         6900        4         0.05                   
11           216         5600        3.7         0.023                   
12           216         2100        4.1         0.0034                   
13           216         7300        3.4         0.06                   
14           216         6900        4.7         0.049                   
15           216         7300        4.1         0.062                   
16           216         7800        4.2         0.079                   
17           216         9100        4.5         0.13                   
18           216         8000        2.9         0.084                   
19           216         7100        4         0.055                   
20           216         7500        4.7         0.062                   
21           216         6500        4.8         0.037                   
22           216         1800        4.3         0.0029                   
23           216         8100        4.1         0.08                   
24           216         6300        4.7         0.033                   
25           216         5800        3.8         0.025                   
26           216         7900        4.1         0.072                   
27           216         6000        4.5         0.028                   
28           216         3000        4         0.0056                   
29           216         8100        4.9         0.081                   
30           216         8700        3.9         0.1                   
31           216         150        4.3         0.0012                   
32           216         6700        4.5         0.042                   
33           216         6500        4.4         0.038                   
34           216         5400        4.3         0.02                   
35           216         4000        4.8         0.0095                   
36           216         6300        3.9         0.033                   
37           216         6800        5.1         0.044                   
38           216         4600        3.7         0.013                   
39           216         5900        3.9         0.026                   
40           216         4200        4.1         0.012                   
41           216         9100        4.3         0.14                   
42           216         8800        4.4         0.13                   
43           216         5000        4.3         0.019                   
44           216         7900        3.9         0.083                   
45           216         8000        4.3         0.09                   
46           216         8200        4.2         0.099                   
47           216         6100        4.3         0.033                   
48           216         8900        4.3         0.13                   
49           216         6600        4.1         0.044                   
50           216         4200        3.5         0.012                   
51           216         8000        4.2         0.089                   
52           216         8000        3.7         0.09                   
53           216         8500        4         0.11                   
54           216         8200        3.7         0.1                   
55           216         8800        3.9         0.13                   
56           216         3000        4         0.0064                   
57           216         2700        4         0.0054                   
58           216         4000        5.1         0.011                   
59           216         6800        3.9         0.045                   
60           216         2200        4.6         0.0037                   
61           216         8200        3.6         0.086                   
62           216         7700        3.6         0.07                   
63           216         7200        4.8         0.056                   
64           216         8400        4.1         0.096                   
65           216         7500        3.8         0.064                   
66           216         8900        4.6         0.12                   
67           216         7300        3.5         0.058                   
68           216         5900        4.2         0.027                   
69           216         7600        4.3         0.067                   
70           216         3700        3.9         0.0082                   
71           216         6900        3.8         0.048                   
72           216         6800        4.3         0.045                   
73           216         6300        3.6         0.034                   
74           216         6500        4.1         0.041                   
75           216         7300        4.2         0.062                   
76           216         5500        4         0.025                   
77           216         4500        4         0.014                   
78           216         9000        4.2         0.13                   
79           216         3400        5.2         0.0078                   
80           216         6000        3.4         0.032                   
81           216         3600        4.2         0.0085                   
82           216         3700        4.4         0.0093                   
83           216         2300        4.3         0.0043                   
84           216         8900        4.2         0.12                   
85           216         7700        4         0.075                   
86           216         4900        4.6         0.018                   
87           216         3200        4.5         0.0067                   
88           216         7000        3.9         0.053                   
89           216         7800        4         0.081                   
90           216         7200        4.3         0.057                   
91           216         6100        4         0.034                   
92           216         5800        4.3         0.027                   
93           216         7200        4.6         0.056                   
94           216         6900        4.8         0.046                   
95           216         7600        4.2         0.07                   
96           216         7900        4         0.08                   
97           216         3200        4.3         0.0062                   
98           216         8000        4.8         0.082                   
99           216         4200        4.3         0.011                   
100           216         8200        4.3         0.092                   
101           216         4900        4.8         0.016                   
102           216         7900        4.1         0.079                   
103           216         2900        3.9         0.0053                   
104           216         5800        4.8         0.027                   
105           216         3000        4         0.0056                   
106           216         9000        4.9         0.12                   
107           216         8700        4.4         0.11                   
108           216         5300        5.1         0.02                   
109           216         7000        4.1         0.049                   
110           216         8000        4.4         0.081                   
111           216         7800        4.5         0.074                   
112           216         7600        4.1         0.067                   
113           216         6400        4.3         0.036                   
114           216         7600        4.4         0.065                   
115           216         8000        4.2         0.081                   
116           216         8800        3.9         0.11                   
117           216         7700        3.8         0.068                   
118           216         6300        3.8         0.033                   
119           216         8800        4.3         0.11                   
120           216         8200        4.3         0.088                   
121           216         1600        4.1         0.0025                   
122           216         8500        4.3         0.098                   
123           216         3200        4.7         0.0061                   
124           216         4900        4.4         0.016                   
125           216         390        3.3         0.00091                   
126           216         7600        4.4         0.078                   
127           216         6600        4.3         0.044                   
128           216         7300        4.1         0.065                   
129           216         7500        3.8         0.071                   
130           216         7900        4         0.088                   
131           216         6400        3.5         0.04                   
132           216         7700        3.8         0.079                   
133           216         7400        3.8         0.068                   
134           216         8000        4.4         0.095                   
135           216         6300        4.1         0.037                   
136           216         4500        4.7         0.014                   
137           216         5200        4         0.021                   
138           216         8600        4.4         0.12                   
139           216         5800        3.8         0.028                   
140           216         7800        4.1         0.084                   
141           216         6400        4.3         0.04                   
142           216         8400        4.3         0.11                   
143           216         7200        4         0.062                   
144           216         8100        5         0.098                   
145           216         6800        3.9         0.05                   
146           216         2700        4.5         0.0052                   
147           216         6200        4.1         0.035                   
148           216         8700        3.9         0.12                   
149           216         8900        4.2         0.14                   
150           216         5000        4.2         0.018                   
151           216         5200        4         0.02                   
152           216         350        4.2         0.0014                   
153           216         7200        3.5         0.06                   
154           216         4800        4         0.016                   
155           216         8700        4.1         0.12                   
156           216         8300        4.4         0.1                   
157           216         4100        4.2         0.011                   
158           216         8400        4         0.11                   
159           216         5000        3.2         0.018                   
160           216         2900        4.3         0.0056                   
161           216         5600        3.8         0.024                   
162           216         5700        3.5         0.026                   
163           216         6500        4.5         0.04                   
164           216         4100        4.4         0.011                   
165           216         6300        4.2         0.036                   

STARTING DATA GENERATION STEP 2

Successes   Attempts   Distance   starting_1  intrinsic_1  
1           264         5700        4.2         0.025                   
2           264         630        5.3         0.0015                   
3           264         2300        4.5         0.0038                   
4           264         1700        4.9         0.0027                   
5           264         5700        4.3         0.025                   
6           264         4900        3.6         0.017                   
7           264         5300        4.9         0.02                   
8           264         5600        3.6         0.025                   
9           264         5500        4.4         0.022                   
10           264         6400        4         0.035                   
11           264         5300        3.9         0.019                   
12           264         6300        4.2         0.033                   
13           264         5300        4.3         0.02                   
14           264         4100        4.1         0.01                   
15           264         3600        4         0.0079                   
16           264         5700        4         0.027                   
17           264         140        4.7         0.0013                   
18           264         5800        4.7         0.028                   
19           264         2800        4.2         0.0057                   
20           264         4000        4.5         0.011                   
21           264         6400        3.9         0.039                   
22           264         5500        4         0.022                   
23           264         4900        4.2         0.016                   
24           264         4300        4.3         0.011                   
25           264         6400        4.4         0.036                   
26           264         5600        4         0.024                   
27           264         1500        4.1         0.0025                   
28           264         5200        4.1         0.019                   
29           264         5000        4.9         0.017                   
30           264         5900        4.7         0.027                   
31           264         4100        4.3         0.01                   
32           264         5000        4.4         0.017                   
33           264         4000        3.6         0.0098                   
34           264         4300        4.5         0.012                   
35           264         6100        3.8         0.033                   
36           264         5000        4.1         0.018                   
37           264         5300        3.9         0.022                   
38           264         6100        4.2         0.032                   
39           264         5200        3.9         0.02                   
40           264         4800        4.4         0.017                   
41           264         5800        3.4         0.028                   
42           264         1100        4.1         0.002                   
43           264         5600        4         0.023                   
44           264         2800        4         0.005                   
45           264         6100        4         0.032                   
46           264         3400        4.2         0.0071                   
47           264         5100        4.5         0.018                   
48           264         3800        3.6         0.0089                   
49           264         4300        4.3         0.012                   
50           264         6100        3.4         0.031                   
51           264         6000        4         0.029                   
52           264         5200        3.3         0.018                   
53           264         1500        4.2         0.0025                   
54           264         4300        4.3         0.012                   
55           264         4000        4.1         0.0098                   
56           264         6300        3.4         0.033                   
57           264         2600        3.5         0.0046                   
58           264         2600        5.1         0.0045                   
59           264         5200        4.1         0.019                   
60           264         6300        5         0.033                   
61           264         4500        4         0.013                   
62           264         3600        4.1         0.0077                   
63           264         5700        3.9         0.025                   
64           264         6300        3.9         0.037                   
65           264         3900        4.2         0.0099                   
66           264         6200        4.1         0.035                   
67           264         6100        4.4         0.034                   
68           264         6300        3.9         0.038                   
69           264         5900        4.7         0.029                   
70           264         5200        4         0.02                   
71           264         5800        4.2         0.028                   
72           264         4100        4.3         0.011                   
73           264         5900        4.6         0.029                   
74           264         5600        4.3         0.025                   
75           264         6100        3.9         0.033                   
76           264         6000        4.8         0.031                   
77           264         900        3.5         0.00069                   
78           264         5200        5         0.02                   
79           264         4200        4.6         0.012                   
80           264         2800        4         0.0052                   
81           264         3700        3.9         0.0089                   
82           264         6100        4.5         0.033                   
83           264         5200        4.5         0.021                   
84           264         3900        4         0.0099                   
85           264         4700        4.1         0.015                   
86           264         5800        4.3         0.028                   
87           264         3600        4.2         0.0081                   
88           264         3900        4.2         0.0099                   
89           264         4600        4.1         0.014                   
90           264         6000        3.7         0.029                   
91           264         5300        5.2         0.02                   
92           264         5600        3.9         0.023                   
93           264         3300        4.1         0.0066                   
94           264         4000        3.9         0.01                   
95           264         4900        4.2         0.016                   
96           264         6400        4         0.038                   
97           264         5400        4.6         0.022                   
98           264         5100        5.3         0.018                   
99           264         6100        4.3         0.03                   
100           264         4000        4.6         0.0097                   
101           264         6200        3.8         0.032                   
102           264         2800        4.1         0.0051                   
103           264         3800        4.2         0.0085                   
104           264         4600        4.9         0.014                   
105           264         5800        3.4         0.026                   
106           264         5300        3.7         0.019                   
107           264         3800        4.6         0.0085                   
108           264         5100        4.3         0.02                   

STARTING DATA GENERATION STEP 3

Successes   Attempts   Distance   starting_1  intrinsic_1  
1           408         2800        4.1         0.0051                   
2           408         3900        4.3         0.0093                   
3           408         4300        3.9         0.012                   
4           408         1600        4.2         0.0025                   
5           408         4300        4.2         0.012                   
6           408         4300        4.1         0.011                   
7           408         3200        4.2         0.0064                   
8           408         3600        4.6         0.0077                   
9           408         2800        4.1         0.0051                   
10           408         3800        4.1         0.0085                   
11           408         4000        3.8         0.0099                   
12           408         4400        4.8         0.012                   
13           408         2800        4.2         0.005                   
14           408         1400        4.1         0.0023                   
15           408         1200        4.3         0.0024                   
16           408         1200        4.4         0.00063                   
17           408         3200        4.3         0.007                   
18           408         3100        4         0.0065                   
19           408         2500        4         0.0048                   
20           408         3500        3.8         0.0084                   
21           408         4200        3.8         0.011                   
22           408         2100        4.3         0.0036                   
23           408         3200        4.2         0.00019                   
24           408         3300        4.1         0.0069                   
25           408         4100        4.1         0.011                   
26           408         3800        4.3         0.0088                   
27           408         4400        3.9         0.012                   
28           408         610        4.3         0.00078                   
29           408         470        4         0.0015                   
30           408         3000        4.6         0.0063                   
31           408         4100        4.6         0.011                   
32           408         3900        4.4         0.0099                   
33           408         960        4         0.0018                   
34           408         2100        3.8         0.0035                   
35           408         4100        4         0.011                   
36           408         3500        4.1         0.0075                   
37           408         3600        4.4         0.0077                   
38           408         4300        4.2         0.011                   
39           408         4400        4.4         0.012                   
40           408         3500        4.3         0.0072                   
41           408         3000        4.4         0.0054                   
42           408         4400        3.9         0.012                   
43           408         3600        4.1         0.0085                   
44           408         3000        4.2         0.006                   
45           408         3200        4.1         0.0067                   
46           408         4400        4.1         0.013                   
47           408         4300        3.7         0.012                   
48           408         4400        4.1         0.013                   
49           408         4200        4.1         0.00011                   
50           408         3200        3.6         0.0067                   
51           408         3000        4.3         0.0061                   
52           408         740        4.1         0.0017                   
53           408         3200        4.1         0.0067                   
54           408         4000        4         0.01                   
55           408         1000        4.2         0.0019                   
56           408         1700        5         0.0027                   
57           408         3500        4         0.0075                   
58           408         1600        4.3         0.0026                   
59           408         3000        4.2         0.0057                   
60           408         3600        3.6         0.0078                   
61           408         58        4.3         0.001                   
62           408         2400        4.4         0.0041                   
63           408         4000        4.2         0.0098                   
64           408         4300        4.3         0.011                   
65           408         4100        4.2         0.01                   
66           408         2500        5         0.0043                   
67           408         2800        4.2         0.005                   
68           408         3300        3.9         0.0065                   
69           408         1300        4         0.0025                   
70           408         1900        4.1         0.0035                   
71           408         4500        4         0.014                   
72           408         2600        3.9         0.0049                   
73           408         3000        4.3         0.0063                   
74           408         4200        4         0.012                   
75           408         810        3.8         0.00077                   
76           408         4000        4.3         0.0096                   
77           408         3900        4.2         0.0096                   
78           408         4400        4.3         0.012                   
79           408         3800        4.5         0.009                   
80           408         4500        4.1         0.014                   
81           408         4400        4.1         0.013                   
82           408         3400        3.5         0.0079                   
83           408         4200        4.3         0.012                   
84           408         1000        4.2         0.0021                   
85           408         2200        4.1         0.0039                   
86           408         3800        4         0.0098                   
87           408         3600        4.4         0.0086                   
88           408         1800        4.4         0.0029                   
89           408         1000        3.9         0.0019                   
90           408         3300        3.9         0.0067                   
91           408         50        4.3         0.0011                   
92           408         1700        4.1         0.0028                   
93           408         750        4         0.0016                   
94           408         3400        3.9         0.0069                   
95           408         4400        4.2         0.012                   
96           408         3300        3.5         0.0065                   
97           408         3400        4.2         0.0069                   
98           408         3600        4.2         0.0077                   
99           408         3700        4         0.0081                   
100           408         4300        4.2         0.011                   
101           408         2500        4.2         0.0042                   
102           408         4000        4.9         0.0094                   
103           408         740        4.2         0.0016                   
104           408         3600        4.1         0.00014                   
105           408         4100        4.1         0.01                   
106           408         4500        4.8         0.012                   
107           408         4200        3.9         0.011                   
108           408         3800        4         0.009                   
109           408         4500        4         0.014                   
110           408         19        4         0.0011                   
111           408         4500        4.1         0.014                   
112           408         3900        4.6         0.0095                   
113           408         4500        3.6         0.013                   
114           408         2000        4.2         0.0035                   
115           408         3200        3.9         0.0067                   

STARTING DATA GENERATION STEP 4

Successes   Attempts   Distance   starting_1  intrinsic_1  
1           624         770        4.3         7e-04                   
2           624         1700        4.2         0.0028                   
3           624         2300        4.2         0.0038                   
4           624         1400        3.9         0.0024                   
5           624         3000        4.3         0.0055                   
6           624         800        4         0.0017                   
7           624         1800        4.2         0.00046                   
8           624         2100        4         0.0038                   
9           624         1300        4.1         0.0025                   
10           624         3100        4.4         0.0065                   
11           624         2900        4.3         0.0055                   
12           624         2000        4.1         0.0034                   
13           624         1100        4.2         0.00059                   
14           624         2400        4.3         0.0045                   
15           624         1900        4         0.0034                   
16           624         1300        4.3         0.0025                   
17           624         1200        4         0.0021                   
18           624         2200        4.1         0.0037                   
19           624         2200        4         0.0036                   
20           624         840        4.1         0.0017                   
21           624         2700        4.1         0.0047                   
22           624         1600        4.1         0.0025                   
23           624         2700        4.4         0.0049                   
24           624         2000        4.4         0.0033                   
25           624         1400        4.5         0.00049                   
26           624         2300        4         0.004                   
27           624         340        4         0.0014                   
28           624         3000        4         0.0059                   
29           624         2500        4         0.0046                   
30           624         1100        4.3         0.00063                   
31           624         2300        4.3         0.004                   
32           624         2200        3.9         0.0038                   
33           624         2300        4         0.0039                   
34           624         2500        3.9         0.0045                   
35           624         780        3.7         0.0017                   
36           624         2700        4         0.0049                   
37           624         3100        4.2         0.006                   
38           624         1000        3.9         0.0019                   
39           624         1200        4.3         0.002                   
40           624         830        3.9         0.0017                   
41           624         1400        4         0.00049                   
42           624         300        4         0.00091                   
43           624         520        3.9         0.0014                   
44           624         2200        4.1         0.0041                   
45           624         2400        4.5         0.0046                   
46           624         370        4.2         0.00098                   
47           624         810        4.4         0.00077                   
48           624         3000        4.2         0.0057                   
49           624         2400        4         0.0041                   
50           624         2100        4.3         0.0035                   
51           624         2800        4.2         0.005                   
52           624         3100        4.3         0.006                   
53           624         2600        4         0.0048                   
54           624         1800        4.3         0.0032                   
55           624         3100        4         0.0066                   
56           624         2000        4.3         0.0036                   
57           624         1100        4.3         0.002                   
58           624         500        4.1         0.00082                   
59           624         2300        4.1         0.0039                   
60           624         2900        3.9         0.0053                   
61           624         2900        3.9         0.0051                   
62           624         680        4.3         0.00073                   
63           624         2800        3.9         0.005                   
64           624         2400        4.1         0.004                   
65           624         3000        4         0.0056                   
66           624         130        4         0.00099                   
67           624         2800        4.2         0.0053                   
68           624         3100        3.9         0.0062                   
69           624         3100        4.2         0.0061                   
70           624         1300        4.2         0.0023                   
71           624         71        4.3         0.0012                   
72           624         1700        4.1         0.0029                   
73           624         1900        4.1         0.0032                   
74           624         1600        4.2         0.0027                   
75           624         2100        4.2         0.0037                   
76           624         1900        4.1         0.0033                   
77           624         2800        4.3         0.00024                   
78           624         3000        4.1         0.0059                   
79           624         2800        4.4         0.0051                   
80           624         2900        4.3         0.006                   
81           624         140        4.3         0.0011                   
82           624         2800        4.1         0.0059                   
83           624         2700        4.4         0.0055                   
84           624         3100        4         0.0067                   
85           624         2200        4.4         0.0037                   
86           624         2100        3.9         0.0036                   
87           624         1400        4.1         0.0024                   
88           624         2400        4.3         0.0042                   
89           624         500        4.4         0.0015                   
90           624         3100        4.1         0.0063                   
91           624         570        4         0.0015                   
92           624         2700        4.1         0.0048                   
93           624         1300        4.2         0.0023                   
94           624         1800        3.9         0.003                   
95           624         2600        4.1         0.0048                   
96           624         1600        4.3         0.0027                   
97           624         880        4.2         0.00069                   
98           624         1300        4.3         0.0024                   
99           624         1100        4         0.0021                   
100           624         84        4.1         0.0012                   
101           624         20        4.1         0.0012                   
102           624         1500        4.2         0.0029                   
103           624         2100        4.3         0.0039                   
104           624         1300        4.2         0.0025                   
105           624         1000        4.2         7e-04                   
106           624         1800        4.4         0.0033                   
107           624         1600        4.1         0.003                   
108           624         900        4.2         0.00066                   
109           624         2700        4.5         0.0049                   
110           624         2100        4.2         0.0036                   
111           624         2500        4.3         0.0043                   
112           624         410        4.3         0.0014                   
113           624         1700        4.2         0.0027                   
114           624         2400        4.4         0.0041                   
115           624         920        4.2         0.00065                   
116           624         900        4.1         0.0018                   
117           624         1500        4         0.0025                   
118           624         3100        4         0.006                   

STARTING DATA GENERATION STEP 5

Successes   Attempts   Distance   starting_1  intrinsic_1  
1           1272         56        4.4         0.001                   
2           1272         2000        4.3         0.0033                   
3           1272         780        4.1         0.0018                   
4           1272         270        4.3         0.001                   
5           1272         1600        3.9         0.0029                   
6           1272         550        4.1         0.00089                   
7           1272         1400        4.3         0.0024                   
8           1272         2100        4.3         0.0035                   
9           1272         860        4.1         0.0018                   
10           1272         1500        4.4         0.00051                   
11           1272         1300        4.1         0.0025                   
12           1272         1100        4.1         0.002                   
13           1272         420        4.1         0.0014                   
14           1272         1400        4.2         0.00049                   
15           1272         1200        4.3         0.0022                   
16           1272         16        4.4         0.0011                   
17           1272         1800        4.3         0.0029                   
18           1272         550        4         0.0015                   
19           1272         2100        4         0.0035                   
20           1272         340        4.3         0.00089                   
21           1272         1900        4         0.003                   
22           1272         190        4.1         0.0012                   
23           1272         1100        4.3         0.002                   
24           1272         360        4         0.0013                   
25           1272         2100        4         0.00038                   
26           1272         1900        4.3         0.0031                   
27           1272         1700        3.9         0.0028                   
28           1272         920        4.4         0.0018                   
29           1272         1300        4         0.0022                   
30           1272         1800        4.1         0.0029                   
31           1272         990        4         0.002                   
32           1272         240        4.2         0.0013                   
33           1272         1400        4.2         0.0025                   
34           1272         460        4.3         0.00083                   
35           1272         510        4.1         0.00081                   
36           1272         1800        4.1         0.0031                   
37           1272         600        4         0.00081                   
38           1272         2000        4.1         0.0034                   
39           1272         88        4.2         0.0011                   
40           1272         480        3.9         0.0015                   
41           1272         1100        4.3         0.00063                   
42           1272         1900        4         0.0032                   
43           1272         130        4.2         0.001                   
44           1272         900        4.1         0.0018                   
45           1272         850        4         7e-04                   
46           1272         420        4.2         0.0014                   
47           1272         710        4         0.0016                   
48           1272         1000        4.3         0.0019                   
49           1272         1100        4         0.00059                   
50           1272         390        4.2         0.00089                   
51           1272         1200        4.4         0.0022                   
52           1272         920        4.2         0.00067                   
53           1272         2000        4         0.00038                   
54           1272         2100        4.2         0.00036                   
55           1272         2200        4.3         0.0041                   
56           1272         13        4         0.0012                   
57           1272         1700        4         0.0031                   
58           1272         1400        4         0.0026                   
59           1272         1700        4         0.0031                   
60           1272         1600        4.1         0.0026                   
61           1272         1100        4.1         0.002                   
62           1272         530        4         0.0014                   
63           1272         1100        3.9         0.002                   
64           1272         1500        4         0.0025                   
65           1272         2100        4         0.0035                   
66           1272         760        4.1         0.00073                   
67           1272         2200        4.2         0.0038                   
68           1272         2000        4.2         0.0033                   
69           1272         420        4.1         0.00089                   
70           1272         1500        4.1         0.0027                   
71           1272         1500        3.9         0.0028                   
72           1272         1800        4.2         0.0033                   
73           1272         140        4.2         0.0013                   
74           1272         520        4         0.0016                   
75           1272         1100        4.2         0.0019                   
76           1272         24        4.2         0.001                   
77           1272         1300        4.1         0.0021                   
78           1272         1300        4.2         0.0021                   
79           1272         950        3.9         0.0019                   
80           1272         820        4         0.0017                   
81           1272         2000        4.1         0.0036                   
82           1272         2200        4.2         0.0039                   
83           1272         1400        4.2         0.0026                   
84           1272         370        4         0.00096                   
85           1272         1600        4.3         0.0027                   
86           1272         410        4.1         0.0013                   
87           1272         61        4         0.0011                   
88           1272         350        4.2         0.00088                   
89           1272         2100        4         0.0035                   
90           1272         400        4.1         0.0013                   
91           1272         1800        4.2         0.0032                   
92           1272         1200        4.4         0.0024                   
93           1272         720        4.2         0.0018                   
94           1272         320        4.2         0.0013                   
95           1272         2000        4.3         0.0033                   
96           1272         1600        4.4         0.0026                   
97           1272         2100        4.1         0.0036                   
98           1272         1900        4.2         0.0034                   
99           1272         2100        4.2         0.0036                   
100           1272         350        4.4         0.0014                   
101           1272         170        4.2         0.0012                   
102           1272         2000        4         0.0033                   
103           1272         1400        4.2         0.0024                   
104           1272         2100        4.3         0.0034                   
105           1272         1400        4         0.0024                   
106           1272         900        4.1         0.0018                   
107           1272         1500        3.9         0.0026                   
108           1272         1900        4.2         0.0033                   
109           1272         1300        4.4         0.0023                   
110           1272         2200        4.3         0.00033                   
111           1272         1700        4         0.0027                   
112           1272         1800        4         0.0027                   
113           1272         2000        4.3         0.003                   
114           1272         940        4.1         0.0017                   
115           1272         1100        4.3         0.0021                   
116           1272         340        3.9         0.0014                   
117           1272         1100        4         0.00063                   
118           1272         1500        4.3         0.0027                   
119           1272         2200        4.4         0.0038                   
120           1272         1500        4         0.0026                   
121           1272         1200        4         0.0023                   
122           1272         1600        3.9         0.0027                   
123           1272         2000        4.3         0.0035                   
124           1272         2100        4.1         0.0036                   
125           1272         940        4.2         0.002                   
126           1272         1800        4.1         0.0031                   
127           1272         1600        4.2         0.00048                   
128           1272         1400        4.1         0.0023                   
129           1272         2000        4.3         0.0032                   
130           1272         2100        4         0.0035                   
131           1272         2100        4.1         0.00034                   
132           1272         1200        4.4         0.0021                   
133           1272         1200        4.1         0.00056                   
134           1272         1700        4.4         0.003                   
135           1272         1800        4.2         0.0031                   
136           1272         1700        4.1         0.0027                   
137           1272         1200        4.1         0.002                   
138           1272         2000        4.1         0.0033                   
139           1272         1200        4.2         0.00054                   
140           1272         480        4         0.0014                   
141           1272         1700        4         0.003                   
142           1272         1400        4.3         0.0025                   
143           1272         890        4.4         0.0019                   
144           1272         1000        4.2         0.0021                   
145           1272         2100        4         0.0037                   
146           1272         580        4.3         0.0015                   
147           1272         320        4.3         0.00094                   
148           1272         470        4         0.0015                   
149           1272         2000        4.3         0.0035                   
150           1272         1300        4.3         0.00056                   
151           1272         990        4.3         0.0019                   
152           1272         310        4.2         0.0013                   
153           1272         1700        4.1         0.0028                   
Collection of simulation particles under PRC completed in 37000 seconds...
Run finished...
...


Beginning PRC Run 2 out of a total of 2...
Number of initial simulations set to 100
Doing initial simulations...
Initial simulations took 3108.78 seconds
Finding distribution of distances...
Beginning partial rejection control algorithm...

STARTING DATA GENERATION STEP 1

Successes   Attempts   Distance   starting_1  intrinsic_1  
1           216         6400        4.7         0.034                   
2           216         8200        4.5         0.083                   
3           216         8700        3.9         0.1                   
4           216         2800        4.1         0.0049                   
5           216         5200        4.6         0.018                   
6           216         6600        4.5         0.038                   
7           216         7000        4.9         0.046                   
8           216         8300        4.5         0.086                   
9           216         8500        4.1         0.096                   
10           216         2800        4.2         0.0049                   
11           216         4300        4.5         0.011                   
12           216         7100        3.5         0.05                   
13           216         7000        3.5         0.045                   
14           216         7000        4.9         0.047                   
15           216         1700        3.8         0.0027                   
16           216         7100        3.9         0.049                   
17           216         7900        4.1         0.072                   
18           216         6600        3.9         0.04                   
19           216         5400        4.3         0.021                   
20           216         7500        3.5         0.064                   
21           216         8600        4.4         0.11                   
22           216         5600        4.4         0.023                   
23           216         6000        4         0.029                   
24           216         7000        4.2         0.049                   
25           216         4800        4.2         0.015                   
26           216         7700        4.1         0.073                   
27           216         7500        4.1         0.066                   
28           216         6200        4.3         0.032                   
29           216         3400        4         0.0068                   
30           216         6000        4.4         0.029                   
31           216         5700        4.2         0.024                   
32           216         8800        3.8         0.12                   
33           216         7300        4.1         0.06                   
34           216         230        4.1         0.0014                   
35           216         7300        3.8         0.066                   
36           216         8900        4.2         0.14                   
37           216         6600        4.3         0.045                   
38           216         7900        3.7         0.09                   
39           216         7000        3.6         0.057                   
40           216         8200        3.9         0.11                   
41           216         8500        4.2         0.12                   
42           216         5300        4.1         0.022                   
43           216         8600        4         0.13                   
44           216         5100        4.2         0.02                   
45           216         6400        4.1         0.04                   
46           216         8000        3.7         0.098                   
47           216         8100        4.3         0.1                   
48           216         4300        4         0.013                   
49           216         8000        3.9         0.098                   
50           216         2500        3.9         0.0048                   
51           216         7100        4.3         0.058                   
52           216         5400        4.6         0.021                   
53           216         5400        3.7         0.021                   
54           216         6200        4         0.031                   
55           216         7000        4.4         0.048                   
56           216         5400        4.4         0.02                   
57           216         7400        4         0.06                   
58           216         5200        4.6         0.019                   
59           216         3800        4         0.0087                   
60           216         7300        3.8         0.057                   
61           216         5600        4.6         0.024                   
62           216         5800        3.8         0.025                   
63           216         6300        3.4         0.033                   
64           216         7600        4.9         0.065                   
65           216         4200        3.7         0.011                   
66           216         8900        4.1         0.11                   
67           216         7300        4.6         0.057                   
68           216         6500        4.2         0.041                   
69           216         8900        4         0.13                   
70           216         6100        3.8         0.033                   
71           216         8100        4.2         0.091                   
72           216         3300        3.8         0.0073                   
73           216         6400        4.2         0.038                   
74           216         5800        4.3         0.027                   
75           216         7400        3.6         0.066                   
76           216         5400        4.7         0.023                   
77           216         7100        4.3         0.057                   
78           216         8300        3         0.1                   
79           216         6400        4         0.038                   
80           216         6500        4.8         0.04                   
81           216         7300        4.3         0.062                   
82           216         290        3.9         0.0014                   
83           216         7400        3.9         0.063                   
84           216         3600        4         0.008                   
85           216         6700        4.1         0.042                   
86           216         8700        4.4         0.12                   
87           216         6700        4.3         0.042                   
88           216         3400        4.5         0.0068                   
89           216         4700        3.6         0.014                   
90           216         4900        4.1         0.016                   
91           216         5400        4.8         0.021                   
92           216         6800        4.4         0.045                   
93           216         8600        3.4         0.11                   
94           216         5100        3.5         0.018                   
95           216         8900        3.8         0.12                   
96           216         7400        4.1         0.064                   
97           216         8100        3.9         0.091                   
98           216         7800        4         0.075                   
99           216         7500        4.4         0.065                   
100           216         7800        4.1         0.076                   
101           216         160        3.9         0.0012                   
102           216         5100        4.4         0.018                   
103           216         2600        3.9         0.0043                   
104           216         5300        4.4         0.02                   
105           216         5900        4.4         0.027                   
106           216         7500        4.9         0.064                   
107           216         8800        4.2         0.11                   
108           216         7800        4.1         0.074                   
109           216         7900        4.3         0.08                   
110           216         8200        4.1         0.092                   
111           216         8700        4.2         0.11                   
112           216         4700        4.3         0.014                   
113           216         5200        4.2         0.019                   
114           216         7300        4.3         0.059                   
115           216         130        4.8         0.0012                   
116           216         6900        4.6         0.048                   
117           216         6300        5.1         0.034                   
118           216         5900        4.4         0.029                   
119           216         7400        4.7         0.063                   
120           216         6800        4.2         0.047                   
121           216         8700        4         0.12                   
122           216         6400        4.2         0.037                   
123           216         7100        4.2         0.054                   
124           216         6900        4.8         0.047                   
125           216         4800        4.4         0.015                   
126           216         6600        4.2         0.04                   
127           216         7500        3.8         0.067                   
128           216         7800        4.1         0.078                   
129           216         5900        3.7         0.028                   
130           216         990        4.6         0.00066                   
131           216         8800        3.9         0.13                   
132           216         2600        3.9         0.00028                   
133           216         2600        4         0.0047                   
134           216         5500        4.8         0.023                   
135           216         5500        4.5         0.022                   
136           216         5100        4.2         0.018                   
137           216         7300        4.1         0.062                   
138           216         7500        4.3         0.066                   
139           216         7800        4.6         0.078                   
140           216         7100        4.2         0.054                   
141           216         6400        4.2         0.038                   
142           216         8200        4.1         0.098                   
143           216         7500        4.1         0.067                   
144           216         4900        3.8         0.016                   
145           216         6800        4.2         0.046                   
146           216         3800        4.1         0.0089                   
147           216         7100        3.6         0.052                   
148           216         7500        4.1         0.065                   
149           216         6900        4.7         0.048                   
150           216         8300        3.9         0.098                   
151           216         6700        3.7         0.044                   

STARTING DATA GENERATION STEP 2

Successes   Attempts   Distance   starting_1  intrinsic_1  
1           288         1100        4.6         0.0019                   
2           288         210        3.7         0.00095                   
3           288         5100        4.6         0.017                   
4           288         4100        4.1         0.0098                   
5           288         2000        5.2         0.0032                   
6           288         4000        4         0.0097                   
7           288         5900        3.9         0.026                   
8           288         4900        4.1         0.015                   
9           288         5700        4         0.023                   
10           288         5300        4.7         0.019                   
11           288         3700        4.2         0.008                   
12           288         5400        3.9         0.02                   
13           288         5800        3.6         0.029                   
14           288         6200        4.2         0.037                   
15           288         870        4.2         0.0019                   
16           288         6200        4.5         0.036                   
17           288         5600        4.3         0.027                   
18           288         5700        4.3         0.028                   
19           288         2600        4.2         0.005                   
20           288         4900        3.5         0.018                   
21           288         4600        4.9         0.014                   
22           288         3400        4.8         0.0072                   
23           288         6100        4.2         0.031                   
24           288         3900        4.4         0.009                   
25           288         3600        4.8         0.0078                   
26           288         4900        4.2         8.2e-05                   
27           288         5100        4.2         0.02                   
28           288         5000        4.2         0.018                   
29           288         5200        4         0.02                   
30           288         3700        4.3         0.009                   
31           288         4400        4.2         0.013                   
32           288         6100        4         0.033                   
33           288         6000        4.6         0.031                   
34           288         5500        4         0.022                   
35           288         5000        3.8         0.017                   
36           288         6200        3.7         0.032                   
37           288         5400        4.4         0.021                   
38           288         5900        4.3         0.027                   
39           288         6100        4.3         0.031                   
40           288         6000        4.3         0.029                   
41           288         4400        4         0.012                   
42           288         4300        4.6         0.012                   
43           288         4500        3.9         0.013                   
44           288         5900        4.1         0.027                   
45           288         4900        4.2         0.015                   
46           288         4500        4.2         0.013                   
47           288         3100        3.9         0.0058                   
48           288         4000        4.5         0.0093                   
49           288         4500        4.2         0.013                   
50           288         2000        4.3         0.00037                   
51           288         5700        4.6         0.024                   
52           288         4800        4.1         0.015                   
53           288         3400        3.8         0.0068                   
54           288         6100        4         0.029                   
55           288         5300        4.1         0.02                   
56           288         5300        4.4         0.02                   
57           288         3000        4.7         0.0058                   
58           288         6200        4.1         0.034                   
59           288         6000        4.2         0.03                   
60           288         4500        3.9         0.013                   
61           288         5300        4.5         0.021                   
62           288         5500        4.3         0.023                   
63           288         5000        4.4         0.017                   
64           288         5400        4.1         0.022                   
65           288         6200        3.9         0.034                   
66           288         6000        4.8         0.03                   
67           288         5900        4.5         0.029                   
68           288         5900        4.4         0.029                   
69           288         3800        4.8         0.009                   
70           288         6200        3.9         0.034                   
71           288         5800        4.1         0.026                   
72           288         4400        4.2         0.013                   
73           288         2400        4         0.0041                   
74           288         1900        4.1         0.0031                   
75           288         4800        3.8         0.015                   
76           288         5200        3.9         0.019                   
77           288         6000        3.4         0.027                   
78           288         4300        3.5         0.011                   
79           288         5700        4.5         0.023                   
80           288         6100        4.5         0.03                   
81           288         5900        4.4         0.027                   
82           288         2100        4.3         0.00034                   
83           288         6100        3.3         0.028                   
84           288         2500        4.4         0.0043                   
85           288         3500        4.1         0.0071                   
86           288         2400        4.2         0.004                   
87           288         4700        4.1         0.014                   
88           288         5800        4.8         0.026                   
89           288         4600        4.2         0.014                   
90           288         3900        4         0.0093                   
91           288         6100        4.2         0.031                   
92           288         2400        4.8         0.0041                   
93           288         5400        3.8         0.021                   
94           288         6100        4.5         0.035                   
95           288         3900        4         0.01                   
96           288         3200        4.6         0.0069                   
97           288         3700        4.2         0.0091                   
98           288         4300        4         0.013                   
99           288         5200        4         0.021                   
100           288         4400        3.9         0.014                   
101           288         5900        3.3         0.03                   
102           288         3700        4.5         0.0084                   

STARTING DATA GENERATION STEP 3

Successes   Attempts   Distance   starting_1  intrinsic_1  
1           360         2600        4.1         0.0043                   
2           360         2300        4.1         0.0037                   
3           360         4200        3.9         0.011                   
4           360         3700        4         0.0078                   
5           360         3900        4.5         0.0088                   
6           360         2700        4.2         0.0048                   
7           360         4200        4.3         0.01                   
8           360         1300        4.7         0.0022                   
9           360         390        4.3         0.0013                   
10           360         3800        3.8         0.0086                   
11           360         3600        4.1         0.0077                   
12           360         230        3.9         0.00095                   
13           360         2200        4         0.004                   
14           360         3800        4.4         0.0098                   
15           360         3200        4.2         0.0068                   
16           360         3800        4.3         0.0094                   
17           360         630        4.1         0.0017                   
18           360         4000        4.3         0.011                   
19           360         1400        4.1         0.0025                   
20           360         3100        4.1         0.0064                   
21           360         2300        3.9         0.0044                   
22           360         3300        4         0.0068                   
23           360         3600        4.4         0.0078                   
24           360         3900        4.6         0.0091                   
25           360         4000        3.7         0.0095                   
26           360         3000        4         0.0056                   
27           360         4300        4.4         0.011                   
28           360         4100        4.6         0.01                   
29           360         3400        4.3         0.0077                   
30           360         400        4         0.0015                   
31           360         3700        4.3         0.0087                   
32           360         2100        3.9         0.00038                   
33           360         4000        4         0.01                   
34           360         1600        4.2         0.0028                   
35           360         3400        4.6         0.0074                   
36           360         2100        4.2         0.0037                   
37           360         1700        4         0.003                   
38           360         3500        4.3         0.0074                   
39           360         3300        4.2         0.0065                   
40           360         870        4.3         0.0017                   
41           360         3700        4.1         0.0082                   
42           360         1300        4.2         0.0022                   
43           360         4100        3.8         0.0099                   
44           360         2100        4.2         0.0034                   
45           360         2400        4.1         0.0041                   
46           360         4300        4.6         0.011                   
47           360         3300        4.2         0.0066                   
48           360         3000        4.2         0.0055                   
49           360         2800        4.5         0.0048                   
50           360         1500        4.1         0.0026                   
51           360         4300        4.3         0.012                   
52           360         4200        4.2         0.011                   
53           360         41        4.7         0.0012                   
54           360         2400        4         0.0041                   
55           360         370        4.8         0.0014                   
56           360         4000        4.1         0.01                   
57           360         1300        4.1         0.0023                   
58           360         2900        4.2         0.0057                   
59           360         3600        4.2         0.0083                   
60           360         3700        4         0.0082                   
61           360         4200        4.2         0.011                   
62           360         3300        3.9         0.0068                   
63           360         3400        4.5         0.0073                   
64           360         1400        4         0.0024                   
65           360         2900        4.2         0.0051                   
66           360         4400        4.3         0.012                   
67           360         2900        3.9         0.0051                   
68           360         4100        4.8         0.0098                   
69           360         1600        4.1         0.0026                   
70           360         3700        4.2         0.008                   
71           360         3700        4         0.0082                   
72           360         2200        3.8         0.0035                   
73           360         3000        4.2         0.0054                   
74           360         4000        4         0.0096                   
75           360         4000        4.2         0.0096                   
76           360         700        3.9         0.00073                   
77           360         2500        4.1         0.0041                   
78           360         2900        4.1         0.0051                   
79           360         2900        4         0.0058                   
80           360         1300        4.6         0.0025                   
81           360         1900        4.3         0.0035                   
82           360         4100        4.2         0.011                   
83           360         2800        3.9         0.0057                   
84           360         150        4.1         0.0011                   
85           360         2800        4.9         0.00026                   
86           360         3400        4.2         0.0076                   
87           360         4400        4.1         0.013                   
88           360         1500        4.1         0.0028                   
89           360         3500        4.1         0.0082                   
90           360         2000        4.6         0.0033                   
91           360         2100        4         0.0035                   
92           360         3300        3.8         0.0065                   
93           360         3300        4.1         0.0065                   
94           360         3300        4.3         0.0066                   
95           360         1800        4.1         0.0032                   
96           360         4400        4.1         0.013                   
97           360         3800        4.1         0.0096                   
98           360         1000        4.1         0.00067                   
99           360         3400        3.8         0.0075                   
100           360         1100        4.1         0.0021                   
101           360         420        4.8         0.0015                   
102           360         2000        3.9         0.0036                   
103           360         4400        3.9         0.012                   
104           360         3500        4.3         0.0074                   
105           360         3300        4.2         0.0068                   
106           360         1400        4         0.0024                   
107           360         4100        4.2         0.01                   
108           360         4300        3.8         0.011                   
109           360         810        4.1         0.0017                   

STARTING DATA GENERATION STEP 4

Successes   Attempts   Distance   starting_1  intrinsic_1  
1           528         1200        4.1         0.0021                   
2           528         1900        4         0.003                   
3           528         2800        4.2         0.005                   
4           528         1700        3.9         0.00042                   
5           528         2000        4.3         0.0033                   
6           528         150        4.2         0.0012                   
7           528         2900        4.1         0.0054                   
8           528         1600        4         0.00045                   
9           528         2600        3.9         0.0044                   
10           528         2100        4         0.0038                   
11           528         2600        4.2         0.0049                   
12           528         220        4.1         0.0014                   
13           528         2300        4.1         0.0038                   
14           528         2700        4.2         0.0048                   
15           528         1600        4.3         0.0026                   
16           528         1400        4         0.0023                   
17           528         2300        4.1         0.0039                   
18           528         1900        4.2         0.003                   
19           528         2400        4.1         0.004                   
20           528         2300        4.2         0.0041                   
21           528         3000        4.3         0.006                   
22           528         770        4.2         0.0018                   
23           528         1400        4.4         0.0026                   
24           528         2200        4.3         0.0036                   
25           528         1400        4.2         0.0023                   
26           528         2700        4.6         0.0046                   
27           528         2300        4.1         0.0037                   
28           528         120        4.2         0.001                   
29           528         2700        4.1         0.0047                   
30           528         2500        4.1         0.0043                   
31           528         1500        4.3         0.0024                   
32           528         1800        4.3         0.00039                   
33           528         770        3.9         0.0016                   
34           528         1700        4.1         0.0027                   
35           528         810        4.1         0.0017                   
36           528         2700        4         0.0049                   
37           528         690        4.1         0.0016                   
38           528         2700        4.2         0.005                   
39           528         3000        4.5         0.0059                   
40           528         3100        4.2         0.0061                   
41           528         2900        3.9         0.0053                   
42           528         180        4.1         0.001                   
43           528         2400        4         3e-04                   
44           528         2900        4.1         0.0057                   
45           528         3000        4.1         0.0058                   
46           528         530        4.1         0.00085                   
47           528         1900        4.2         0.0033                   
48           528         770        4.1         0.0017                   
49           528         1200        3.9         0.0021                   
50           528         3100        4         0.0057                   
51           528         2500        4.2         0.0042                   
52           528         2800        4.2         0.0048                   
53           528         190        4.4         0.00097                   
54           528         920        4.2         0.00065                   
55           528         2200        4         0.0035                   
56           528         770        4.1         0.00071                   
57           528         730        4.6         0.0016                   
58           528         2400        4.2         0.004                   
59           528         2100        4.2         0.0039                   
60           528         460        3.7         0.0015                   
61           528         330        4         0.0014                   
62           528         3000        4.1         0.0055                   
63           528         280        4.2         0.00094                   
64           528         1500        4.2         0.0024                   
65           528         2100        4.3         0.0037                   
66           528         1800        4.2         0.0032                   
67           528         3000        4.2         0.0061                   
68           528         2900        3.9         0.0053                   
69           528         840        4.3         0.00068                   
70           528         1400        4.3         0.0023                   
71           528         2100        4         0.0034                   
72           528         130        4.1         0.001                   
73           528         2600        3.9         0.0048                   
74           528         2800        4.2         0.0053                   
75           528         2100        4.2         0.0036                   
76           528         310        3.9         0.0013                   
77           528         2500        4.3         0.0044                   
78           528         3000        4.2         0.0057                   
79           528         530        3.9         0.00085                   
80           528         2300        4.3         0.004                   
81           528         150        4.2         0.001                   
82           528         3000        4.1         0.0057                   
83           528         1500        4.1         0.0026                   
84           528         2700        4         0.0048                   
85           528         1800        4.1         0.003                   
86           528         2900        4.1         0.0054                   
87           528         320        4.1         0.0014                   
88           528         410        4         0.00097                   
89           528         2700        4.3         0.0046                   
90           528         1100        4.4         0.0019                   
91           528         1500        4         0.0025                   
92           528         500        4         0.00081                   
93           528         2700        4.1         0.0047                   
94           528         3000        4         0.0055                   
95           528         970        4.1         0.0018                   
96           528         3100        4.2         0.0057                   
97           528         3000        4.1         0.0055                   
98           528         1500        3.7         0.0028                   
99           528         2300        4.1         0.0043                   
100           528         150        4.7         0.001                   

STARTING DATA GENERATION STEP 5

Successes   Attempts   Distance   starting_1  intrinsic_1  
1           960         1600        4         0.0028                   
2           960         2000        4.2         0.0035                   
3           960         26        4.2         0.0011                   
4           960         2100        3.9         0.0034                   
5           960         2100        4.3         0.0035                   
6           960         380        4         0.00092                   
7           960         1400        4.2         0.0025                   
8           960         720        4.2         0.00075                   
9           960         1800        4         0.0031                   
10           960         1500        4         0.0026                   
11           960         1300        4         0.0025                   
12           960         1200        3.9         0.0024                   
13           960         2000        4         0.0036                   
14           960         360        4.3         0.0014                   
15           960         2000        4.2         0.0033                   
16           960         1700        4.1         0.00044                   
17           960         1500        4.1         0.0025                   
18           960         260        4.2         0.0013                   
19           960         1500        4.2         0.0025                   
20           960         1900        4.1         0.0031                   
21           960         830        4.1         0.0017                   
22           960         1400        3.9         0.0024                   
23           960         1600        4.1         0.0027                   
24           960         300        4.1         0.0014                   
25           960         1600        4.3         0.0028                   
26           960         1500        4.1         0.0026                   
27           960         1600        4.1         0.0028                   
28           960         48        4.1         0.0011                   
29           960         790        4         0.0017                   
30           960         1300        4.3         0.00054                   
31           960         2000        4         0.0032                   
32           960         1900        4.1         0.003                   
33           960         840        4.3         0.0017                   
34           960         1900        4.2         0.0031                   
35           960         1200        4.2         0.002                   
36           960         2200        4.2         0.0037                   
37           960         2000        4.1         0.0034                   
38           960         250        4.2         0.00099                   
39           960         200        4         0.001                   
40           960         350        4.2         0.00092                   
41           960         2100        4.2         0.0039                   
42           960         200        4.1         0.001                   
43           960         1900        4.2         0.00039                   
44           960         1000        4.1         0.0019                   
45           960         2000        4.1         0.00036                   
46           960         1900        4.3         0.0033                   
47           960         2100        4.4         0.0035                   
48           960         2100        4         0.0037                   
49           960         1200        4         0.00061                   
50           960         1900        3.9         0.0035                   
51           960         1800        4         0.0033                   
52           960         340        4.2         0.0015                   
53           960         1700        4.2         0.0031                   
54           960         1900        4         0.00044                   
55           960         1700        4.2         0.0027                   
56           960         1900        4.2         0.0031                   
57           960         2000        4         0.00038                   
58           960         1200        4.1         0.0021                   
59           960         510        4.1         0.0014                   
60           960         1300        4.1         0.00055                   
61           960         1900        4.2         0.0031                   
62           960         1800        3.9         0.0031                   
63           960         1700        4.2         0.0028                   
64           960         720        4         0.00075                   
65           960         1900        4.2         0.0031                   
66           960         28        4.2         0.0012                   
67           960         2100        4.3         0.0038                   
68           960         1800        4.2         0.0032                   
69           960         540        4.1         0.00087                   
70           960         1600        4.1         0.0028                   
71           960         2100        4.1         0.0038                   
72           960         910        4.1         0.0017                   
73           960         2100        4.3         0.0033                   
74           960         1600        4         0.0024                   
75           960         1200        4.1         0.00053                   
76           960         1300        4         0.0021                   
77           960         1600        4.4         0.0025                   
78           960         1400        4         0.0024                   
79           960         1500        4.1         0.0027                   
80           960         1400        4         0.0024                   
81           960         690        4.2         0.0016                   
82           960         810        4.2         0.0017                   
83           960         1500        4.1         0.0024                   
84           960         1800        4.1         0.00041                   
85           960         1900        4.1         0.0034                   
86           960         89        4.2         0.0011                   
87           960         1900        4.4         0.00042                   
88           960         1200        4.3         0.0023                   
89           960         1400        4.4         0.0025                   
90           960         260        4.3         0.001                   
91           960         2100        4.1         0.0036                   
92           960         300        4.1         0.00098                   
93           960         970        4.1         0.002                   
94           960         2100        4.2         0.0036                   
95           960         1600        4.2         0.0027                   
96           960         430        3.9         0.0014                   
97           960         520        4.2         0.0015                   
98           960         1400        4.2         0.0024                   
99           960         1000        4.3         0.00063                   
100           960         860        4         0.0018                   
101           960         2100        4.2         0.0034                   
102           960         1400        4.1         0.0025                   
103           960         1800        4         0.00043                   
104           960         1200        4         0.0022                   
105           960         1400        4.3         0.00052                   
106           960         1600        4.1         0.0025                   
Collection of simulation particles under PRC completed in 28000 seconds...
Run finished...
...


Function completed in 160000 seconds.
There were 21 warnings (use warnings() to see them)
