TreEvo Version Used: 0.21.0
ape Version Used: 5.3
###############################
Now doing doRun analyses...
####################
Analyzing tree 1...
####################
Analyzing Aq_Emp_BrownMotion_tree_1_trait_1_08-09-19...
The effective timeStep for this tree will be 0.0065,
     as a proportion of tree height (root to furthest tip)...
Rescaling edge lengths relative to maximum tip-to-root distance...
The smallest edge length on the input tree is 0.0043
   (This is 13000 in the same TreeYears units
      as used for the input generation.time ( = 20000))
Given generation time, a total of 2520 generations are
     expected to occur over this tree
Beginning PRC Run 1 out of a total of 2...
Number of initial simulations set to 100
Doing initial simulations...
Initial simulations took 3.661 seconds
Finding distribution of distances...
Beginning partial rejection control algorithm...

STARTING DATA GENERATION STEP 1

Successes   Attempts   Distance   starting_1  intrinsic_1  
1           216         240        4.1         0.011                   
2           216         140        2.8         0.018                   
3           216         110        3.3         0.061                   
4           216         230        3.8         0.11                   
5           216         150        3.4         0.071                   
6           216         140        1.6         0.018                   
7           216         80        3.7         0.052                   
8           216         26        3         0.037                   
9           216         82        2.3         0.048                   
10           216         110        3.9         0.02                   
11           216         110        2.9         0.06                   
12           216         150        1.3         0.065                   
13           216         84        3.8         0.023                   
14           216         190        3.2         0.014                   
15           216         170        0.84         0.016                   
16           216         110        3.6         0.06                   
17           216         210        3.7         0.094                   
18           216         140        2.9         0.07                   
19           216         56        3.7         0.047                   
20           216         160        2.3         0.076                   
21           216         140        3.9         0.019                   
22           216         69        2.3         0.026                   
23           216         150        4.2         0.072                   
24           216         53        3.5         0.047                   
25           216         140        4         0.069                   
26           216         220        3.3         0.1                   
27           216         110        1.7         0.023                   
28           216         180        3.6         0.088                   
29           216         240        3         0.11                   
30           216         240        2.2         0.011                   
31           216         250        3.5         0.12                   
32           216         140        3         0.018                   
33           216         250        4.3         0.12                   
34           216         200        3.3         0.095                   
35           216         93        3         0.023                   
36           216         180        2.1         0.081                   
37           216         250        2.3         0.12                   
38           216         160        4         0.09                   
39           216         250        3.3         0.15                   
40           216         170        3.2         0.096                   
41           216         230        2.3         0.13                   
42           216         38        2.4         0.036                   
43           216         43        3.5         0.051                   
44           216         150        2.2         0.09                   
45           216         200        3.8         0.016                   
46           216         120        4.5         0.071                   
47           216         56        4.2         0.051                   
48           216         130        3.6         0.08                   
49           216         120        3.5         0.076                   
50           216         110        3         0.075                   
51           216         240        2.6         0.013                   
52           216         110        3.2         0.025                   
53           216         140        1.7         0.022                   
54           216         230        3.7         0.2                   
55           216         110        2.9         0.039                   
56           216         140        2.5         0.12                   
57           216         160        2.8         0.14                   
58           216         94        2         0.088                   
59           216         71        3.9         0.047                   
60           216         160        2.4         0.13                   
61           216         200        4.3         0.17                   
62           216         47        3         0.073                   
63           216         260        3.3         0.22                   
64           216         70        2.8         0.084                   
65           216         84        2.5         0.088                   
66           216         140        3.4         0.12                   
67           216         63        2.8         0.053                   
68           216         120        3.9         0.037                   
69           216         180        3.1         0.095                   
70           216         110        4.1         0.024                   
71           216         250        3.7         0.13                   
72           216         160        3         0.018                   
73           216         240        4.1         0.012                   
74           216         190        3         0.1                   
75           216         170        4.9         0.084                   
76           216         84        5         0.05                   
77           216         210        3         0.11                   
78           216         210        2.6         0.014                   
79           216         170        3.7         0.091                   
80           216         170        3.3         0.091                   
81           216         220        3.7         0.013                   
82           216         24        3.2         0.043                   
83           216         64        3.7         0.052                   
84           216         170        4.1         0.089                   
85           216         49        2.7         0.027                   
86           216         47        2.8         0.04                   
87           216         180        3.8         0.073                   
88           216         210        2.7         0.082                   
89           216         35        2.6         0.038                   
90           216         94        3.4         0.051                   
91           216         130        3.3         0.018                   
92           216         24        3         0.036                   
93           216         87        3.5         0.049                   
94           216         32        3.3         0.038                   
95           216         120        3.3         0.018                   
96           216         160        2.8         0.067                   
97           216         150        3.3         0.066                   
98           216         16        4         0.038                   
99           216         260        2.2         0.13                   
100           216         51        1.6         0.036                   
101           216         160        3.7         0.084                   
102           216         20        3.4         0.034                   
103           216         220        3.6         0.11                   
104           216         240        3.8         0.011                   
105           216         66        3         0.051                   
106           216         50        3.9         0.029                   
107           216         240        5         0.012                   
108           216         88        4.1         0.024                   
109           216         130        3.9         0.071                   
110           216         80        3.7         0.055                   
111           216         190        4.2         0.1                   
112           216         27        4.5         0.044                   
113           216         92        3.7         0.063                   
114           216         250        3.6         0.13                   
115           216         220        2.9         0.013                   
116           216         150        3.3         0.082                   
117           216         240        2.9         0.12                   
118           216         120        2.6         0.072                   
119           216         19        3         0.04                   
120           216         200        2.3         0.1                   
121           216         240        3.8         0.13                   
122           216         41        2.8         0.047                   
123           216         170        3.1         0.09                   
124           216         100        2.4         0.023                   
125           216         3        3         0.038                   
126           216         170        2.8         0.017                   

STARTING DATA GENERATION STEP 2

Successes   Attempts   Distance   starting_1  intrinsic_1  
1           216         120        3.4         0.063                   
2           216         49        3.9         0.027                   
3           216         72        2.8         0.048                   
4           216         45        3.7         0.043                   
5           216         120        3.6         0.063                   
6           216         160        4.6         0.076                   
7           216         110        2.8         0.059                   
8           216         120        3.4         0.02                   
9           216         110        3.3         0.06                   
10           216         48        3.2         0.028                   
11           216         73        1.8         0.027                   
12           216         83        3.3         0.054                   
13           216         28        3.8         0.04                   
14           216         88        4.7         0.052                   
15           216         160        4.4         0.074                   
16           216         160        4.5         0.075                   
17           216         110        3.9         0.059                   
18           216         64        3.7         0.027                   
19           216         48        2.9         0.046                   
20           216         44        3.8         0.044                   
21           216         56        3.6         0.047                   
22           216         140        4         0.069                   
23           216         65        3.1         0.05                   
24           216         180        3.3         0.084                   
25           216         180        4.1         0.082                   
26           216         94        5.1         0.052                   
27           216         100        2.5         0.06                   
28           216         11        3.2         0.035                   
29           216         68        3.9         0.026                   
30           216         44        2.4         0.03                   
31           216         120        3.5         0.064                   
32           216         120        3.2         0.065                   
33           216         150        3.4         0.074                   
34           216         130        1.6         0.061                   
35           216         110        3.8         0.021                   
36           216         46        3         0.029                   
37           216         26        3.8         0.032                   
38           216         16        3.9         0.039                   
39           216         120        3.3         0.064                   
40           216         73        3.6         0.051                   
41           216         52        2.3         0.04                   
42           216         110        2.8         0.06                   
43           216         100        2.9         0.022                   
44           216         170        3.2         0.1                   
45           216         100        2.6         0.07                   
46           216         36        4         0.04                   
47           216         46        3.7         0.051                   
48           216         120        3.8         0.076                   
49           216         85        2.7         0.065                   
50           216         170        0.82         0.019                   
51           216         100        3.6         0.069                   
52           216         180        0.82         0.018                   
53           216         71        2         0.06                   
54           216         150        3.2         0.088                   
55           216         100        3         0.071                   
56           216         140        3.3         0.083                   
57           216         160        2.9         0.095                   
58           216         54        3.1         0.079                   
59           216         54        3.6         0.083                   
60           216         130        3         0.12                   
61           216         21        3.7         0.068                   
62           216         55        3.4         0.082                   
63           216         150        3.3         0.13                   
64           216         41        3.6         0.078                   
65           216         69        3.1         0.086                   
66           216         57        4.2         0.088                   
67           216         79        2.6         0.086                   
68           216         47        3.2         0.056                   
69           216         39        3.9         0.055                   
70           216         82        4.1         0.045                   
71           216         170        3.9         0.028                   
72           216         90        3.8         0.1                   
73           216         74        2.3         0.08                   
74           216         150        2.2         0.12                   
75           216         130        3.2         0.035                   
76           216         150        3.6         0.13                   
77           216         170        3.4         0.093                   
78           216         100        3.5         0.064                   
79           216         120        2.9         0.074                   
80           216         170        3.3         0.091                   
81           216         53        3.8         0.048                   
82           216         110        4.1         0.066                   
83           216         130        3.1         0.021                   
84           216         170        3.1         0.09                   
85           216         110        4.8         0.025                   
86           216         30        3.7         0.039                   
87           216         110        4         0.066                   
88           216         160        2.9         0.089                   
89           216         42        2.5         0.049                   
90           216         51        4.3         0.036                   
91           216         110        2.4         0.07                   
92           216         33        2.7         0.047                   
93           216         180        3.2         0.095                   
94           216         49        3.1         0.041                   
95           216         48        3.2         0.041                   
96           216         180        3.4         0.072                   
97           216         61        4         0.043                   
98           216         160        3.4         0.066                   
99           216         99        3         0.052                   
100           216         56        3.9         0.042                   
101           216         140        2.7         0.017                   
102           216         110        3.6         0.055                   
103           216         22        4         0.034                   
104           216         180        3.6         0.073                   
105           216         84        4.1         0.022                   
106           216         140        2.9         0.018                   
107           216         170        2.9         0.085                   
108           216         150        3.9         0.08                   
109           216         170        3.7         0.086                   
110           216         88        2.8         0.057                   
111           216         20        3.9         0.034                   
112           216         48        3         0.029                   
113           216         140        3.8         0.018                   
114           216         36        2.2         0.038                   
115           216         120        3.6         0.069                   
116           216         180        3.9         0.092                   
117           216         120        3.9         0.066                   
118           216         130        3.6         0.072                   
119           216         140        3.8         0.075                   
120           216         100        3.6         0.062                   
121           216         82        3         0.059                   
122           216         39        4         0.033                   
123           216         120        2.4         0.07                   
124           216         37        5         0.043                   
125           216         21        4.2         0.044                   
126           216         56        1.7         0.04                   
127           216         160        2.1         0.085                   
128           216         81        3         0.059                   
129           216         150        3.1         0.084                   
130           216         76        3.7         0.027                   
131           216         140        3         0.08                   
132           216         93        4         0.064                   
133           216         170        3.4         0.091                   
134           216         180        3.4         0.096                   
135           216         160        2.2         0.083                   
136           216         180        3.5         0.095                   
137           216         88        3.5         0.062                   
138           216         27        3         0.044                   
139           216         72        3         0.028                   
140           216         160        3.7         0.083                   
141           216         150        2.6         0.082                   
142           216         51        4.3         0.032                   
143           216         60        3.6         0.028                   

STARTING DATA GENERATION STEP 3

Successes   Attempts   Distance   starting_1  intrinsic_1  
1           216         92        3.9         0.055                   
2           216         66        3.7         0.048                   
3           216         77        2.7         0.049                   
4           216         58        3.6         0.026                   
5           216         25        3         0.034                   
6           216         63        3.6         0.047                   
7           216         55        3.2         0.045                   
8           216         59        4.2         0.047                   
9           216         110        3.5         0.059                   
10           216         45        3         0.029                   
11           216         100        3         0.059                   
12           216         100        3.9         0.059                   
13           216         52        2.8         0.047                   
14           216         40        4         0.042                   
15           216         29        3.5         0.041                   
16           216         43        4         0.031                   
17           216         62        3.7         0.048                   
18           216         110        2.6         0.063                   
19           216         96        3.7         0.023                   
20           216         56        3.1         0.028                   
21           216         130        2.7         0.064                   
22           216         110        3.9         0.061                   
23           216         110        3.7         0.021                   
24           216         59        3.7         0.048                   
25           216         110        4.2         0.063                   
26           216         64        4.3         0.05                   
27           216         15        3.4         0.035                   
28           216         41        3.8         0.029                   
29           216         86        3.3         0.054                   
30           216         63        2.9         0.047                   
31           216         110        3.2         0.06                   
32           216         100        4.1         0.06                   
33           216         120        3         0.062                   
34           216         21        3.4         0.045                   
35           216         49        4.2         0.048                   
36           216         65        3         0.031                   
37           216         130        3.4         0.079                   
38           216         22        3.5         0.041                   
39           216         10        3.1         0.043                   
40           216         25        3         0.048                   
41           216         42        3         0.052                   
42           216         46        3.9         0.036                   
43           216         50        3.8         0.052                   
44           216         44        3.1         0.052                   
45           216         65        2.8         0.059                   
46           216         21        3.8         0.068                   
47           216         120        2.1         0.11                   
48           216         80        2.7         0.047                   
49           216         54        3.2         0.053                   
50           216         70        4         0.047                   
51           216         44        3.4         0.056                   
52           216         84        2.9         0.091                   
53           216         44        2.9         0.066                   
54           216         75        2.8         0.087                   
55           216         77        3.2         0.091                   
56           216         66        4.3         0.093                   
57           216         30        3.5         0.061                   
58           216         47        3.1         0.057                   
59           216         35        3.3         0.061                   
60           216         73        3.4         0.047                   
61           216         44        2.9         0.061                   
62           216         29        3.5         0.07                   
63           216         110        3.4         0.024                   
64           216         110        2.8         0.023                   
65           216         24        3.1         0.036                   
66           216         10        2.3         0.042                   
67           216         71        3.2         0.056                   
68           216         110        4.2         0.065                   
69           216         110        3.5         0.065                   
70           216         40        3.3         0.047                   
71           216         97        3.9         0.061                   
72           216         80        4.3         0.029                   
73           216         78        2.7         0.059                   
74           216         120        3.9         0.068                   
75           216         100        3.8         0.064                   
76           216         77        3.4         0.057                   
77           216         120        2.8         0.056                   
78           216         52        4         0.026                   
79           216         26        3.1         0.03                   
80           216         94        2.6         0.05                   
81           216         120        3.7         0.056                   
82           216         120        3.8         0.057                   
83           216         48        3.4         0.041                   
84           216         20        3         0.035                   
85           216         35        3.4         0.039                   
86           216         86        4.1         0.022                   
87           216         120        3.2         0.057                   
88           216         74        2.6         0.046                   
89           216         81        3.4         0.048                   
90           216         19        2.9         0.035                   
91           216         86        4.1         0.057                   
92           216         44        3.2         0.046                   
93           216         77        2.5         0.053                   
94           216         75        2.5         0.052                   
95           216         120        3.7         0.069                   
96           216         21        3.1         0.034                   
97           216         29        3.6         0.043                   
98           216         67        3.1         0.027                   
99           216         36        3.6         0.044                   
100           216         16        3.2         0.04                   
101           216         60        3.5         0.054                   
102           216         85        3         0.026                   
103           216         26        3.2         0.036                   
104           216         79        2.8         0.058                   
105           216         24        4.5         0.043                   
106           216         38        2.7         0.045                   
107           216         76        4         0.058                   
108           216         47        3.2         0.05                   
109           216         41        3.9         0.033                   
110           216         110        3.3         0.069                   
111           216         46        3.5         0.05                   
112           216         90        3.2         0.062                   
113           216         120        3.6         0.073                   
114           216         120        3         0.072                   
115           216         120        3.6         0.069                   
116           216         57        3.8         0.029                   
117           216         120        3.3         0.07                   
118           216         79        3.7         0.055                   
119           216         120        3.9         0.069                   

STARTING DATA GENERATION STEP 4

Successes   Attempts   Distance   starting_1  intrinsic_1  
1           216         79        3.6         0.052                   
2           216         75        2.5         0.048                   
3           216         58        3.3         0.046                   
4           216         17        3.3         0.035                   
5           216         86        4.3         0.054                   
6           216         37        3.1         0.04                   
7           216         33        3.4         0.04                   
8           216         69        3.6         0.025                   
9           216         41        3.1         0.041                   
10           216         16        3.6         0.037                   
11           216         31        3.2         0.031                   
12           216         81        3.3         0.054                   
13           216         39        2.8         0.044                   
14           216         70        3.5         0.026                   
15           216         73        3.5         0.051                   
16           216         30        3.7         0.041                   
17           216         81        4         0.053                   
18           216         61        3.2         0.027                   
19           216         60        3.8         0.028                   
20           216         86        3.4         0.055                   
21           216         76        4         0.052                   
22           216         50        3.7         0.028                   
23           216         47        2.6         0.041                   
24           216         82        3.1         0.024                   
25           216         48        2.8         0.042                   
26           216         77        3.1         0.025                   
27           216         62        2.8         0.046                   
28           216         43        3.3         0.052                   
29           216         45        4.2         0.047                   
30           216         63        3.5         0.031                   
31           216         63        3.8         0.056                   
32           216         47        4         0.049                   
33           216         40        3.1         0.035                   
34           216         85        3.9         0.028                   
35           216         21        2.9         0.047                   
36           216         52        3.5         0.053                   
37           216         74        3.7         0.059                   
38           216         50        3.8         0.051                   
39           216         74        3.4         0.03                   
40           216         33        3.6         0.048                   
41           216         22        3.5         0.041                   
42           216         67        2.7         0.059                   
43           216         33        3.8         0.039                   
44           216         61        4.1         0.05                   
45           216         28        3.5         0.067                   
46           216         76        3.7         0.046                   
47           216         38        3.2         0.061                   
48           216         24        3.7         0.064                   
49           216         69        3.9         0.048                   
50           216         28        3.5         0.063                   
51           216         29        4         0.075                   
52           216         67        3         0.05                   
53           216         51        4.4         0.052                   
54           216         38        3.5         0.075                   
55           216         83        3.1         0.045                   
56           216         27        3.7         0.072                   
57           216         75        3.2         0.047                   
58           216         36        3.2         0.066                   
59           216         16        2.9         0.043                   
60           216         78        3.6         0.057                   
61           216         22        2.6         0.036                   
62           216         88        3.9         0.026                   
63           216         25        3.1         0.044                   
64           216         70        3.3         0.055                   
65           216         74        3.8         0.055                   
66           216         77        3.2         0.058                   
67           216         72        3.6         0.055                   
68           216         38        3.3         0.047                   
69           216         63        3.1         0.029                   
70           216         88        2.7         0.022                   
71           216         72        3.5         0.046                   
72           216         45        3.1         0.04                   
73           216         11        3.4         0.033                   
74           216         22        3.7         0.036                   
75           216         30        3.9         0.037                   
76           216         36        3.6         0.028                   
77           216         81        3         0.048                   
78           216         72        2.9         0.046                   
79           216         61        3         0.028                   
80           216         41        3.5         0.046                   
81           216         73        4.2         0.026                   
82           216         86        3.6         0.057                   
83           216         66        3.4         0.052                   
84           216         49        3.9         0.029                   
85           216         17        2.9         0.037                   
86           216         80        3.5         0.055                   
87           216         41        3.1         0.045                   
88           216         66        3.1         0.051                   
89           216         32        4         0.043                   
90           216         40        3.8         0.03                   
91           216         11        3.5         0.039                   
92           216         58        3.7         0.028                   
93           216         34        2.7         0.044                   
94           216         25        3.1         0.036                   
95           216         51        3.1         0.051                   
96           216         26        2.8         0.04                   
97           216         19        3.5         0.037                   
98           216         71        3.3         0.028                   
99           216         19        4.2         0.043                   
100           216         55        2.7         0.031                   
101           216         42        3.1         0.033                   
102           216         21        3.8         0.044                   
103           216         53        3         0.051                   
104           216         51        3.7         0.03                   
105           216         85        2.9         0.025                   
106           216         7.3        2.9         0.039                   
107           216         43        3.6         0.031                   
108           216         48        3.2         0.048                   
109           216         58        3         0.051                   

STARTING DATA GENERATION STEP 5

Successes   Attempts   Distance   starting_1  intrinsic_1  
1           264         58        3.6         0.026                   
2           264         40        3.3         0.042                   
3           264         52        3.8         0.045                   
4           264         42        3.6         0.043                   
5           264         58        3         0.045                   
6           264         32        3.4         0.03                   
7           264         24        3.8         0.039                   
8           264         53        3.7         0.028                   
9           264         26        3.2         0.041                   
10           264         14        3.5         0.036                   
11           264         43        3.1         0.045                   
12           264         18        3.7         0.035                   
13           264         53        3.8         0.046                   
14           264         51        3.1         0.028                   
15           264         60        3.1         0.049                   
16           264         31        3.8         0.041                   
17           264         48        3.5         0.045                   
18           264         53        3.5         0.028                   
19           264         59        3.8         0.048                   
20           264         26        3.7         0.032                   
21           264         59        3.4         0.047                   
22           264         45        3         0.042                   
23           264         32        3.2         0.04                   
24           264         53        3.4         0.046                   
25           264         41        3.2         0.042                   
26           264         30        3.3         0.032                   
27           264         29        3.4         0.04                   
28           264         23        3.2         0.047                   
29           264         21        3.4         0.04                   
30           264         20        3.5         0.042                   
31           264         9.7        3.1         0.043                   
32           264         26        2.8         0.048                   
33           264         31        3.5         0.047                   
34           264         36        2.8         0.051                   
35           264         36        3.6         0.048                   
36           264         37        3.6         0.049                   
37           264         33        3.3         0.037                   
38           264         39        3.6         0.049                   
39           264         51        3.9         0.084                   
40           264         46        4.3         0.053                   
41           264         16        4         0.069                   
42           264         33        3.8         0.058                   
43           264         50        3.1         0.055                   
44           264         39        3.1         0.064                   
45           264         36        3.2         0.068                   
46           264         54        2.9         0.076                   
47           264         27        3.3         0.043                   
48           264         59        2.9         0.03                   
49           264         22        3.1         0.043                   
50           264         49        4.2         0.044                   
51           264         37        3.5         0.045                   
52           264         37        3.1         0.034                   
53           264         26        3.5         0.041                   
54           264         21        3.1         0.043                   
55           264         17        3.2         0.035                   
56           264         55        3.3         0.025                   
57           264         57        3.6         0.043                   
58           264         52        3.2         0.026                   
59           264         25        3.3         0.037                   
60           264         32        3.1         0.038                   
61           264         44        3         0.04                   
62           264         17        3.1         0.035                   
63           264         51        3.2         0.042                   
64           264         33        3.2         0.038                   
65           264         52        3.8         0.029                   
66           264         59        2.7         0.049                   
67           264         13        3.5         0.04                   
68           264         52        4.1         0.029                   
69           264         45        3.9         0.03                   
70           264         13        3.3         0.035                   
71           264         8.9        3.8         0.036                   
72           264         15        3.5         0.035                   
73           264         22        3.2         0.041                   
74           264         33        3.7         0.032                   
75           264         8.9        3.4         0.04                   
76           264         7.3        3.5         0.039                   
77           264         54        3.6         0.052                   
78           264         45        2.9         0.033                   
79           264         25        3.6         0.035                   
80           264         26        3.3         0.045                   
81           264         13        3.6         0.042                   
82           264         56        3.8         0.03                   
83           264         23        2.9         0.041                   
84           264         61        3.9         0.054                   
85           264         60        3.2         0.028                   
86           264         35        3.2         0.045                   
87           264         20        3.6         0.036                   
88           264         48        3.9         0.044                   
89           264         62        3.3         0.047                   
90           264         24        3.1         0.036                   
91           264         54        3         0.044                   
92           264         54        3.2         0.045                   
93           264         36        3.8         0.042                   
94           264         49        2.9         0.042                   
95           264         14        3.5         0.033                   
96           264         12        2.8         0.038                   
97           264         49        3         0.046                   
98           264         31        4         0.04                   
99           264         49        3.3         0.046                   
100           264         46        3.4         0.045                   
101           264         38        2.6         0.034                   
102           264         36        3.6         0.042                   
Collection of simulation particles under PRC completed in 8.5 seconds...
Run finished...
...


Beginning PRC Run 2 out of a total of 2...
Number of initial simulations set to 100
Doing initial simulations...
Initial simulations took 3.293 seconds
Finding distribution of distances...
Beginning partial rejection control algorithm...

STARTING DATA GENERATION STEP 1

Successes   Attempts   Distance   starting_1  intrinsic_1  
1           216         120        4.1         0.017                   
2           216         51        3.4         0.047                   
3           216         34        4         0.043                   
4           216         150        3.5         0.013                   
5           216         190        3.6         0.01                   
6           216         80        3.2         0.021                   
7           216         43        4.2         0.046                   
8           216         44        3.5         0.026                   
9           216         52        2.8         0.028                   
10           216         190        2.1         0.088                   
11           216         160        3.9         0.096                   
12           216         83        2.5         0.022                   
13           216         14        4.1         0.037                   
14           216         26        3.3         0.038                   
15           216         60        2.7         0.053                   
16           216         120        4.4         0.069                   
17           216         100        4.7         0.024                   
18           216         180        3.1         0.11                   
19           216         190        3.5         0.011                   
20           216         83        3.1         0.062                   
21           216         73        2.7         0.058                   
22           216         72        4.6         0.036                   
23           216         44        3.1         0.048                   
24           216         160        4         0.014                   
25           216         99        3.5         0.02                   
26           216         65        4.4         0.04                   
27           216         160        2.7         0.096                   
28           216         94        4.4         0.057                   
29           216         94        3.3         0.059                   
30           216         20        4.3         0.034                   
31           216         130        4.8         0.083                   
32           216         120        2.6         0.059                   
33           216         100        4.1         0.068                   
34           216         36        3.2         0.031                   
35           216         68        3.4         0.051                   
36           216         29        3.3         0.037                   
37           216         70        2.6         0.067                   
38           216         140        4         0.019                   
39           216         160        3         0.016                   
40           216         57        3.3         0.031                   
41           216         32        2.8         0.052                   
42           216         190        3.2         0.14                   
43           216         180        3.6         0.014                   
44           216         67        3.8         0.031                   
45           216         71        2.6         0.067                   
46           216         110        3.9         0.073                   
47           216         140        3.6         0.018                   
48           216         200        3.5         0.14                   
49           216         49        3.6         0.05                   
50           216         200        2.4         0.15                   
51           216         200        3.7         0.018                   
52           216         86        3.3         0.092                   
53           216         180        3.6         0.16                   
54           216         88        3.1         0.039                   
55           216         21        3.9         0.062                   
56           216         140        3.5         0.13                   
57           216         140        3         0.11                   
58           216         180        3.1         0.15                   
59           216         190        3.3         0.16                   
60           216         150        3.9         0.15                   
61           216         170        3.1         0.14                   
62           216         67        2.8         0.056                   
63           216         120        4.8         0.033                   
64           216         93        3.2         0.094                   
65           216         78        3.9         0.051                   
66           216         200        4         0.12                   
67           216         56        3.7         0.043                   
68           216         69        3.4         0.027                   
69           216         92        3.3         0.065                   
70           216         170        3.2         0.013                   
71           216         190        2         0.012                   
72           216         110        3.6         0.07                   
73           216         180        2.9         0.12                   
74           216         85        4.3         0.032                   
75           216         130        3.3         0.083                   
76           216         150        4.3         0.082                   
77           216         120        4.1         0.066                   
78           216         160        3.9         0.091                   
79           216         66        2.6         0.047                   
80           216         81        4.2         0.052                   
81           216         110        2.5         0.063                   
82           216         85        2.5         0.02                   
83           216         190        3.8         0.096                   
84           216         190        3.4         0.096                   
85           216         110        4.2         0.064                   
86           216         95        3.5         0.059                   
87           216         160        4.3         0.082                   
88           216         62        2.3         0.043                   
89           216         26        3.2         0.039                   
90           216         210        3         0.0089                   
91           216         47        3.9         0.028                   
92           216         57        4.2         0.042                   
93           216         110        1.9         0.059                   
94           216         100        2.5         0.065                   
95           216         46        2.5         0.041                   
96           216         76        4.1         0.06                   
97           216         27        3.4         0.044                   
98           216         56        3.5         0.053                   
99           216         64        3.4         0.056                   
100           216         67        2.1         0.043                   
101           216         5.1        3.4         0.038                   
102           216         200        3.3         0.13                   
103           216         80        4.2         0.061                   
104           216         83        2.9         0.06                   
105           216         190        1.9         0.011                   
106           216         46        3.9         0.031                   
107           216         180        3.1         0.11                   
108           216         7.4        3.6         0.042                   
109           216         130        2.1         0.019                   
110           216         110        3.6         0.08                   
111           216         150        3.4         0.099                   
112           216         120        3.8         0.086                   
113           216         180        2.6         0.11                   
114           216         84        2.7         0.061                   
115           216         130        2.6         0.084                   
116           216         42        2.8         0.033                   
117           216         60        3.6         0.027                   
118           216         88        3.1         0.023                   
119           216         100        3.6         0.021                   
120           216         45        4.5         0.047                   
121           216         44        4.5         0.048                   
122           216         150        2.8         0.099                   
123           216         45        3.8         0.041                   
124           216         68        3.6         0.056                   
125           216         29        3.5         0.037                   
126           216         73        2.2         0.025                   
127           216         200        3         0.14                   
128           216         32        3.5         0.041                   
129           216         68        2.7         0.059                   

STARTING DATA GENERATION STEP 2

Successes   Attempts   Distance   starting_1  intrinsic_1  
1           216         70        3.3         0.051                   
2           216         130        3.4         0.073                   
3           216         83        3.5         0.057                   
4           216         36        3.6         0.043                   
5           216         130        3.4         0.075                   
6           216         120        4.7         0.077                   
7           216         77        2.2         0.04                   
8           216         93        4.2         0.064                   
9           216         45        3.4         0.026                   
10           216         140        2.9         0.073                   
11           216         120        3.6         0.016                   
12           216         63        3.3         0.049                   
13           216         35        3.4         0.028                   
14           216         35        4.2         0.044                   
15           216         82        2.6         0.061                   
16           216         120        3.7         0.076                   
17           216         45        4         0.036                   
18           216         76        4.6         0.041                   
19           216         99        3.7         0.02                   
20           216         110        4.6         0.061                   
21           216         69        4.1         0.027                   
22           216         28        3.5         0.04                   
23           216         94        1.9         0.062                   
24           216         82        2.4         0.06                   
25           216         90        2.8         0.065                   
26           216         92        2.7         0.065                   
27           216         87        3.8         0.061                   
28           216         110        4         0.019                   
29           216         85        4.8         0.033                   
30           216         61        2.5         0.025                   
31           216         18        3.3         0.037                   
32           216         31        2.6         0.043                   
33           216         110        3.2         0.062                   
34           216         97        3.5         0.062                   
35           216         51        4.2         0.027                   
36           216         67        3.2         0.048                   
37           216         120        2.9         0.063                   
38           216         110        3.6         0.068                   
39           216         34        3.9         0.044                   
40           216         12        4.2         0.038                   
41           216         59        4.3         0.026                   
42           216         140        2.5         0.07                   
43           216         45        3.3         0.028                   
44           216         91        1.8         0.075                   
45           216         87        3.4         0.069                   
46           216         70        4.2         0.046                   
47           216         100        2.6         0.022                   
48           216         90        2.8         0.075                   
49           216         44        3.6         0.037                   
50           216         43        3.4         0.051                   
51           216         48        3.3         0.033                   
52           216         55        3.8         0.047                   
53           216         86        4.6         0.039                   
54           216         18        2.9         0.038                   
55           216         71        3.8         0.057                   
56           216         61        4         0.039                   
57           216         59        3.8         0.034                   
58           216         43        3.8         0.078                   
59           216         100        3.1         0.096                   
60           216         45        3.5         0.054                   
61           216         110        2.6         0.034                   
62           216         71        2.9         0.071                   
63           216         51        3.4         0.051                   
64           216         53        3.9         0.048                   
65           216         90        3         0.086                   
66           216         24        4.2         0.057                   
67           216         94        4.3         0.037                   
68           216         110        2.7         0.035                   
69           216         39        3.8         0.053                   
70           216         52        4.6         0.05                   
71           216         120        2.3         0.085                   
72           216         41        3.2         0.047                   
73           216         110        3.6         0.071                   
74           216         110        3         0.075                   
75           216         110        4.3         0.061                   
76           216         94        4.5         0.03                   
77           216         19        2.2         0.045                   
78           216         96        1.8         0.074                   
79           216         94        3.7         0.024                   
80           216         25        2.1         0.046                   
81           216         36        2.2         0.033                   
82           216         130        4.4         0.069                   
83           216         38        3.3         0.043                   
84           216         71        3.9         0.031                   
85           216         100        3.5         0.022                   
86           216         19        2.9         0.04                   
87           216         110        4.3         0.062                   
88           216         92        3.1         0.058                   
89           216         100        2.9         0.06                   
90           216         140        4.4         0.073                   
91           216         62        3.6         0.048                   
92           216         100        2.8         0.017                   
93           216         15        3         0.032                   
94           216         30        3.8         0.032                   
95           216         85        4.3         0.052                   
96           216         80        3         0.054                   
97           216         130        4.6         0.067                   
98           216         100        2.4         0.059                   
99           216         30        3.1         0.039                   
100           216         18        3.4         0.035                   
101           216         90        4.1         0.066                   
102           216         27        4         0.034                   
103           216         48        4.1         0.03                   
104           216         53        3.9         0.052                   
105           216         87        3.5         0.065                   
106           216         40        3.4         0.029                   
107           216         44        3.4         0.049                   
108           216         91        4.4         0.065                   
109           216         110        3.5         0.075                   
110           216         55        2.9         0.026                   
111           216         47        3.7         0.05                   
112           216         17        3.8         0.038                   
113           216         99        3.5         0.02                   
114           216         76        3         0.058                   
115           216         69        3.2         0.024                   
116           216         130        2.4         0.076                   
117           216         74        3         0.057                   
118           216         110        3.4         0.079                   
119           216         38        4.1         0.034                   
120           216         45        4.5         0.049                   
121           216         140        3.6         0.095                   
122           216         3.8        3.6         0.041                   
123           216         42        3.3         0.051                   
124           216         63        2.3         0.031                   
125           216         8.7        3.5         0.042                   
126           216         80        2.5         0.058                   
127           216         84        2.6         0.06                   
128           216         71        3.1         0.06                   
129           216         130        3.5         0.091                   
130           216         61        4.8         0.051                   
131           216         120        4.3         0.086                   
132           216         58        4.4         0.032                   
133           216         130        2.6         0.081                   
134           216         94        2         0.055                   
135           216         120        2.8         0.019                   
136           216         81        2.4         0.057                   
137           216         40        4.5         0.045                   
138           216         65        4.3         0.039                   
139           216         100        3.5         0.071                   
140           216         85        2.3         0.023                   
141           216         30        2.4         0.033                   
142           216         140        2.6         0.095                   
143           216         97        4.2         0.023                   
144           216         49        3.1         0.051                   

STARTING DATA GENERATION STEP 3

Successes   Attempts   Distance   starting_1  intrinsic_1  
1           216         64        3         0.047                   
2           216         54        3.7         0.049                   
3           216         9.4        3.6         0.036                   
4           216         7.8        3.7         0.037                   
5           216         42        4.6         0.043                   
6           216         11        4         0.036                   
7           216         61        4.3         0.052                   
8           216         39        4.5         0.032                   
9           216         58        4.2         0.051                   
10           216         43        3.5         0.045                   
11           216         68        4         0.05                   
12           216         14        3.2         0.036                   
13           216         32        2.3         0.034                   
14           216         59        4         0.03                   
15           216         100        3.7         0.067                   
16           216         75        3.9         0.055                   
17           216         49        3.5         0.048                   
18           216         21        3.1         0.032                   
19           216         90        3.1         0.065                   
20           216         60        3.2         0.053                   
21           216         91        2.5         0.064                   
22           216         35        3.3         0.044                   
23           216         83        3.8         0.059                   
24           216         97        4.6         0.054                   
25           216         39        3.3         0.041                   
26           216         21        4         0.041                   
27           216         77        3.4         0.054                   
28           216         65        4.2         0.054                   
29           216         76        3.2         0.052                   
30           216         40        3.9         0.046                   
31           216         78        2.6         0.044                   
32           216         56        3.2         0.026                   
33           216         71        4.6         0.057                   
34           216         17        3.6         0.035                   
35           216         51        2.8         0.037                   
36           216         87        4.4         0.063                   
37           216         64        3.3         0.048                   
38           216         37        3.6         0.043                   
39           216         48        2.9         0.03                   
40           216         30        3.6         0.041                   
41           216         100        2.2         0.047                   
42           216         32        2         0.039                   
43           216         66        4.1         0.048                   
44           216         63        3.5         0.03                   
45           216         94        3.2         0.075                   
46           216         85        3.7         0.066                   
47           216         94        4.2         0.061                   
48           216         41        3.6         0.04                   
49           216         52        2.8         0.031                   
50           216         40        3.6         0.041                   
51           216         44        3.5         0.035                   
52           216         70        3.5         0.061                   
53           216         32        3.3         0.047                   
54           216         31        3.3         0.045                   
55           216         91        3.7         0.068                   
56           216         100        3.7         0.024                   
57           216         17        2.6         0.047                   
58           216         58        3.7         0.053                   
59           216         66        3         0.028                   
60           216         73        3         0.076                   
61           216         79        3.9         0.04                   
62           216         100        3.5         0.035                   
63           216         52        3.3         0.053                   
64           216         61        2.9         0.057                   
65           216         47        4         0.084                   
66           216         18        4.6         0.063                   
67           216         70        2.9         0.071                   
68           216         97        4.5         0.038                   
69           216         70        4.1         0.043                   
70           216         73        4.7         0.044                   
71           216         49        3.3         0.054                   
72           216         68        3.6         0.028                   
73           216         30        2.6         0.048                   
74           216         62        3         0.056                   
75           216         69        3.5         0.053                   
76           216         79        4.2         0.033                   
77           216         39        2.6         0.051                   
78           216         42        2.4         0.031                   
79           216         83        3         0.064                   
80           216         86        3.2         0.064                   
81           216         90        3.7         0.06                   
82           216         62        2.8         0.058                   
83           216         58        3.8         0.039                   
84           216         54        3.6         0.044                   
85           216         68        3.9         0.046                   
86           216         57        3.6         0.032                   
87           216         85        4.2         0.048                   
88           216         75        3.2         0.059                   
89           216         58        4.1         0.044                   
90           216         75        4.2         0.05                   
91           216         39        3.7         0.041                   
92           216         38        3.3         0.042                   
93           216         14        3         0.033                   
94           216         19        3.4         0.031                   
95           216         36        3.6         0.04                   
96           216         88        3.5         0.02                   
97           216         47        4.1         0.03                   
98           216         52        3.5         0.046                   
99           216         64        3.7         0.048                   
100           216         77        3.2         0.053                   
101           216         29        3.5         0.045                   
102           216         93        4.4         0.066                   
103           216         72        2.4         0.05                   
104           216         25        3.4         0.032                   
105           216         40        2.7         0.042                   
106           216         84        2.7         0.022                   
107           216         78        3.4         0.061                   
108           216         47        3.4         0.05                   
109           216         6.9        3.3         0.037                   
110           216         91        3.7         0.021                   
111           216         14        3.6         0.034                   
112           216         35        3.5         0.046                   
113           216         86        3.3         0.064                   
114           216         48        2.7         0.029                   
115           216         18        3.3         0.041                   
116           216         86        3         0.062                   
117           216         30        3.2         0.044                   
118           216         72        2.6         0.024                   
119           216         92        4.1         0.073                   
120           216         4.9        3.7         0.04                   
121           216         97        3.4         0.073                   
122           216         88        3.3         0.069                   
123           216         71        3.7         0.063                   
124           216         95        4.1         0.074                   
125           216         32        4.3         0.039                   
126           216         56        3.3         0.056                   
127           216         24        3.4         0.034                   
128           216         45        3.5         0.053                   
129           216         92        3.3         0.07                   
130           216         47        3         0.031                   
131           216         76        3.6         0.025                   
132           216         36        3.3         0.032                   
133           216         41        3.5         0.052                   
134           216         72        3.6         0.057                   
135           216         78        3.2         0.062                   
136           216         50        2.7         0.052                   
137           216         34        3.5         0.042                   
138           216         77        3.6         0.024                   
139           216         58        3.9         0.03                   

STARTING DATA GENERATION STEP 4

Successes   Attempts   Distance   starting_1  intrinsic_1  
1           216         58        3.7         0.024                   
2           216         5.1        3.9         0.036                   
3           216         33        3.3         0.029                   
4           216         20        3.3         0.035                   
5           216         49        3.5         0.046                   
6           216         65        3.1         0.048                   
7           216         20        3.4         0.032                   
8           216         23        3.7         0.03                   
9           216         34        3.8         0.043                   
10           216         45        4.2         0.028                   
11           216         43        3.8         0.046                   
12           216         17        3.4         0.033                   
13           216         33        3.7         0.035                   
14           216         53        3.9         0.045                   
15           216         28        3.4         0.033                   
16           216         29        3.5         0.039                   
17           216         34        3.4         0.044                   
18           216         31        3.5         0.033                   
19           216         65        3.3         0.055                   
20           216         51        4         0.04                   
21           216         38        3.3         0.045                   
22           216         63        3.5         0.053                   
23           216         46        3.6         0.029                   
24           216         48        3.7         0.03                   
25           216         47        3.9         0.042                   
26           216         59        3.1         0.053                   
27           216         15        3.6         0.035                   
28           216         39        3.3         0.041                   
29           216         58        3.7         0.05                   
30           216         50        3.1         0.028                   
31           216         57        3.5         0.048                   
32           216         63        3.5         0.05                   
33           216         58        3.6         0.049                   
34           216         69        3.3         0.05                   
35           216         45        3.2         0.042                   
36           216         63        3.8         0.052                   
37           216         54        3.2         0.044                   
38           216         13        3.7         0.037                   
39           216         26        3.5         0.031                   
40           216         52        2.8         0.035                   
41           216         68        3.1         0.028                   
42           216         55        3.3         0.031                   
43           216         43        3.4         0.035                   
44           216         71        3.4         0.063                   
45           216         66        3.5         0.059                   
46           216         65        3.5         0.059                   
47           216         47        3.4         0.052                   
48           216         32        3.3         0.038                   
49           216         59        3.6         0.055                   
50           216         33        3.3         0.046                   
51           216         70        2.7         0.027                   
52           216         71        3.3         0.028                   
53           216         66        3.6         0.03                   
54           216         60        3.5         0.056                   
55           216         31        2.6         0.052                   
56           216         47        3.5         0.05                   
57           216         68        2.9         0.027                   
58           216         50        3.3         0.068                   
59           216         44        3.4         0.068                   
60           216         38        3.5         0.063                   
61           216         51        3.2         0.066                   
62           216         22        3.9         0.065                   
63           216         68        3.4         0.083                   
64           216         64        3.5         0.045                   
65           216         50        3.2         0.057                   
66           216         36        3.6         0.056                   
67           216         50        3.3         0.053                   
68           216         57        3.5         0.031                   
69           216         49        3.6         0.036                   
70           216         47        3.5         0.034                   
71           216         49        3.6         0.038                   
72           216         54        3.4         0.031                   
73           216         46        3.2         0.031                   
74           216         42        3.4         0.041                   
75           216         53        3.6         0.044                   
76           216         71        3.8         0.029                   
77           216         49        3.5         0.035                   
78           216         17        3.3         0.036                   
79           216         51        3.9         0.043                   
80           216         32        3.1         0.04                   
81           216         59        3.5         0.048                   
82           216         26        3.5         0.037                   
83           216         69        3.6         0.058                   
84           216         41        3.4         0.029                   
85           216         6.3        3.5         0.039                   
86           216         41        3.1         0.029                   
87           216         60        4.1         0.027                   
88           216         67        3.5         0.057                   
89           216         27        3.4         0.031                   
90           216         19        3.7         0.042                   
91           216         19        3.9         0.039                   
92           216         12        3.2         0.035                   
93           216         48        3.3         0.027                   
94           216         12        3.7         0.038                   
95           216         47        3.5         0.05                   
96           216         65        3.7         0.061                   
97           216         24        3.6         0.035                   
98           216         30        4.1         0.046                   
99           216         49        3         0.03                   
100           216         30        3.1         0.045                   
101           216         28        3.1         0.035                   
102           216         48        3.6         0.055                   
103           216         9.5        3.5         0.042                   
104           216         27        3.4         0.047                   
105           216         47        3.3         0.052                   
106           216         26        3.2         0.045                   
107           216         2.7        3.5         0.04                   
108           216         61        4.2         0.058                   
109           216         17        3.2         0.039                   
110           216         49        4.1         0.031                   
111           216         69        3.5         0.025                   
112           216         71        3.3         0.058                   
113           216         45        2.9         0.029                   
114           216         33        3.3         0.045                   
115           216         44        2.5         0.029                   

STARTING DATA GENERATION STEP 5

Successes   Attempts   Distance   starting_1  intrinsic_1  
1           336         27        3.2         0.032                   
2           336         13        3.9         0.033                   
3           336         36        3.4         0.042                   
4           336         47        3.5         0.045                   
5           336         16        3.8         0.039                   
6           336         41        3.1         0.028                   
7           336         8.4        3.8         0.033                   
8           336         47        4.2         0.027                   
9           336         36        3.4         0.042                   
10           336         24        3.4         0.04                   
11           336         35        3.7         0.037                   
12           336         37        3.7         0.04                   
13           336         46        3.8         0.043                   
14           336         34        3.3         0.044                   
15           336         46        3.3         0.028                   
16           336         24        3.2         0.041                   
17           336         42        3.7         0.032                   
18           336         38        3.7         0.032                   
19           336         34        3.2         0.045                   
20           336         21        3.5         0.036                   
21           336         42        3.4         0.042                   
22           336         29        3.3         0.033                   
23           336         30        3.4         0.031                   
24           336         30        3.5         0.03                   
25           336         40        2.9         0.054                   
26           336         27        2.7         0.051                   
27           336         27        3.3         0.041                   
28           336         41        3.6         0.045                   
29           336         34        3.4         0.044                   
30           336         35        3.6         0.058                   
31           336         38        3.7         0.054                   
32           336         46        3.3         0.057                   
33           336         39        3.7         0.053                   
34           336         41        3.7         0.073                   
35           336         46        3.5         0.052                   
36           336         32        3.2         0.039                   
37           336         46        3.5         0.041                   
38           336         44        3.3         0.045                   
39           336         50        3.9         0.043                   
40           336         24        3.5         0.037                   
41           336         16        3.4         0.033                   
42           336         49        3.7         0.044                   
43           336         38        4         0.035                   
44           336         17        3.4         0.035                   
45           336         27        3.7         0.032                   
46           336         34        3.6         0.029                   
47           336         14        3.6         0.04                   
48           336         21        3.4         0.032                   
49           336         1.2        3.4         0.037                   
50           336         37        3.5         0.029                   
51           336         42        4.4         0.038                   
52           336         49        3.7         0.051                   
53           336         35        3.5         0.03                   
54           336         47        3.6         0.05                   
55           336         42        3.3         0.048                   
56           336         14        3.5         0.041                   
57           336         27        3.5         0.044                   
58           336         29        3.2         0.046                   
59           336         17        3.7         0.036                   
60           336         27        3.5         0.048                   
61           336         16        3.8         0.043                   
62           336         36        3.7         0.051                   
63           336         39        3.8         0.052                   
64           336         17        3.6         0.036                   
65           336         17        3.2         0.039                   
66           336         29        3.3         0.046                   
67           336         25        3.6         0.034                   
68           336         43        3.4         0.048                   
69           336         46        3.4         0.049                   
70           336         23        3.5         0.039                   
71           336         37        3.2         0.041                   
72           336         41        2.9         0.029                   
73           336         31        3.6         0.042                   
74           336         26        3.4         0.03                   
75           336         7.7        3.6         0.035                   
76           336         50        3.7         0.047                   
77           336         18        3.5         0.032                   
78           336         33        3.6         0.039                   
79           336         9.9        3         0.038                   
80           336         20        3.2         0.04                   
81           336         33        3.6         0.039                   
82           336         34        3.1         0.045                   
83           336         45        3.6         0.046                   
84           336         32        3.1         0.044                   
85           336         50        3.6         0.047                   
86           336         36        3.7         0.038                   
87           336         39        3.2         0.03                   
88           336         46        3.7         0.047                   
89           336         26        3.5         0.031                   
90           336         23        3.5         0.032                   
91           336         34        3.4         0.03                   
92           336         24        3.4         0.036                   
93           336         22        3.6         0.039                   
94           336         24        3.4         0.037                   
95           336         43        3.4         0.035                   
96           336         31        3.2         0.048                   
97           336         31        3.3         0.045                   
98           336         32        3.3         0.046                   
99           336         28        2.9         0.036                   
100           336         21        3         0.047                   
101           336         37        3.5         0.043                   
102           336         32        3.8         0.057                   
103           336         38        3.6         0.07                   
104           336         49        3.8         0.049                   
105           336         39        3.5         0.067                   
106           336         43        3.4         0.066                   
Collection of simulation particles under PRC completed in 12 seconds...
Run finished...
...


Function completed in 85 seconds.
There were 15 warnings (use warnings() to see them)
