000 (076.000.000) 07/31 22:38:51 Job submitted from host: <160.36.155.106:9618?addrs=160.36.155.106-9618&noUDP&sock=27742_4872_4>
...
033 (076.000.000) 07/31 22:39:21 Changing job attribute JobPrio from 0 to 1
...
001 (076.000.000) 08/01 16:53:13 Job executing on host: <10.129.213.175:9618?addrs=10.129.213.175-9618&noUDP&sock=21324_119e_4>
...
006 (076.000.000) 08/01 16:53:22 Image size of job updated: 5077092
	4959  -  MemoryUsage of job (MB)
	5077092  -  ResidentSetSize of job (KB)
...
006 (076.000.000) 08/01 16:58:23 Image size of job updated: 5402604
	5276  -  MemoryUsage of job (MB)
	5402604  -  ResidentSetSize of job (KB)
...
006 (076.000.000) 08/01 17:03:24 Image size of job updated: 5468208
	5341  -  MemoryUsage of job (MB)
	5468208  -  ResidentSetSize of job (KB)
...
006 (076.000.000) 08/01 17:18:25 Image size of job updated: 5491372
	5363  -  MemoryUsage of job (MB)
	5491372  -  ResidentSetSize of job (KB)
...
006 (076.000.000) 08/01 17:23:26 Image size of job updated: 5500720
	5372  -  MemoryUsage of job (MB)
	5500720  -  ResidentSetSize of job (KB)
...
006 (076.000.000) 08/01 17:38:28 Image size of job updated: 5529404
	5400  -  MemoryUsage of job (MB)
	5529404  -  ResidentSetSize of job (KB)
...
006 (076.000.000) 08/01 18:33:33 Image size of job updated: 5733964
	5600  -  MemoryUsage of job (MB)
	5733964  -  ResidentSetSize of job (KB)
...
006 (076.000.000) 08/01 18:38:33 Image size of job updated: 5734096
	5600  -  MemoryUsage of job (MB)
	5734096  -  ResidentSetSize of job (KB)
...
006 (076.000.000) 08/01 18:43:34 Image size of job updated: 5785444
	5650  -  MemoryUsage of job (MB)
	5785444  -  ResidentSetSize of job (KB)
...
006 (076.000.000) 08/01 18:48:35 Image size of job updated: 5925496
	5787  -  MemoryUsage of job (MB)
	5925496  -  ResidentSetSize of job (KB)
...
006 (076.000.000) 08/01 18:53:35 Image size of job updated: 5963512
	5824  -  MemoryUsage of job (MB)
	5963512  -  ResidentSetSize of job (KB)
...
006 (076.000.000) 08/01 19:13:36 Image size of job updated: 5966548
	5827  -  MemoryUsage of job (MB)
	5966548  -  ResidentSetSize of job (KB)
...
006 (076.000.000) 08/01 19:18:37 Image size of job updated: 5976316
	5837  -  MemoryUsage of job (MB)
	5976316  -  ResidentSetSize of job (KB)
...
006 (076.000.000) 08/01 19:38:40 Image size of job updated: 5984500
	5845  -  MemoryUsage of job (MB)
	5984500  -  ResidentSetSize of job (KB)
...
006 (076.000.000) 08/01 19:58:42 Image size of job updated: 5989648
	5850  -  MemoryUsage of job (MB)
	5989648  -  ResidentSetSize of job (KB)
...
006 (076.000.000) 08/01 20:18:44 Image size of job updated: 5992156
	5852  -  MemoryUsage of job (MB)
	5992156  -  ResidentSetSize of job (KB)
...
006 (076.000.000) 08/01 20:23:44 Image size of job updated: 5992684
	5853  -  MemoryUsage of job (MB)
	5992684  -  ResidentSetSize of job (KB)
...
006 (076.000.000) 08/01 20:43:47 Image size of job updated: 5996116
	5856  -  MemoryUsage of job (MB)
	5996116  -  ResidentSetSize of job (KB)
...
006 (076.000.000) 08/01 20:58:48 Image size of job updated: 5996248
	5856  -  MemoryUsage of job (MB)
	5996248  -  ResidentSetSize of job (KB)
...
006 (076.000.000) 08/01 21:03:49 Image size of job updated: 5997436
	5857  -  MemoryUsage of job (MB)
	5997436  -  ResidentSetSize of job (KB)
...
006 (076.000.000) 08/01 21:23:51 Image size of job updated: 5999284
	5859  -  MemoryUsage of job (MB)
	5999284  -  ResidentSetSize of job (KB)
...
006 (076.000.000) 08/02 00:09:08 Image size of job updated: 6000484
	5860  -  MemoryUsage of job (MB)
	6000484  -  ResidentSetSize of job (KB)
...
006 (076.000.000) 08/02 00:29:11 Image size of job updated: 6003916
	5864  -  MemoryUsage of job (MB)
	6003916  -  ResidentSetSize of job (KB)
...
006 (076.000.000) 08/02 00:49:13 Image size of job updated: 6005236
	5865  -  MemoryUsage of job (MB)
	6005236  -  ResidentSetSize of job (KB)
...
006 (076.000.000) 08/02 03:54:31 Image size of job updated: 6006100
	5866  -  MemoryUsage of job (MB)
	6006100  -  ResidentSetSize of job (KB)
...
006 (076.000.000) 08/02 04:14:34 Image size of job updated: 6007288
	5867  -  MemoryUsage of job (MB)
	6007288  -  ResidentSetSize of job (KB)
...
006 (076.000.000) 08/02 04:34:36 Image size of job updated: 6007948
	5868  -  MemoryUsage of job (MB)
	6007948  -  ResidentSetSize of job (KB)
...
006 (076.000.000) 08/02 04:54:38 Image size of job updated: 6008080
	5868  -  MemoryUsage of job (MB)
	6008080  -  ResidentSetSize of job (KB)
...
006 (076.000.000) 08/02 04:59:38 Image size of job updated: 6008740
	5868  -  MemoryUsage of job (MB)
	6008740  -  ResidentSetSize of job (KB)
...
006 (076.000.000) 08/02 05:19:41 Image size of job updated: 6009664
	5869  -  MemoryUsage of job (MB)
	6009664  -  ResidentSetSize of job (KB)
...
006 (076.000.000) 08/04 08:44:59 Image size of job updated: 6009796
	5869  -  MemoryUsage of job (MB)
	6009796  -  ResidentSetSize of job (KB)
...
006 (076.000.000) 08/04 09:50:06 Image size of job updated: 6009928
	5870  -  MemoryUsage of job (MB)
	6009928  -  ResidentSetSize of job (KB)
...
006 (076.000.000) 08/04 10:30:11 Image size of job updated: 6010060
	5870  -  MemoryUsage of job (MB)
	6010060  -  ResidentSetSize of job (KB)
...
006 (076.000.000) 08/04 10:40:12 Image size of job updated: 6010192
	5870  -  MemoryUsage of job (MB)
	6010192  -  ResidentSetSize of job (KB)
...
006 (076.000.000) 08/04 10:45:12 Image size of job updated: 6010324
	5870  -  MemoryUsage of job (MB)
	6010324  -  ResidentSetSize of job (KB)
...
006 (076.000.000) 08/04 11:20:16 Image size of job updated: 6010588
	5870  -  MemoryUsage of job (MB)
	6010588  -  ResidentSetSize of job (KB)
...
006 (076.000.000) 08/04 12:15:22 Image size of job updated: 6010852
	5870  -  MemoryUsage of job (MB)
	6010852  -  ResidentSetSize of job (KB)
...
006 (076.000.000) 08/04 12:40:24 Image size of job updated: 6010984
	5871  -  MemoryUsage of job (MB)
	6010984  -  ResidentSetSize of job (KB)
...
006 (076.000.000) 08/04 13:10:28 Image size of job updated: 6011116
	5871  -  MemoryUsage of job (MB)
	6011116  -  ResidentSetSize of job (KB)
...
006 (076.000.000) 08/04 13:35:30 Image size of job updated: 6011248
	5871  -  MemoryUsage of job (MB)
	6011248  -  ResidentSetSize of job (KB)
...
006 (076.000.000) 08/04 14:00:33 Image size of job updated: 6011512
	5871  -  MemoryUsage of job (MB)
	6011512  -  ResidentSetSize of job (KB)
...
006 (076.000.000) 08/04 14:10:35 Image size of job updated: 6011644
	5871  -  MemoryUsage of job (MB)
	6011644  -  ResidentSetSize of job (KB)
...
006 (076.000.000) 08/04 14:30:37 Image size of job updated: 6012172
	5872  -  MemoryUsage of job (MB)
	6012172  -  ResidentSetSize of job (KB)
...
006 (076.000.000) 08/04 15:10:41 Image size of job updated: 6012568
	5872  -  MemoryUsage of job (MB)
	6012568  -  ResidentSetSize of job (KB)
...
006 (076.000.000) 08/04 15:25:42 Image size of job updated: 6012700
	5872  -  MemoryUsage of job (MB)
	6012700  -  ResidentSetSize of job (KB)
...
006 (076.000.000) 08/04 15:45:44 Image size of job updated: 6012832
	5872  -  MemoryUsage of job (MB)
	6012832  -  ResidentSetSize of job (KB)
...
006 (076.000.000) 08/04 16:00:46 Image size of job updated: 6012964
	5873  -  MemoryUsage of job (MB)
	6012964  -  ResidentSetSize of job (KB)
...
006 (076.000.000) 08/04 16:35:49 Image size of job updated: 6013096
	5873  -  MemoryUsage of job (MB)
	6013096  -  ResidentSetSize of job (KB)
...
006 (076.000.000) 08/04 17:05:52 Image size of job updated: 6013228
	5873  -  MemoryUsage of job (MB)
	6013228  -  ResidentSetSize of job (KB)
...
006 (076.000.000) 08/04 17:10:52 Image size of job updated: 6013360
	5873  -  MemoryUsage of job (MB)
	6013360  -  ResidentSetSize of job (KB)
...
006 (076.000.000) 08/04 17:20:54 Image size of job updated: 6013492
	5873  -  MemoryUsage of job (MB)
	6013492  -  ResidentSetSize of job (KB)
...
006 (076.000.000) 08/04 17:35:55 Image size of job updated: 6013624
	5873  -  MemoryUsage of job (MB)
	6013624  -  ResidentSetSize of job (KB)
...
006 (076.000.000) 08/04 18:10:58 Image size of job updated: 6013756
	5873  -  MemoryUsage of job (MB)
	6013756  -  ResidentSetSize of job (KB)
...
006 (076.000.000) 08/04 18:56:02 Image size of job updated: 6013888
	5873  -  MemoryUsage of job (MB)
	6013888  -  ResidentSetSize of job (KB)
...
006 (076.000.000) 08/04 19:21:06 Image size of job updated: 6014020
	5874  -  MemoryUsage of job (MB)
	6014020  -  ResidentSetSize of job (KB)
...
006 (076.000.000) 08/04 20:41:14 Image size of job updated: 6014152
	5874  -  MemoryUsage of job (MB)
	6014152  -  ResidentSetSize of job (KB)
...
006 (076.000.000) 08/04 20:46:15 Image size of job updated: 6014284
	5874  -  MemoryUsage of job (MB)
	6014284  -  ResidentSetSize of job (KB)
...
006 (076.000.000) 08/04 20:51:15 Image size of job updated: 6014416
	5874  -  MemoryUsage of job (MB)
	6014416  -  ResidentSetSize of job (KB)
...
006 (076.000.000) 08/04 21:06:17 Image size of job updated: 6014548
	5874  -  MemoryUsage of job (MB)
	6014548  -  ResidentSetSize of job (KB)
...
006 (076.000.000) 08/04 21:26:19 Image size of job updated: 6014680
	5874  -  MemoryUsage of job (MB)
	6014680  -  ResidentSetSize of job (KB)
...
006 (076.000.000) 08/04 21:46:20 Image size of job updated: 6014812
	5874  -  MemoryUsage of job (MB)
	6014812  -  ResidentSetSize of job (KB)
...
006 (076.000.000) 08/04 21:51:21 Image size of job updated: 6015076
	5875  -  MemoryUsage of job (MB)
	6015076  -  ResidentSetSize of job (KB)
...
006 (076.000.000) 08/04 22:16:24 Image size of job updated: 6015340
	5875  -  MemoryUsage of job (MB)
	6015340  -  ResidentSetSize of job (KB)
...
006 (076.000.000) 08/04 22:36:26 Image size of job updated: 6015472
	5875  -  MemoryUsage of job (MB)
	6015472  -  ResidentSetSize of job (KB)
...
006 (076.000.000) 08/04 22:51:28 Image size of job updated: 6015604
	5875  -  MemoryUsage of job (MB)
	6015604  -  ResidentSetSize of job (KB)
...
006 (076.000.000) 08/04 22:56:28 Image size of job updated: 6015736
	5875  -  MemoryUsage of job (MB)
	6015736  -  ResidentSetSize of job (KB)
...
006 (076.000.000) 08/05 00:11:37 Image size of job updated: 6015868
	5875  -  MemoryUsage of job (MB)
	6015868  -  ResidentSetSize of job (KB)
...
006 (076.000.000) 08/05 00:26:38 Image size of job updated: 6016000
	5875  -  MemoryUsage of job (MB)
	6016000  -  ResidentSetSize of job (KB)
...
006 (076.000.000) 08/05 01:26:43 Image size of job updated: 6016132
	5876  -  MemoryUsage of job (MB)
	6016132  -  ResidentSetSize of job (KB)
...
006 (076.000.000) 08/05 01:41:45 Image size of job updated: 6016264
	5876  -  MemoryUsage of job (MB)
	6016264  -  ResidentSetSize of job (KB)
...
006 (076.000.000) 08/05 01:51:46 Image size of job updated: 6016396
	5876  -  MemoryUsage of job (MB)
	6016396  -  ResidentSetSize of job (KB)
...
006 (076.000.000) 08/05 02:41:51 Image size of job updated: 6016660
	5876  -  MemoryUsage of job (MB)
	6016660  -  ResidentSetSize of job (KB)
...
006 (076.000.000) 08/05 02:51:52 Image size of job updated: 6016792
	5876  -  MemoryUsage of job (MB)
	6016792  -  ResidentSetSize of job (KB)
...
006 (076.000.000) 08/05 03:11:54 Image size of job updated: 6017056
	5877  -  MemoryUsage of job (MB)
	6017056  -  ResidentSetSize of job (KB)
...
006 (076.000.000) 08/05 03:16:55 Image size of job updated: 6017188
	5877  -  MemoryUsage of job (MB)
	6017188  -  ResidentSetSize of job (KB)
...
006 (076.000.000) 08/05 03:46:57 Image size of job updated: 6017452
	5877  -  MemoryUsage of job (MB)
	6017452  -  ResidentSetSize of job (KB)
...
006 (076.000.000) 08/05 04:22:00 Image size of job updated: 6017716
	5877  -  MemoryUsage of job (MB)
	6017716  -  ResidentSetSize of job (KB)
...
006 (076.000.000) 08/05 04:42:02 Image size of job updated: 6017848
	5877  -  MemoryUsage of job (MB)
	6017848  -  ResidentSetSize of job (KB)
...
006 (076.000.000) 08/05 05:32:08 Image size of job updated: 6017980
	5877  -  MemoryUsage of job (MB)
	6017980  -  ResidentSetSize of job (KB)
...
006 (076.000.000) 08/05 06:22:12 Image size of job updated: 6018112
	5878  -  MemoryUsage of job (MB)
	6018112  -  ResidentSetSize of job (KB)
...
006 (076.000.000) 08/05 06:57:16 Image size of job updated: 6018244
	5878  -  MemoryUsage of job (MB)
	6018244  -  ResidentSetSize of job (KB)
...
006 (076.000.000) 08/05 07:07:17 Image size of job updated: 6018376
	5878  -  MemoryUsage of job (MB)
	6018376  -  ResidentSetSize of job (KB)
...
006 (076.000.000) 08/05 07:12:18 Image size of job updated: 6018508
	5878  -  MemoryUsage of job (MB)
	6018508  -  ResidentSetSize of job (KB)
...
006 (076.000.000) 08/05 08:47:28 Image size of job updated: 6018640
	5878  -  MemoryUsage of job (MB)
	6018640  -  ResidentSetSize of job (KB)
...
006 (076.000.000) 08/05 09:07:30 Image size of job updated: 6018904
	5878  -  MemoryUsage of job (MB)
	6018904  -  ResidentSetSize of job (KB)
...
006 (076.000.000) 08/05 09:37:32 Image size of job updated: 6019036
	5878  -  MemoryUsage of job (MB)
	6019036  -  ResidentSetSize of job (KB)
...
006 (076.000.000) 08/05 09:52:34 Image size of job updated: 6019168
	5879  -  MemoryUsage of job (MB)
	6019168  -  ResidentSetSize of job (KB)
...
006 (076.000.000) 08/05 10:17:35 Image size of job updated: 6019300
	5879  -  MemoryUsage of job (MB)
	6019300  -  ResidentSetSize of job (KB)
...
006 (076.000.000) 08/05 10:32:37 Image size of job updated: 6019432
	5879  -  MemoryUsage of job (MB)
	6019432  -  ResidentSetSize of job (KB)
...
006 (076.000.000) 08/05 11:22:43 Image size of job updated: 6019564
	5879  -  MemoryUsage of job (MB)
	6019564  -  ResidentSetSize of job (KB)
...
006 (076.000.000) 08/05 11:37:44 Image size of job updated: 6019696
	5879  -  MemoryUsage of job (MB)
	6019696  -  ResidentSetSize of job (KB)
...
006 (076.000.000) 08/05 12:07:48 Image size of job updated: 6019828
	5879  -  MemoryUsage of job (MB)
	6019828  -  ResidentSetSize of job (KB)
...
006 (076.000.000) 08/05 12:32:49 Image size of job updated: 6019960
	5879  -  MemoryUsage of job (MB)
	6019960  -  ResidentSetSize of job (KB)
...
006 (076.000.000) 08/05 13:22:54 Image size of job updated: 6020092
	5879  -  MemoryUsage of job (MB)
	6020092  -  ResidentSetSize of job (KB)
...
006 (076.000.000) 08/05 13:37:56 Image size of job updated: 6020356
	5880  -  MemoryUsage of job (MB)
	6020356  -  ResidentSetSize of job (KB)
...
006 (076.000.000) 08/05 13:52:57 Image size of job updated: 6020488
	5880  -  MemoryUsage of job (MB)
	6020488  -  ResidentSetSize of job (KB)
...
006 (076.000.000) 08/05 14:23:00 Image size of job updated: 6020620
	5880  -  MemoryUsage of job (MB)
	6020620  -  ResidentSetSize of job (KB)
...
006 (076.000.000) 08/05 16:58:18 Image size of job updated: 6020880
	5880  -  MemoryUsage of job (MB)
	6020880  -  ResidentSetSize of job (KB)
...
022 (076.000.000) 08/07 15:39:09 Job disconnected, attempting to reconnect
    Socket between submit and execute hosts closed unexpectedly
    Trying to reconnect to slot1_1@omearalab9 <10.129.213.175:9618?addrs=10.129.213.175-9618&noUDP&sock=21324_119e_4>
...
024 (076.000.000) 08/07 16:19:09 Job reconnection failed
    Job disconnected too long: JobLeaseDuration (2400 seconds) expired
    Can not reconnect to slot1_1@omearalab9, rescheduling job
...
001 (076.000.000) 08/09 10:05:09 Job executing on host: <10.129.199.164:9618?addrs=10.129.199.164-9618&noUDP&sock=2464_ad72_4>
...
001 (076.000.000) 08/14 14:21:49 Job executing on host: <10.129.199.164:9618?addrs=10.129.199.164-9618&noUDP&sock=2464_ad72_4>
...
022 (076.000.000) 08/21 07:55:04 Job disconnected, attempting to reconnect
    Socket between submit and execute hosts closed unexpectedly
    Trying to reconnect to slot1_1@omearaclusteri <10.129.199.164:9618?addrs=10.129.199.164-9618&noUDP&sock=2464_ad72_4>
...
024 (076.000.000) 08/21 08:35:05 Job reconnection failed
    Job disconnected too long: JobLeaseDuration (2400 seconds) expired
    Can not reconnect to slot1_1@omearaclusteri, rescheduling job
...
001 (076.000.000) 08/30 14:16:28 Job executing on host: <10.129.167.211:9618?addrs=10.129.167.211-9618&noUDP&sock=2345_0dad_4>
...
022 (076.000.000) 09/04 07:49:50 Job disconnected, attempting to reconnect
    Socket between submit and execute hosts closed unexpectedly
    Trying to reconnect to slot1_1@omearaclusterc <10.129.167.211:9618?addrs=10.129.167.211-9618&noUDP&sock=2345_0dad_4>
...
024 (076.000.000) 09/04 08:29:51 Job reconnection failed
    Job disconnected too long: JobLeaseDuration (2400 seconds) expired
    Can not reconnect to slot1_1@omearaclusterc, rescheduling job
...
