TreEvo Version Used: 0.21.0
ape Version Used: 5.3
###############################
Now doing doRun analyses...
####################
Analyzing tree 1...
####################
Analyzing An_Emp_TimeReg_tree_1_trait_1_08-09-19...
The effective timeStep for this tree will be 0.00039,
     as a proportion of tree height (root to furthest tip)...
Rescaling edge lengths relative to maximum tip-to-root distance...
The smallest edge length on the input tree is 0.00083
   (This is 43000 in the same TreeYears units
      as used for the input generation.time ( = 20000))
Given generation time, a total of 253344 generations are
     expected to occur over this tree
Beginning PRC Run 1 out of a total of 2...
Number of initial simulations set to 100
Doing initial simulations...
Initial simulations took 3126.119 seconds
Finding distribution of distances...
Beginning partial rejection control algorithm...

STARTING DATA GENERATION STEP 1

Successes   Attempts   Distance   starting_1  intrinsic_1  
1           216         4300        4.5         0.013                   
2           216         7000        3.9         0.056                   
3           216         5300        4.6         0.023                   
4           216         8500        3.9         0.1                   
5           216         5200        4.2         0.022                   
6           216         6800        3.8         0.05                   
7           216         6000        3.6         0.034                   
8           216         6200        4         0.037                   
9           216         5000        4.6         0.019                   
10           216         5600        4         0.027                   
11           216         7500        3.5         0.071                   
12           216         8900        3.8         0.12                   
13           216         1800        4.5         0.0031                   
14           216         6700        4.4         0.048                   
15           216         3900        4.1         0.01                   
16           216         5900        4.1         0.031                   
17           216         7000        4.3         0.057                   
18           216         8300        4.1         0.097                   
19           216         9100        4.1         0.13                   
20           216         8000        4         0.094                   
21           216         5400        3.9         0.025                   
22           216         4500        3.6         0.015                   
23           216         3400        4         0.0079                   
24           216         7000        4.4         0.061                   
25           216         7000        4.3         0.062                   
26           216         8000        4         0.095                   
27           216         7300        4.2         0.071                   
28           216         8800        3.6         0.12                   
29           216         7400        4         0.074                   
30           216         7200        4.8         0.067                   
31           216         5200        4.6         0.022                   
32           216         6800        4         0.056                   
33           216         8800        3.5         0.12                   
34           216         8100        4.3         0.099                   
35           216         7100        4         0.066                   
36           216         7000        4.1         0.064                   
37           216         6400        4.3         0.046                   
38           216         7500        4         0.08                   
39           216         7200        4.2         0.07                   
40           216         7900        4.2         0.094                   
41           216         4800        4.2         0.019                   
42           216         7400        4.1         0.075                   
43           216         4800        3.9         0.019                   
44           216         4800        4         0.019                   
45           216         8200        4.1         0.11                   
46           216         8300        4.3         0.11                   
47           216         7800        4.1         0.091                   
48           216         6700        4.4         0.053                   
49           216         3200        3.6         0.0075                   
50           216         7600        4.4         0.082                   
51           216         6600        4.8         0.051                   
52           216         7600        3.6         0.082                   
53           216         3000        3.9         0.0068                   
54           216         1500        4.2         0.0029                   
55           216         7100        4.5         0.058                   
56           216         6600        3.7         0.045                   
57           216         5800        4.8         0.03                   
58           216         9000        5.1         0.12                   
59           216         6100        4.7         0.036                   
60           216         7600        4         0.073                   
61           216         7700        4.9         0.075                   
62           216         8000        4.2         0.085                   
63           216         7000        4.2         0.055                   
64           216         4000        3.9         0.011                   
65           216         5500        4.5         0.025                   
66           216         3700        4.4         0.0095                   
67           216         5400        4.2         0.024                   
68           216         7800        5         0.076                   
69           216         6600        4.1         0.046                   
70           216         8100        4.4         0.088                   
71           216         9000        4.5         0.13                   
72           216         7400        4.5         0.071                   
73           216         8100        4.2         0.096                   
74           216         5200        4.6         0.023                   
75           216         6500        4.6         0.046                   
76           216         8000        4.2         0.093                   
77           216         8100        3.9         0.094                   
78           216         8900        4.3         0.12                   
79           216         6900        4.1         0.058                   
80           216         7900        4.6         0.088                   
81           216         4900        4.5         0.02                   
82           216         8300        4.6         0.1                   
83           216         2000        4.6         0.0037                   
84           216         6100        4.1         0.038                   
85           216         8800        4.6         0.12                   
86           216         4800        4.3         0.019                   
87           216         4100        4         0.013                   
88           216         7600        3.7         0.078                   
89           216         4500        3.9         0.015                   
90           216         9000        4.7         0.12                   
91           216         9100        4         0.13                   
92           216         5100        3.9         0.021                   
93           216         8100        4.7         0.093                   
94           216         8900        4.5         0.12                   
95           216         900        3.6         0.00064                   
96           216         1900        4         0.0033                   
97           216         6900        4.6         0.056                   
98           216         6100        3.7         0.037                   
99           216         7500        4.3         0.074                   
100           216         8100        4.9         0.095                   
101           216         5700        3.7         0.03                   
102           216         2600        4.4         0.005                   
103           216         6200        3.9         0.039                   
104           216         6700        3.1         0.05                   
105           216         7600        4.6         0.075                   
106           216         6200        4.5         0.038                   
107           216         8600        4.1         0.11                   
108           216         450        4         0.0014                   
109           216         7800        4.4         0.081                   
110           216         7100        3.9         0.06                   
111           216         4900        3.7         0.019                   
112           216         2400        4.2         0.0042                   
113           216         7800        4.7         0.081                   
114           216         9000        4.1         0.12                   
115           216         8800        4.4         0.11                   
116           216         7300        4.5         0.066                   
117           216         6300        3.7         0.039                   
118           216         4100        3.6         0.011                   
119           216         7800        3.7         0.083                   
120           216         3200        4.5         0.0067                   
121           216         6200        3.9         0.038                   
122           216         6700        4.5         0.049                   
123           216         7800        3.9         0.088                   
124           216         8800        4.4         0.12                   
125           216         2000        4         0.0035                   
126           216         5700        4.5         0.03                   
127           216         6200        4.3         0.04                   
128           216         5100        5.1         0.022                   
129           216         5100        4.6         0.021                   
130           216         7800        4.1         0.088                   
131           216         8000        4.1         0.095                   
132           216         7400        4.3         0.074                   
133           216         6300        4.8         0.042                   
134           216         5400        4.7         0.025                   
135           216         3500        4.4         0.0088                   
136           216         6700        4         0.053                   
137           216         5700        3.3         0.03                   
138           216         6600        4         0.05                   
139           216         4000        4         0.011                   
140           216         3700        4         0.0094                   
141           216         6000        4.4         0.036                   
142           216         3100        4.6         0.0069                   
143           216         3000        3.9         0.0065                   
144           216         5100        4.6         0.022                   
145           216         1200        4.5         0.0023                   
146           216         4000        4.2         0.011                   
147           216         7700        4.4         0.085                   
148           216         4600        3.9         0.016                   
149           216         8500        4.2         0.11                   
150           216         6900        3.4         0.058                   
151           216         7900        4.5         0.09                   
152           216         5600        4.5         0.029                   
153           216         5600        4         0.028                   
154           216         7200        3.9         0.067                   
155           216         6400        4.8         0.045                   
156           216         5700        4.4         0.03                   
157           216         5300        4.6         0.024                   
158           216         6900        4.3         0.055                   
159           216         6200        4.2         0.038                   
160           216         6900        4.4         0.056                   
161           216         7300        4.3         0.066                   
162           216         8800        3.8         0.11                   
163           216         4700        3.6         0.017                   
164           216         6100        4.4         0.036                   
165           216         5300        3.3         0.023                   

STARTING DATA GENERATION STEP 2

Successes   Attempts   Distance   starting_1  intrinsic_1  
1           240         3700        4.4         0.0092                   
2           240         4000        3.9         0.011                   
3           240         4600        4.5         0.016                   
4           240         6200        4.7         0.037                   
5           240         4600        4.7         0.016                   
6           240         5400        4.6         0.025                   
7           240         4500        4.5         0.014                   
8           240         5700        5         0.028                   
9           240         4800        4         0.017                   
10           240         4200        3.6         0.012                   
11           240         3300        4.3         0.0072                   
12           240         4600        4.2         0.015                   
13           240         5800        4.5         0.033                   
14           240         6400        4         0.044                   
15           240         5100        4         0.022                   
16           240         4500        3.8         0.015                   
17           240         5200        4.4         0.023                   
18           240         6000        4.5         0.036                   
19           240         4500        3.6         0.015                   
20           240         920        4.5         0.0018                   
21           240         6100        4.3         0.038                   
22           240         5900        4         0.034                   
23           240         2500        4.3         0.0045                   
24           240         1900        4.6         0.0033                   
25           240         5600        4.3         0.029                   
26           240         2800        3.8         0.0061                   
27           240         5000        4.6         0.022                   
28           240         5200        3.7         0.024                   
29           240         4100        4.1         0.013                   
30           240         5700        3.3         0.032                   
31           240         6100        2.9         0.039                   
32           240         5800        4.1         0.033                   
33           240         2900        4.1         0.0065                   
34           240         220        4.6         0.0014                   
35           240         3400        4.3         0.0085                   
36           240         5700        3.7         0.032                   
37           240         4400        4.4         0.014                   
38           240         4400        3.2         0.014                   
39           240         4200        3.5         0.013                   
40           240         590        4.7         0.0015                   
41           240         6300        4.1         0.042                   
42           240         6000        3.9         0.035                   
43           240         4700        4.4         0.017                   
44           240         4300        4.1         0.014                   
45           240         6100        3.3         0.037                   
46           240         960        4.3         0.00068                   
47           240         6400        4.4         0.044                   
48           240         6100        4.4         0.038                   
49           240         850        4.4         0.0019                   
50           240         5300        4.7         0.025                   
51           240         5300        3.6         0.023                   
52           240         6300        4.6         0.04                   
53           240         5900        4.1         0.034                   
54           240         4300        3.6         0.013                   
55           240         6100        3.6         0.036                   
56           240         6000        4.6         0.035                   
57           240         4100        4.5         0.012                   
58           240         4700        3.6         0.016                   
59           240         5400        4.7         0.025                   
60           240         5800        3.8         0.032                   
61           240         4900        4.1         0.019                   
62           240         5000        4.3         0.02                   
63           240         6200        4.1         0.039                   
64           240         6000        4.1         0.034                   
65           240         2600        3.7         0.0048                   
66           240         4000        3.6         0.011                   
67           240         4700        3.9         0.017                   
68           240         5300        4.1         0.023                   
69           240         4100        4.5         0.011                   
70           240         5500        4         0.026                   
71           240         5800        4.4         0.032                   
72           240         5500        4.5         0.027                   
73           240         4400        4.4         0.014                   
74           240         6300        4         0.043                   
75           240         4500        4.3         0.016                   
76           240         6100        4.5         0.038                   
77           240         6300        4.2         0.042                   
78           240         5200        4         0.023                   
79           240         5000        4.6         0.02                   
80           240         2600        3.6         0.005                   
81           240         5900        3.9         0.034                   
82           240         5100        4.1         0.021                   
83           240         460        4.2         0.0015                   
84           240         3700        4         0.0096                   
85           240         5500        4.2         0.028                   
86           240         6100        3.7         0.038                   
87           240         5500        4         0.027                   
88           240         5000        4.2         0.021                   
89           240         5500        4.8         0.027                   
90           240         4200        4         0.013                   
91           240         6200        5.1         0.04                   
92           240         5000        4.2         0.02                   
93           240         6200        3.9         0.04                   
94           240         6300        3.6         0.04                   
95           240         3700        4.2         0.0094                   
96           240         5600        4.1         0.028                   
97           240         4100        4.3         0.012                   
98           240         4500        4.6         0.015                   
99           240         4400        4.7         0.014                   
100           240         4100        3.9         0.012                   
101           240         2000        4.7         0.0033                   
102           240         5800        4.2         0.03                   
103           240         5800        3.5         0.031                   
104           240         5000        3.4         0.019                   

STARTING DATA GENERATION STEP 3

Successes   Attempts   Distance   starting_1  intrinsic_1  
1           336         2000        4.3         0.0034                   
2           336         4100        4.6         0.011                   
3           336         3900        4.3         0.01                   
4           336         4300        4         0.013                   
5           336         4300        4.4         0.013                   
6           336         3600        4.3         0.0086                   
7           336         4500        4.1         0.014                   
8           336         100        4.3         0.001                   
9           336         3800        4.5         0.0098                   
10           336         4100        4.5         0.012                   
11           336         4400        4.6         0.013                   
12           336         3700        4         0.0092                   
13           336         3100        3.8         0.0065                   
14           336         4300        4.6         0.013                   
15           336         4200        4.7         0.012                   
16           336         1700        4.5         0.0029                   
17           336         4200        4         0.012                   
18           336         52        3.6         0.0011                   
19           336         3900        3.7         0.01                   
20           336         4400        4.6         8.3e-05                   
21           336         3900        4.5         0.011                   
22           336         1800        4.1         0.0031                   
23           336         2600        3.9         0.0048                   
24           336         3800        4.6         0.011                   
25           336         4200        3.8         0.013                   
26           336         3700        3.8         0.01                   
27           336         4300        4.1         0.015                   
28           336         4000        4         0.011                   
29           336         3800        4.6         0.01                   
30           336         3400        4.3         0.0079                   
31           336         3800        4.3         0.01                   
32           336         1200        3.6         0.0023                   
33           336         4400        4.2         0.015                   
34           336         590        4.1         0.00084                   
35           336         2600        4.4         0.0054                   
36           336         3900        3.8         0.011                   
37           336         280        4.3         0.0014                   
38           336         1700        4.5         0.0032                   
39           336         4200        4.6         0.012                   
40           336         2500        3.7         0.0046                   
41           336         3500        4         0.0081                   
42           336         3800        4.7         0.01                   
43           336         2100        4.6         0.00032                   
44           336         4300        4.4         0.013                   
45           336         1700        4.3         0.0029                   
46           336         3200        3.6         0.0067                   
47           336         880        4.3         0.0018                   
48           336         4100        4         0.012                   
49           336         3000        4.4         0.006                   
50           336         3000        4.3         0.0062                   
51           336         2100        4.3         0.0039                   
52           336         4200        3.7         0.013                   
53           336         4300        4.5         0.014                   
54           336         1600        4.6         0.0029                   
55           336         1300        4.3         0.0023                   
56           336         3700        4.1         0.0099                   
57           336         2800        4.1         0.0056                   
58           336         4400        4.1         0.015                   
59           336         4100        4.1         0.013                   
60           336         2900        4.4         0.0061                   
61           336         3600        4.7         0.009                   
62           336         3800        3.5         0.01                   
63           336         310        4         0.0014                   
64           336         3800        4.1         0.011                   
65           336         4200        4.5         0.013                   
66           336         4400        3.9         0.014                   
67           336         1200        4.5         0.0022                   
68           336         4400        4.5         0.014                   
69           336         4300        4.5         0.013                   
70           336         3700        3.8         0.009                   
71           336         2000        4.3         0.0034                   
72           336         4500        3.9         0.014                   
73           336         2900        4.6         0.0056                   
74           336         210        4.5         0.00095                   
75           336         4400        4.1         0.014                   
76           336         4100        4.6         0.012                   
77           336         3200        4.5         0.0068                   
78           336         3900        3.9         0.011                   
79           336         2900        3.9         0.006                   
80           336         2500        4.4         0.0045                   
81           336         4100        4.5         0.012                   
82           336         2600        4.7         0.0049                   
83           336         950        4.6         0.0019                   
84           336         2400        4.2         0.0043                   
85           336         4100        3.8         0.012                   
86           336         3400        4.3         0.0085                   
87           336         4300        4.1         0.015                   
88           336         3800        4.2         0.011                   
89           336         2300        4.4         0.0046                   
90           336         3100        4.6         0.0072                   
91           336         3800        4.7         0.0095                   
92           336         4400        4.5         0.014                   
93           336         3700        4         0.009                   
94           336         4500        4.4         0.014                   
95           336         3200        4         0.007                   
96           336         3300        3.9         0.0079                   
97           336         2900        4.8         0.0063                   
98           336         3100        4.3         0.0072                   
99           336         4000        4.4         0.012                   
100           336         2000        4.4         0.0035                   

STARTING DATA GENERATION STEP 4

Successes   Attempts   Distance   starting_1  intrinsic_1  
1           528         2700        3.9         0.0056                   
2           528         2300        4.5         0.0044                   
3           528         1400        4.4         0.0026                   
4           528         1900        4.4         0.0036                   
5           528         3100        4.3         0.007                   
6           528         99        4.3         0.0012                   
7           528         2900        4.5         0.0062                   
8           528         2100        4.5         0.004                   
9           528         2400        4.1         0.0048                   
10           528         1500        4.6         0.0025                   
11           528         2900        4         0.006                   
12           528         1100        4.7         0.0021                   
13           528         1900        4.1         0.0033                   
14           528         2600        4.3         0.005                   
15           528         2400        4.5         0.0043                   
16           528         2400        4.1         0.0043                   
17           528         2400        4.1         0.0043                   
18           528         3000        4.3         0.006                   
19           528         740        4.1         0.00073                   
20           528         1400        4.4         0.0025                   
21           528         1600        3.9         0.0029                   
22           528         1600        4.1         0.00046                   
23           528         280        4.5         0.00096                   
24           528         1200        4.5         0.0023                   
25           528         2600        4         0.0052                   
26           528         1900        4.4         0.0034                   
27           528         1800        4.1         0.0033                   
28           528         2600        4         0.0052                   
29           528         170        4.1         0.0012                   
30           528         2800        4         0.0058                   
31           528         2500        4.2         0.0046                   
32           528         2100        4.3         0.004                   
33           528         2000        4.4         0.0038                   
34           528         2000        3.8         0.0038                   
35           528         930        4.1         0.00071                   
36           528         2700        4.6         0.0052                   
37           528         1600        3.8         0.00043                   
38           528         1500        3.5         0.0026                   
39           528         2600        4.5         0.0051                   
40           528         1100        4.5         0.0021                   
41           528         2300        4.3         0.0042                   
42           528         1300        4.4         0.0024                   
43           528         3100        4         0.0066                   
44           528         3000        4.6         0.0065                   
45           528         3000        4.1         0.0063                   
46           528         3000        4.6         0.0069                   
47           528         2700        3.7         0.0055                   
48           528         2600        4.3         0.0052                   
49           528         930        4.6         0.002                   
50           528         1400        4.4         0.00051                   
51           528         330        4.4         0.0014                   
52           528         2200        4.4         0.0043                   
53           528         2300        4.2         0.0042                   
54           528         2900        4.4         0.0058                   
55           528         1500        4         0.00044                   
56           528         2900        4.6         0.0059                   
57           528         2200        4.7         0.0039                   
58           528         2800        4.4         0.0056                   
59           528         680        3.9         0.0017                   
60           528         2700        4.2         0.0053                   
61           528         1400        4.2         0.0026                   
62           528         490        4.3         0.0015                   
63           528         1700        4.6         0.003                   
64           528         2800        3.8         0.0059                   
65           528         1900        4.3         0.0034                   
66           528         2300        4.4         0.0044                   
67           528         8.8        4.3         0.0011                   
68           528         2600        4.2         0.005                   
69           528         2700        4.5         0.0052                   
70           528         1300        4.3         0.00052                   
71           528         1400        4.4         0.0027                   
72           528         3000        4.2         0.0069                   
73           528         3100        4         0.0073                   
74           528         2500        4.2         0.0051                   
75           528         660        4.2         0.0018                   
76           528         370        4.3         0.00098                   
77           528         2900        4.3         0.006                   
78           528         2400        4.6         0.0046                   
79           528         620        4.5         0.0016                   
80           528         3000        4.5         0.0064                   
81           528         3100        4         0.0067                   
82           528         1800        4.6         0.0031                   
83           528         900        4.3         0.0019                   
84           528         3000        4.4         0.0063                   
85           528         2200        4         0.0041                   
86           528         2800        4.2         0.0056                   
87           528         1700        4.4         0.00041                   
88           528         1000        3.9         0.00066                   
89           528         1900        4.4         0.0035                   
90           528         2700        4.1         0.0056                   
91           528         2900        4.4         0.0064                   
92           528         1800        4.5         0.0034                   
93           528         1300        4.6         0.00058                   
94           528         2900        4.1         0.0066                   
95           528         1500        4.4         0.0028                   
96           528         1300        4.4         0.0025                   
97           528         2000        4.1         0.00035                   
98           528         2800        4.1         0.0056                   
99           528         830        4.2         0.0018                   
100           528         2300        4.2         0.0041                   
101           528         1800        4.6         0.003                   
102           528         820        4.2         0.0017                   

STARTING DATA GENERATION STEP 5

Successes   Attempts   Distance   starting_1  intrinsic_1  
1           912         1300        4         0.0026                   
2           912         1300        4.4         0.00056                   
3           912         2200        4.5         0.0042                   
4           912         750        4.4         0.0018                   
5           912         460        4.3         0.0014                   
6           912         470        4         0.0014                   
7           912         2200        4.2         0.004                   
8           912         1600        4         0.0029                   
9           912         1200        4.2         0.00057                   
10           912         510        4.1         0.0015                   
11           912         1700        4         0.0031                   
12           912         1000        4.6         0.002                   
13           912         470        3.9         0.00085                   
14           912         180        4.2         0.001                   
15           912         710        4.4         0.0018                   
16           912         1000        4.3         0.0022                   
17           912         1200        4.6         0.0024                   
18           912         1800        4.3         0.0031                   
19           912         1200        4.2         0.0023                   
20           912         820        4.5         0.00069                   
21           912         2100        4.6         0.0036                   
22           912         2000        4.2         0.00035                   
23           912         2000        4.3         0.0036                   
24           912         100        4.4         0.0011                   
25           912         2000        4.1         0.0038                   
26           912         1100        4.1         0.0022                   
27           912         1800        4.4         0.0033                   
28           912         220        4.6         0.0013                   
29           912         900        4.2         0.002                   
30           912         1800        4.3         0.003                   
31           912         2200        4.2         0.0039                   
32           912         1400        4.3         0.0025                   
33           912         2100        4.4         0.0037                   
34           912         340        4.4         0.00089                   
35           912         690        4.2         0.00073                   
36           912         840        4.2         0.00066                   
37           912         21        4.3         0.0011                   
38           912         2200        4.4         3e-04                   
39           912         770        4.4         0.0018                   
40           912         1600        3.7         0.0029                   
41           912         520        4.2         0.0015                   
42           912         250        4.4         0.0013                   
43           912         140        4.2         0.0012                   
44           912         2000        3.9         0.0035                   
45           912         1900        4.1         0.0033                   
46           912         350        4.2         0.0014                   
47           912         1700        4.5         0.00041                   
48           912         1500        4.3         0.00047                   
49           912         73        4.2         0.0011                   
50           912         1200        4.1         0.0025                   
51           912         1200        4.5         0.0024                   
52           912         450        4.5         0.0016                   
53           912         590        4.6         0.0017                   
54           912         1200        4.2         0.0022                   
55           912         390        4         0.00089                   
56           912         630        4.2         0.0016                   
57           912         2200        4.3         0.0039                   
58           912         270        4.3         0.0013                   
59           912         580        4.6         0.0015                   
60           912         1500        4.2         0.00046                   
61           912         1500        4.6         0.0027                   
62           912         1300        3.9         0.00053                   
63           912         810        4         7e-04                   
64           912         1200        4.4         0.00057                   
65           912         1400        4.5         0.00053                   
66           912         730        4.3         0.0018                   
67           912         210        4.6         0.0013                   
68           912         860        4.4         0.002                   
69           912         1300        4         0.0024                   
70           912         2100        4.4         0.0038                   
71           912         2100        4         0.0036                   
72           912         880        4.7         0.00065                   
73           912         690        4.3         0.00072                   
74           912         220        4.5         0.00095                   
75           912         77        4.4         0.0011                   
76           912         1800        4.1         0.0032                   
77           912         750        4.2         0.00073                   
78           912         2000        4.3         0.0038                   
79           912         2100        4.5         0.0041                   
80           912         1100        4.2         0.0022                   
81           912         1600        4.5         0.003                   
82           912         1900        4.4         0.0035                   
83           912         1500        4         0.0027                   
84           912         40        4.6         0.0012                   
85           912         2000        4.4         0.0036                   
86           912         2100        4         0.0035                   
87           912         410        4.1         0.0013                   
88           912         1600        4.5         0.0029                   
89           912         1500        3.9         0.0028                   
90           912         1900        4         0.0036                   
91           912         1500        4.2         0.0027                   
92           912         1400        4.6         0.0024                   
93           912         390        4.4         0.00085                   
94           912         900        4.3         0.0018                   
95           912         1800        4.6         0.0031                   
96           912         1400        4.1         0.0023                   
97           912         1500        4.5         0.0029                   
98           912         1700        4.5         0.0032                   
99           912         1100        4.4         0.00063                   
100           912         1400        4.1         0.0028                   
101           912         1600        4.3         0.00043                   
102           912         900        4.5         0.0018                   
103           912         1400        4.2         0.0026                   
104           912         2100        4         0.004                   
105           912         750        4.4         0.0018                   
106           912         1500        4.2         0.0028                   
107           912         1500        4         0.0027                   
108           912         880        4.4         0.0019                   
109           912         730        4.2         0.0018                   
110           912         450        4.5         0.0015                   
111           912         810        4         0.00069                   
112           912         1900        4.1         0.00036                   
113           912         1100        4.1         0.0021                   
114           912         1300        4.2         0.0024                   
115           912         870        4.1         0.00068                   
116           912         1200        4.6         0.00057                   
117           912         430        4.6         0.0014                   
118           912         160        4.1         0.0012                   
119           912         54        4.3         0.0012                   
120           912         1200        4.4         0.0021                   
Collection of simulation particles under PRC completed in 27000 seconds...
Run finished...
...


Beginning PRC Run 2 out of a total of 2...
Number of initial simulations set to 100
Doing initial simulations...
Initial simulations took 3162.152 seconds
Finding distribution of distances...
Beginning partial rejection control algorithm...

STARTING DATA GENERATION STEP 1

Successes   Attempts   Distance   starting_1  intrinsic_1  
1           216         7400        3.7         0.056                   
2           216         3200        4         0.0065                   
3           216         6500        3.8         0.035                   
4           216         5500        4.3         0.021                   
5           216         5500        3.5         0.021                   
6           216         1800        3.9         0.0031                   
7           216         6100        4         0.029                   
8           216         5900        4.1         0.026                   
9           216         8900        4.4         0.11                   
10           216         1000        4.5         0.002                   
11           216         7200        4.5         0.05                   
12           216         5800        4.6         0.024                   
13           216         4100        4.6         0.01                   
14           216         730        3.8         0.0017                   
15           216         8400        4.5         0.09                   
16           216         6400        3.9         0.033                   
17           216         9100        4.1         0.13                   
18           216         5300        4.2         0.018                   
19           216         6600        3.2         0.034                   
20           216         1800        3.6         0.00042                   
21           216         7300        4.4         0.051                   
22           216         8300        5.1         0.085                   
23           216         2400        3.8         0.0038                   
24           216         3500        4.5         0.0067                   
25           216         9100        3.8         0.12                   
26           216         9300        4.4         0.13                   
27           216         6600        4.5         0.035                   
28           216         7000        4.1         0.043                   
29           216         8500        4.2         0.095                   
30           216         4500        4.3         0.012                   
31           216         6400        4.2         0.032                   
32           216         930        4.3         0.0018                   
33           216         3900        4.4         0.0081                   
34           216         7100        3.7         0.042                   
35           216         7800        4.9         0.061                   
36           216         7900        4.7         0.062                   
37           216         8300        3.7         0.077                   
38           216         3500        4.7         0.0067                   
39           216         4500        4.2         0.011                   
40           216         6800        4.5         0.037                   
41           216         7300        4         0.046                   
42           216         8100        4.7         0.07                   
43           216         8400        4.7         0.079                   
44           216         6400        4.4         0.03                   
45           216         6900        4         0.038                   
46           216         8300        4         0.075                   
47           216         3500        4.3         0.0066                   
48           216         6200        3.9         0.03                   
49           216         6400        3.9         0.033                   
50           216         1500        4.4         0.0024                   
51           216         8100        4.6         0.079                   
52           216         1400        3.4         0.00055                   
53           216         9000        4.1         0.12                   
54           216         710        4.2         0.0016                   
55           216         8300        4.1         0.09                   
56           216         8500        4.3         0.099                   
57           216         3500        3.7         0.007                   
58           216         6100        4.6         0.029                   
59           216         6700        4.6         0.038                   
60           216         6800        4.5         0.04                   
61           216         7600        4.1         0.063                   
62           216         5100        3.6         0.016                   
63           216         5800        4         0.023                   
64           216         9000        4.7         0.13                   
65           216         8700        4         0.11                   
66           216         8300        4.6         0.091                   
67           216         5100        4.5         0.016                   
68           216         7900        4.4         0.076                   
69           216         8600        3.4         0.11                   
70           216         6600        3.9         0.038                   
71           216         5300        4         0.018                   
72           216         7600        4.1         0.065                   
73           216         7400        4.2         0.057                   
74           216         6100        4.2         0.028                   
75           216         7300        4.4         0.053                   
76           216         8900        3.7         0.13                   
77           216         1700        3.3         0.0027                   
78           216         8500        3.8         0.097                   
79           216         1200        4.5         0.0021                   
80           216         8200        3.8         0.084                   
81           216         8900        4.3         0.12                   
82           216         7600        4         0.061                   
83           216         7200        3.9         0.05                   
84           216         6100        4.3         0.028                   
85           216         2800        4.1         0.0049                   
86           216         8500        5         0.097                   
87           216         5500        4.5         0.021                   
88           216         7500        3.8         0.059                   
89           216         8800        4.4         0.11                   
90           216         170        4         0.001                   
91           216         7800        3.8         0.067                   
92           216         7200        4.4         0.05                   
93           216         8800        4         0.11                   
94           216         3600        3.8         0.0075                   
95           216         8500        4.5         0.096                   
96           216         7100        3.9         0.051                   
97           216         1200        3.6         0.00064                   
98           216         7500        4.4         0.062                   
99           216         8600        3.9         0.11                   
100           216         8300        4.3         0.098                   
101           216         8100        3.6         0.087                   
102           216         5300        5.3         0.02                   
103           216         8100        4.1         0.087                   
104           216         4600        4.1         0.014                   
105           216         8400        3.5         0.1                   
106           216         6600        4         0.04                   
107           216         3900        3.5         0.0092                   
108           216         8800        3.8         0.12                   
109           216         6300        4.3         0.034                   
110           216         5700        4.9         0.024                   
111           216         7700        4.4         0.071                   
112           216         4700        4.2         0.015                   
113           216         8700        3.7         0.12                   
114           216         4700        3.7         0.013                   
115           216         2900        3.9         0.00024                   
116           216         8600        3.8         0.11                   
117           216         8000        3.9         0.076                   
118           216         8500        4.2         0.097                   
119           216         7000        4.2         0.046                   
120           216         7500        3.6         0.058                   
121           216         8300        4.3         0.089                   
122           216         9200        3.9         0.14                   
123           216         8500        4.2         0.099                   
124           216         6700        4.7         0.038                   
125           216         9200        4.2         0.13                   
126           216         5200        4         0.018                   
127           216         6400        3.7         0.033                   
128           216         5900        3.9         0.025                   
129           216         8200        4.6         0.085                   
130           216         7800        4.7         0.067                   
131           216         8300        4.7         0.085                   
132           216         8400        4.6         0.092                   
133           216         3100        3.8         0.0056                   
134           216         7100        4         0.045                   
135           216         6700        4.1         0.037                   
136           216         8000        4.1         0.073                   
137           216         6400        4.5         0.032                   
138           216         7000        4.2         0.044                   
139           216         8700        4.1         0.1                   
140           216         6000        4.6         0.026                   
141           216         4600        3.3         0.012                   
142           216         8200        5         0.082                   
143           216         9100        4.1         0.12                   
144           216         7800        4.3         0.067                   
145           216         2700        3.9         0.0045                   
146           216         7700        4.2         0.065                   
147           216         910        4.7         0.0018                   
148           216         5300        3.6         0.018                   
149           216         4900        4.5         0.015                   
150           216         8800        4.6         0.11                   
151           216         7300        3.5         0.052                   

STARTING DATA GENERATION STEP 2

Successes   Attempts   Distance   starting_1  intrinsic_1  
1           288         6400        3.9         0.032                   
2           288         1600        4.6         0.0028                   
3           288         4600        4         0.013                   
4           288         2300        3.9         0.004                   
5           288         6000        4.5         0.027                   
6           288         5800        4.5         0.025                   
7           288         6000        4.6         0.027                   
8           288         2700        4         0.0048                   
9           288         6000        4.5         0.025                   
10           288         2100        3.6         0.0033                   
11           288         6400        4.4         0.032                   
12           288         1800        3.8         0.00042                   
13           288         5400        4         0.019                   
14           288         5300        4.5         0.017                   
15           288         5700        3.7         0.022                   
16           288         5400        4.1         0.018                   
17           288         5400        4.5         0.018                   
18           288         2500        3.7         0.0039                   
19           288         4600        3.8         0.012                   
20           288         5000        3.3         0.014                   
21           288         5200        4.5         0.016                   
22           288         4300        4.4         0.01                   
23           288         5000        3.9         0.016                   
24           288         1900        3.6         0.003                   
25           288         6300        4.7         0.031                   
26           288         4800        4.2         0.014                   
27           288         6300        4.3         0.032                   
28           288         3200        4         0.0059                   
29           288         3100        4.2         0.0056                   
30           288         4900        4.1         0.015                   
31           288         5900        4.7         0.025                   
32           288         6300        4.1         0.032                   
33           288         4700        3.8         0.013                   
34           288         5600        3.3         0.021                   
35           288         2500        3.7         0.0042                   
36           288         1800        3.7         0.0029                   
37           288         4300        3.7         0.011                   
38           288         5800        4.4         0.024                   
39           288         6500        4.2         0.035                   
40           288         2900        4         0.0053                   
41           288         4800        4.3         0.014                   
42           288         2000        4         0.0032                   
43           288         5900        3.5         0.025                   
44           288         3200        4.6         0.0059                   
45           288         5900        5         0.025                   
46           288         6400        4.4         0.032                   
47           288         3900        3.6         0.0088                   
48           288         240        3.8         0.00099                   
49           288         6400        3.8         0.032                   
50           288         5000        4.2         0.017                   
51           288         950        3.6         0.00074                   
52           288         3900        4.4         0.0096                   
53           288         3200        4.2         0.0065                   
54           288         4900        3.6         0.016                   
55           288         2400        4.2         0.0042                   
56           288         5700        4.1         0.024                   
57           288         3500        3.7         0.0076                   
58           288         5700        3.8         0.024                   
59           288         4600        4.2         0.013                   
60           288         3200        4.2         0.0059                   
61           288         5200        3.7         0.017                   
62           288         5900        4.5         0.025                   
63           288         4800        4.6         0.014                   
64           288         4000        4.3         0.009                   
65           288         6300        3.7         0.031                   
66           288         6000        4.2         0.026                   
67           288         5000        4.5         0.016                   
68           288         4600        4         0.012                   
69           288         6100        4.2         0.027                   
70           288         6100        4.1         0.028                   
71           288         4900        3.9         0.014                   
72           288         5200        3.9         0.017                   
73           288         4100        4.7         0.0095                   
74           288         6300        3.9         0.03                   
75           288         5500        3.3         0.02                   
76           288         4000        3.7         0.0089                   
77           288         6200        3.8         0.028                   
78           288         2600        4.1         0.0042                   
79           288         3500        4.4         0.007                   
80           288         5400        3.6         0.019                   
81           288         5100        4.5         0.016                   
82           288         3600        4         0.0073                   
83           288         3700        4.4         0.0082                   
84           288         6200        4.5         0.03                   
85           288         3900        4.5         0.009                   
86           288         6400        3.9         0.033                   
87           288         3700        4.1         0.0081                   
88           288         6300        4         0.032                   
89           288         6300        3.9         0.032                   
90           288         5500        4.1         0.019                   
91           288         3500        4.1         0.0067                   
92           288         2200        4.6         0.0035                   
93           288         4200        3.8         0.0099                   
94           288         5800        5.4         0.023                   
95           288         4100        3.8         0.0095                   
96           288         5800        4.2         0.022                   
97           288         5900        3.9         0.024                   
98           288         4400        3.9         0.011                   
99           288         5200        3.4         0.018                   
100           288         5200        3.9         0.018                   
101           288         4900        4.1         0.015                   
102           288         5400        3.4         0.019                   
103           288         5200        3.7         0.018                   
104           288         3500        5.3         0.0075                   
105           288         5500        4.2         0.021                   
106           288         4100        3.9         0.01                   
107           288         2900        4         0.00026                   
108           288         5700        4.5         0.023                   
109           288         120        4.1         0.0013                   
110           288         6500        4.6         0.033                   

STARTING DATA GENERATION STEP 3

Successes   Attempts   Distance   starting_1  intrinsic_1  
1           408         4200        4.4         0.011                   
2           408         3100        4         0.0059                   
3           408         3400        4.6         0.0071                   
4           408         2100        3.9         0.0036                   
5           408         4500        3.7         0.013                   
6           408         1400        3.9         0.0025                   
7           408         4300        3.7         0.011                   
8           408         4500        4.1         0.012                   
9           408         4000        3.7         0.009                   
10           408         2400        4.6         0.0038                   
11           408         4000        3.3         0.0088                   
12           408         2100        4.4         0.0034                   
13           408         4500        3.7         0.012                   
14           408         4000        4.1         0.0086                   
15           408         4300        3.8         0.01                   
16           408         2800        4.1         0.00024                   
17           408         4400        4.5         0.011                   
18           408         4300        4.8         0.01                   
19           408         3600        3.6         0.0073                   
20           408         2500        4.7         0.0042                   
21           408         4400        4.2         0.012                   
22           408         4100        4.3         0.0099                   
23           408         2600        3.7         0.0045                   
24           408         3900        4.4         0.009                   
25           408         3200        3.8         0.0062                   
26           408         460        4.1         0.0014                   
27           408         3600        4.6         0.0076                   
28           408         1700        4.3         0.0028                   
29           408         3600        4         0.0076                   
30           408         2600        3.7         0.0046                   
31           408         2600        3.7         0.0045                   
32           408         1700        3.5         0.0028                   
33           408         350        4.4         0.0013                   
34           408         490        4.5         0.00094                   
35           408         3600        4.3         0.0079                   
36           408         3200        4.5         0.0065                   
37           408         2500        4.1         0.0046                   
38           408         3100        4         0.0062                   
39           408         4200        3.8         0.011                   
40           408         2700        4.2         0.0045                   
41           408         2500        4.5         0.0042                   
42           408         2400        4.3         0.004                   
43           408         2600        4.1         0.0043                   
44           408         4400        4.4         0.011                   
45           408         740        3.8         0.0016                   
46           408         4200        4.1         0.01                   
47           408         2700        4.2         0.0047                   
48           408         2800        3.9         0.0048                   
49           408         3100        4.5         0.0055                   
50           408         4100        3.8         0.0096                   
51           408         4100        4.1         0.0093                   
52           408         3300        4.1         0.0065                   
53           408         4300        4.4         0.011                   
54           408         3500        3.8         0.0069                   
55           408         750        3.7         0.00079                   
56           408         1900        3.8         0.0032                   
57           408         4100        3.8         0.01                   
58           408         980        4.5         0.002                   
59           408         4400        4.3         0.012                   
60           408         4400        4.2         0.011                   
61           408         4100        4.1         0.0093                   
62           408         1800        3.8         0.0027                   
63           408         1500        4.3         0.0023                   
64           408         1400        4.5         0.0022                   
65           408         2100        4.4         0.0032                   
66           408         1100        4.4         0.00059                   
67           408         3900        3.7         0.0084                   
68           408         4400        4.3         0.011                   
69           408         1900        4.1         0.0028                   
70           408         3000        4         0.005                   
71           408         4200        4.3         0.0096                   
72           408         2100        4.4         0.0034                   
73           408         3200        4.1         0.0062                   
74           408         3700        3.6         0.008                   
75           408         1800        3.8         0.0029                   
76           408         3700        3.9         0.0078                   
77           408         4400        3.9         0.011                   
78           408         2600        3.7         0.0046                   
79           408         130        4.2         0.0012                   
80           408         4400        4.5         0.012                   
81           408         4000        3.8         0.0094                   
82           408         3500        3.8         0.0073                   
83           408         3100        4.4         0.0058                   
84           408         2500        4.4         0.0041                   
85           408         4500        4.1         0.012                   
86           408         2800        4.1         0.0048                   
87           408         3400        3.9         0.0068                   
88           408         4500        4.5         0.012                   
89           408         2100        3.6         0.0034                   
90           408         4100        4.6         0.0098                   
91           408         4200        4         0.00013                   
92           408         4200        4.1         0.011                   
93           408         4500        4.9         0.013                   
94           408         3700        4.5         0.0085                   
95           408         1600        3.7         0.0028                   
96           408         4000        4.1         0.01                   
97           408         3100        4         0.0057                   
98           408         1400        4.2         0.0023                   
99           408         2400        4.1         0.00032                   
100           408         4400        4.1         0.011                   
101           408         1300        4.5         0.0022                   
102           408         4200        4.1         0.01                   
103           408         2500        4.2         0.0041                   
104           408         3100        4.1         0.0056                   
105           408         4000        4.3         0.0091                   

STARTING DATA GENERATION STEP 4

Successes   Attempts   Distance   starting_1  intrinsic_1  
1           600         2300        4.8         0.004                   
2           600         3100        4.2         0.006                   
3           600         2700        4.1         0.0049                   
4           600         700        4.3         0.00075                   
5           600         630        4.5         0.0015                   
6           600         2300        4.3         0.0037                   
7           600         1900        4.2         0.0029                   
8           600         390        4.2         0.00087                   
9           600         1100        4.3         0.0019                   
10           600         330        4         0.0013                   
11           600         2400        4.2         0.0041                   
12           600         3000        3.5         0.0054                   
13           600         830        3.9         0.00072                   
14           600         2000        4         0.0032                   
15           600         1100        4         0.0019                   
16           600         2600        4.5         0.0044                   
17           600         830        4.4         0.0017                   
18           600         3100        4.6         0.0057                   
19           600         2400        3.8         0.0039                   
20           600         1700        4         0.0029                   
21           600         2700        4.5         0.0051                   
22           600         2500        4.3         0.0046                   
23           600         2000        4         0.0036                   
24           600         2900        4.3         0.0057                   
25           600         2900        3.8         0.0056                   
26           600         2100        4.1         0.0034                   
27           600         50        4.5         0.0011                   
28           600         60        3.6         0.0011                   
29           600         1900        4.2         0.003                   
30           600         1900        4.3         0.003                   
31           600         380        4.1         0.0013                   
32           600         2400        4.1         0.0039                   
33           600         3100        4.3         0.0056                   
34           600         1200        4.1         0.0022                   
35           600         3000        3.9         0.0053                   
36           600         2200        4.3         0.0035                   
37           600         3100        4.1         0.0061                   
38           600         2000        3.8         0.0034                   
39           600         2100        3.9         0.0033                   
40           600         1000        4.6         0.0018                   
41           600         820        4.4         0.0017                   
42           600         2400        3.9         0.0039                   
43           600         3000        3.6         0.0051                   
44           600         2900        4.1         0.0052                   
45           600         2300        3.7         0.0038                   
46           600         3100        4.1         0.0058                   
47           600         1100        4.2         0.002                   
48           600         1500        3.9         0.0025                   
49           600         3000        4.1         0.0055                   
50           600         2000        4.5         0.00039                   
51           600         2600        4.4         0.0045                   
52           600         3100        4.6         0.0058                   
53           600         2700        4.4         0.0045                   
54           600         990        4         0.00066                   
55           600         1900        4.3         0.003                   
56           600         880        4.1         7e-04                   
57           600         1900        3.6         0.0032                   
58           600         2900        4         0.0057                   
59           600         1400        4.1         0.0026                   
60           600         1200        4         0.0023                   
61           600         1400        3.9         0.0023                   
62           600         2600        4.3         0.0044                   
63           600         1500        4         0.0025                   
64           600         1000        3.8         0.00065                   
65           600         2200        4.1         0.0034                   
66           600         1500        4.5         5e-04                   
67           600         1500        3.7         0.0025                   
68           600         270        3.9         0.0013                   
69           600         230        3.8         0.001                   
70           600         2900        4.4         0.0052                   
71           600         2400        4.1         0.004                   
72           600         3100        4         0.0058                   
73           600         2700        3.9         0.0049                   
74           600         2600        4.1         0.0047                   
75           600         2200        4.2         0.0038                   
76           600         1100        4         0.0021                   
77           600         2400        4         0.0044                   
78           600         430        4.4         0.00097                   
79           600         2800        3.8         0.0054                   
80           600         3100        4.2         0.0062                   
81           600         1300        3.6         0.0025                   
82           600         3000        3.9         0.0054                   
83           600         860        4.2         0.0017                   
84           600         3100        4.4         0.0057                   
85           600         510        4.5         0.00084                   
86           600         390        4.5         0.00087                   
87           600         3000        4.3         0.0051                   
88           600         820        4.1         0.0017                   
89           600         910        4.4         0.0017                   
90           600         2300        3.8         0.0036                   
91           600         3000        4.6         0.0051                   
92           600         1900        4.4         0.003                   
93           600         770        4.2         0.0016                   
94           600         2800        3.7         0.0048                   
95           600         3000        4.4         0.0054                   
96           600         1800        3.9         0.0028                   
97           600         2500        3.7         0.004                   
98           600         2300        3.9         0.0036                   
99           600         2900        3.9         0.0052                   
100           600         520        4.2         0.00085                   
101           600         2900        4.4         0.00024                   
102           600         910        4.2         0.0018                   
103           600         34        4         0.0011                   
104           600         2800        4.2         0.0048                   
105           600         840        4         0.00072                   
106           600         18        3.9         0.0012                   
107           600         2800        4         0.00027                   

STARTING DATA GENERATION STEP 5

Successes   Attempts   Distance   starting_1  intrinsic_1  
1           1152         280        4.2         0.0014                   
2           1152         1700        4.2         0.0029                   
3           1152         1000        4.1         0.0018                   
4           1152         1700        4.2         0.0027                   
5           1152         510        4         0.0014                   
6           1152         780        4.1         0.0016                   
7           1152         1200        4.1         0.0022                   
8           1152         1600        3.7         0.0027                   
9           1152         1700        4.1         0.0027                   
10           1152         570        3.9         0.0015                   
11           1152         1100        4.1         0.0022                   
12           1152         1400        3.9         0.0023                   
13           1152         1100        3.9         0.00062                   
14           1152         720        4         0.00076                   
15           1152         540        3.8         0.0015                   
16           1152         1100        4.2         0.00064                   
17           1152         530        4.2         0.00083                   
18           1152         1600        4.1         0.0026                   
19           1152         2000        4         0.0032                   
20           1152         1300        4.1         0.0023                   
21           1152         1500        4         0.0023                   
22           1152         1300        3.7         0.00056                   
23           1152         1300        4         0.0021                   
24           1152         950        3.9         0.00065                   
25           1152         1200        4         6e-04                   
26           1152         580        4.1         0.00084                   
27           1152         560        4.1         0.00084                   
28           1152         2000        4         0.0033                   
29           1152         750        4.2         0.0017                   
30           1152         360        4.5         0.0013                   
31           1152         2100        3.8         0.00037                   
32           1152         1800        3.9         0.0032                   
33           1152         570        4         0.0016                   
34           1152         2000        4.6         0.0033                   
35           1152         170        4.2         0.0012                   
36           1152         1200        3.9         0.002                   
37           1152         2200        3.9         0.00034                   
38           1152         390        3.9         0.00092                   
39           1152         1500        4.7         0.0024                   
40           1152         540        3.8         0.00089                   
41           1152         160        4.3         0.0013                   
42           1152         1300        4.4         0.0024                   
43           1152         1800        4         0.0032                   
44           1152         1900        4         0.003                   
45           1152         520        3.7         0.00082                   
46           1152         2000        4         0.0031                   
47           1152         990        3.9         0.0018                   
48           1152         1900        4.4         0.003                   
49           1152         2000        4.1         0.0032                   
50           1152         2100        4         0.0037                   
51           1152         1500        4         0.00053                   
52           1152         2000        3.8         0.0033                   
53           1152         330        4.1         0.0014                   
54           1152         470        4.1         0.0013                   
55           1152         1200        4.5         0.002                   
56           1152         1100        4         0.00057                   
57           1152         930        4.1         0.0017                   
58           1152         990        4         0.0017                   
59           1152         1800        4         0.0026                   
60           1152         370        4.2         0.00085                   
61           1152         1900        3.9         0.0028                   
62           1152         910        3.7         0.00069                   
63           1152         1600        4.1         0.0027                   
64           1152         1600        4.3         0.0028                   
65           1152         860        4.2         0.0017                   
66           1152         2100        4.2         0.0032                   
67           1152         64        4         0.0011                   
68           1152         1200        4         0.0023                   
69           1152         290        4.3         0.0014                   
70           1152         2000        4.4         0.0035                   
71           1152         1900        3.9         0.00044                   
72           1152         2200        4         0.0035                   
73           1152         510        3.9         0.0014                   
74           1152         970        4         0.0018                   
75           1152         810        3.8         0.00076                   
76           1152         1200        3.9         0.0021                   
77           1152         1000        3.7         0.00067                   
78           1152         1900        4         0.0032                   
79           1152         750        4.4         0.0017                   
80           1152         1700        4.2         0.0028                   
81           1152         800        4.2         0.0017                   
82           1152         1700        3.8         0.0027                   
83           1152         1700        4.2         0.00046                   
84           1152         260        4.1         0.0013                   
85           1152         2200        4         0.0034                   
86           1152         1800        4.2         0.0027                   
87           1152         1100        4.3         0.002                   
88           1152         290        4.3         0.00096                   
89           1152         1200        3.9         6e-04                   
90           1152         110        4.1         0.00098                   
91           1152         1400        4.2         0.0022                   
92           1152         1200        4.4         0.002                   
93           1152         170        4.6         0.00095                   
94           1152         460        4.3         0.0013                   
95           1152         200        4         0.00089                   
96           1152         48        3.8         0.001                   
97           1152         720        4.1         0.00067                   
98           1152         550        3.9         0.0013                   
99           1152         240        4.6         0.00099                   
100           1152         220        4.3         0.0013                   
101           1152         1500        4.6         0.0025                   
102           1152         470        4.3         0.00091                   
103           1152         780        4.4         0.0018                   
104           1152         790        4         0.00076                   
105           1152         1200        4         0.00061                   
106           1152         1100        4         0.002                   
107           1152         1300        3.8         0.0023                   
108           1152         1100        4         0.00065                   
109           1152         510        4.3         0.00089                   
110           1152         520        4.2         0.0014                   
111           1152         1100        4.1         0.0019                   
112           1152         150        3.8         0.0012                   
113           1152         1900        4.3         4e-04                   
114           1152         780        4         0.0018                   
115           1152         2100        4.5         0.0035                   
116           1152         1400        4.3         0.0025                   
117           1152         1400        4.3         0.0022                   
118           1152         1300        3.9         0.0021                   
119           1152         2100        4.4         0.0035                   
120           1152         2200        4         0.00036                   
121           1152         1100        3.9         0.00063                   
Collection of simulation particles under PRC completed in 34000 seconds...
Run finished...
...


Function completed in 160000 seconds.
There were 22 warnings (use warnings() to see them)
