000 (077.000.000) 07/31 22:38:52 Job submitted from host: <160.36.155.106:9618?addrs=160.36.155.106-9618&noUDP&sock=27742_4872_4>
...
033 (077.000.000) 07/31 22:39:23 Changing job attribute JobPrio from 0 to 1
...
033 (077.000.000) 08/02 14:17:28 Changing job attribute JobPrio from 1 to 1
...
012 (077.000.000) 08/03 14:16:46 Job was held.
	via condor_hold (by user bomeara)
	Code 1 Subcode 0
...
013 (077.000.000) 08/03 15:02:08 Job was released.
	via condor_release (by user bomeara)
...
001 (077.000.000) 08/07 07:58:54 Job executing on host: <10.129.199.164:9618?addrs=10.129.199.164-9618&noUDP&sock=2339_f01b_4>
...
006 (077.000.000) 08/07 07:59:03 Image size of job updated: 4200336
	4095  -  MemoryUsage of job (MB)
	4192336  -  ResidentSetSize of job (KB)
...
006 (077.000.000) 08/07 08:04:04 Image size of job updated: 5393304
	5260  -  MemoryUsage of job (MB)
	5385304  -  ResidentSetSize of job (KB)
...
006 (077.000.000) 08/07 08:14:05 Image size of job updated: 5440480
	5306  -  MemoryUsage of job (MB)
	5432436  -  ResidentSetSize of job (KB)
...
006 (077.000.000) 08/07 08:24:06 Image size of job updated: 5450572
	5315  -  MemoryUsage of job (MB)
	5442528  -  ResidentSetSize of job (KB)
...
006 (077.000.000) 08/07 08:39:07 Image size of job updated: 5459520
	5324  -  MemoryUsage of job (MB)
	5451476  -  ResidentSetSize of job (KB)
...
006 (077.000.000) 08/07 10:34:20 Image size of job updated: 5459576
	5324  -  MemoryUsage of job (MB)
	5451476  -  ResidentSetSize of job (KB)
...
006 (077.000.000) 08/07 10:39:21 Image size of job updated: 5459660
	5324  -  MemoryUsage of job (MB)
	5451556  -  ResidentSetSize of job (KB)
...
022 (077.000.000) 08/07 11:31:05 Job disconnected, attempting to reconnect
    Socket between submit and execute hosts closed unexpectedly
    Trying to reconnect to slot1_1@omearaclusteri <10.129.199.164:9618?addrs=10.129.199.164-9618&noUDP&sock=2339_f01b_4>
...
024 (077.000.000) 08/07 12:11:06 Job reconnection failed
    Job disconnected too long: JobLeaseDuration (2400 seconds) expired
    Can not reconnect to slot1_1@omearaclusteri, rescheduling job
...
001 (077.000.000) 08/07 15:42:04 Job executing on host: <10.129.213.175:9618?addrs=10.129.213.175-9618&noUDP&sock=2691_6172_4>
...
005 (077.000.000) 08/09 16:49:30 Job terminated.
	(1) Normal termination (return value 0)
		Usr 44 09:23:01, Sys 0 00:08:32  -  Run Remote Usage
		Usr 0 00:00:00, Sys 0 00:00:00  -  Run Local Usage
		Usr 44 09:23:01, Sys 0 00:08:32  -  Total Remote Usage
		Usr 0 00:00:00, Sys 0 00:00:00  -  Total Local Usage
	175385  -  Run Bytes Sent By Job
	40181  -  Run Bytes Received By Job
	175385  -  Total Bytes Sent By Job
	80362  -  Total Bytes Received By Job
	Partitionable Resources :    Usage  Request Allocated 
	   Cpus                 :     2.00       24        24 
	   Disk (KB)            :   227          75   1811513 
	   Memory (MB)          :  7325        7325      7424 
...
