000 (039.000.000) 07/13 13:55:58 Job submitted from host: <160.36.155.106:9618?addrs=160.36.155.106-9618&noUDP&sock=27742_4872_4>
...
001 (039.000.000) 07/13 13:56:00 Job executing on host: <10.129.169.104:9618?addrs=10.129.169.104-9618&noUDP&sock=60687_d010_4>
...
006 (039.000.000) 07/13 13:56:08 Image size of job updated: 2144856
	2095  -  MemoryUsage of job (MB)
	2144824  -  ResidentSetSize of job (KB)
...
006 (039.000.000) 07/13 14:01:08 Image size of job updated: 2696712
	2634  -  MemoryUsage of job (MB)
	2696680  -  ResidentSetSize of job (KB)
...
006 (039.000.000) 07/13 14:06:09 Image size of job updated: 2717364
	2654  -  MemoryUsage of job (MB)
	2717332  -  ResidentSetSize of job (KB)
...
006 (039.000.000) 07/13 14:11:09 Image size of job updated: 2717556
	2654  -  MemoryUsage of job (MB)
	2717524  -  ResidentSetSize of job (KB)
...
006 (039.000.000) 07/13 16:21:22 Image size of job updated: 2718356
	2655  -  MemoryUsage of job (MB)
	2718324  -  ResidentSetSize of job (KB)
...
006 (039.000.000) 07/13 16:26:23 Image size of job updated: 2719552
	2656  -  MemoryUsage of job (MB)
	2719520  -  ResidentSetSize of job (KB)
...
006 (039.000.000) 07/13 16:31:23 Image size of job updated: 2723188
	2660  -  MemoryUsage of job (MB)
	2723156  -  ResidentSetSize of job (KB)
...
006 (039.000.000) 07/13 16:36:23 Image size of job updated: 2729808
	2666  -  MemoryUsage of job (MB)
	2729776  -  ResidentSetSize of job (KB)
...
006 (039.000.000) 07/13 16:41:24 Image size of job updated: 2731648
	2668  -  MemoryUsage of job (MB)
	2731616  -  ResidentSetSize of job (KB)
...
006 (039.000.000) 07/13 16:46:24 Image size of job updated: 2736600
	2673  -  MemoryUsage of job (MB)
	2736568  -  ResidentSetSize of job (KB)
...
006 (039.000.000) 07/13 16:51:24 Image size of job updated: 2742192
	2678  -  MemoryUsage of job (MB)
	2742160  -  ResidentSetSize of job (KB)
...
006 (039.000.000) 07/13 16:56:25 Image size of job updated: 2747984
	2684  -  MemoryUsage of job (MB)
	2747952  -  ResidentSetSize of job (KB)
...
006 (039.000.000) 07/13 17:01:26 Image size of job updated: 2748400
	2684  -  MemoryUsage of job (MB)
	2748368  -  ResidentSetSize of job (KB)
...
006 (039.000.000) 07/13 22:37:02 Image size of job updated: 2766572
	2702  -  MemoryUsage of job (MB)
	2766540  -  ResidentSetSize of job (KB)
...
006 (039.000.000) 07/13 22:42:02 Image size of job updated: 2769580
	2705  -  MemoryUsage of job (MB)
	2769548  -  ResidentSetSize of job (KB)
...
022 (039.000.000) 07/14 09:09:47 Job disconnected, attempting to reconnect
    Socket between submit and execute hosts closed unexpectedly
    Trying to reconnect to slot1_1@omearalab22 <10.129.169.104:9618?addrs=10.129.169.104-9618&noUDP&sock=60687_d010_4>
...
023 (039.000.000) 07/14 09:25:31 Job reconnected to slot1_1@omearalab22
    startd address: <10.129.169.104:9618?addrs=10.129.169.104-9618&noUDP&sock=60687_d010_4>
    starter address: <10.129.169.104:9618?addrs=10.129.169.104-9618&noUDP&sock=60784_93a1_139>
...
022 (039.000.000) 07/14 09:32:10 Job disconnected, attempting to reconnect
    Socket between submit and execute hosts closed unexpectedly
    Trying to reconnect to slot1_1@omearalab22 <10.129.169.104:9618?addrs=10.129.169.104-9618&noUDP&sock=60687_d010_4>
...
024 (039.000.000) 07/14 10:12:30 Job reconnection failed
    Job disconnected too long: JobLeaseDuration (2400 seconds) expired
    Can not reconnect to slot1_1@omearalab22, rescheduling job
...
001 (039.000.000) 07/14 10:12:48 Job executing on host: <160.36.154.249:9618?addrs=160.36.154.249-9618&noUDP&sock=66431_b80f_4>
...
004 (039.000.000) 07/14 12:34:34 Job was evicted.
	(0) Job was not checkpointed.
		Usr 0 06:52:56, Sys 0 00:00:06  -  Run Remote Usage
		Usr 0 00:00:00, Sys 0 00:00:00  -  Run Local Usage
	0  -  Run Bytes Sent By Job
	88028  -  Run Bytes Received By Job
	Partitionable Resources :    Usage  Request Allocated 
	   Cpus                 :     2.43        1         1 
	   Disk (KB)            :   103         125    202517 
	   Memory (MB)          :  2930        2930      2944 
...
009 (039.000.000) 07/14 12:34:34 Job was aborted by the user.
	via condor_rm (by user bomeara)
...
