000 (047.000.000) 07/14 12:38:33 Job submitted from host: <160.36.155.106:9618?addrs=160.36.155.106-9618&noUDP&sock=27742_4872_4>
...
001 (047.000.000) 07/14 12:38:35 Job executing on host: <10.128.151.149:9618?addrs=10.128.151.149-9618&noUDP&sock=21393_65a7_4>
...
006 (047.000.000) 07/14 12:38:44 Image size of job updated: 5295964
	5172  -  MemoryUsage of job (MB)
	5295964  -  ResidentSetSize of job (KB)
...
006 (047.000.000) 07/14 12:43:45 Image size of job updated: 5369752
	5244  -  MemoryUsage of job (MB)
	5369752  -  ResidentSetSize of job (KB)
...
006 (047.000.000) 07/14 12:48:45 Image size of job updated: 5393776
	5268  -  MemoryUsage of job (MB)
	5393776  -  ResidentSetSize of job (KB)
...
006 (047.000.000) 07/14 12:53:45 Image size of job updated: 5414764
	5288  -  MemoryUsage of job (MB)
	5414764  -  ResidentSetSize of job (KB)
...
006 (047.000.000) 07/14 13:33:49 Image size of job updated: 5415028
	5289  -  MemoryUsage of job (MB)
	5415028  -  ResidentSetSize of job (KB)
...
006 (047.000.000) 07/14 13:38:49 Image size of job updated: 5415160
	5289  -  MemoryUsage of job (MB)
	5415160  -  ResidentSetSize of job (KB)
...
006 (047.000.000) 07/14 16:19:04 Image size of job updated: 5418324
	5292  -  MemoryUsage of job (MB)
	5418324  -  ResidentSetSize of job (KB)
...
006 (047.000.000) 07/14 16:29:06 Image size of job updated: 5419800
	5293  -  MemoryUsage of job (MB)
	5419800  -  ResidentSetSize of job (KB)
...
006 (047.000.000) 07/14 16:34:06 Image size of job updated: 5422308
	5296  -  MemoryUsage of job (MB)
	5422308  -  ResidentSetSize of job (KB)
...
006 (047.000.000) 07/14 16:39:07 Image size of job updated: 5430580
	5304  -  MemoryUsage of job (MB)
	5430580  -  ResidentSetSize of job (KB)
...
006 (047.000.000) 07/14 16:44:08 Image size of job updated: 5431388
	5305  -  MemoryUsage of job (MB)
	5431388  -  ResidentSetSize of job (KB)
...
006 (047.000.000) 07/14 16:49:08 Image size of job updated: 5440040
	5313  -  MemoryUsage of job (MB)
	5440040  -  ResidentSetSize of job (KB)
...
006 (047.000.000) 07/14 16:54:08 Image size of job updated: 5442280
	5315  -  MemoryUsage of job (MB)
	5442280  -  ResidentSetSize of job (KB)
...
006 (047.000.000) 07/14 17:04:09 Image size of job updated: 5445688
	5319  -  MemoryUsage of job (MB)
	5445688  -  ResidentSetSize of job (KB)
...
006 (047.000.000) 07/14 20:39:32 Image size of job updated: 5454696
	5327  -  MemoryUsage of job (MB)
	5454696  -  ResidentSetSize of job (KB)
...
006 (047.000.000) 07/14 20:44:33 Image size of job updated: 5457600
	5330  -  MemoryUsage of job (MB)
	5457600  -  ResidentSetSize of job (KB)
...
006 (047.000.000) 07/14 20:54:33 Image size of job updated: 5458660
	5331  -  MemoryUsage of job (MB)
	5458660  -  ResidentSetSize of job (KB)
...
006 (047.000.000) 07/15 00:55:00 Image size of job updated: 5460152
	5333  -  MemoryUsage of job (MB)
	5460152  -  ResidentSetSize of job (KB)
...
006 (047.000.000) 07/15 01:00:01 Image size of job updated: 5460680
	5333  -  MemoryUsage of job (MB)
	5460680  -  ResidentSetSize of job (KB)
...
006 (047.000.000) 07/15 01:05:01 Image size of job updated: 5467808
	5340  -  MemoryUsage of job (MB)
	5467808  -  ResidentSetSize of job (KB)
...
006 (047.000.000) 07/15 01:35:05 Image size of job updated: 5468116
	5340  -  MemoryUsage of job (MB)
	5468116  -  ResidentSetSize of job (KB)
...
006 (047.000.000) 07/15 03:40:18 Image size of job updated: 5469964
	5342  -  MemoryUsage of job (MB)
	5469964  -  ResidentSetSize of job (KB)
...
006 (047.000.000) 07/15 07:55:45 Image size of job updated: 5784308
	5649  -  MemoryUsage of job (MB)
	5784308  -  ResidentSetSize of job (KB)
...
006 (047.000.000) 07/15 08:45:50 Image size of job updated: 5784440
	5649  -  MemoryUsage of job (MB)
	5784440  -  ResidentSetSize of job (KB)
...
006 (047.000.000) 07/15 08:50:52 Image size of job updated: 5784572
	5649  -  MemoryUsage of job (MB)
	5784572  -  ResidentSetSize of job (KB)
...
006 (047.000.000) 07/15 08:55:52 Image size of job updated: 5784704
	5650  -  MemoryUsage of job (MB)
	5784704  -  ResidentSetSize of job (KB)
...
006 (047.000.000) 07/15 11:21:06 Image size of job updated: 5791436
	5656  -  MemoryUsage of job (MB)
	5791436  -  ResidentSetSize of job (KB)
...
006 (047.000.000) 07/15 11:26:07 Image size of job updated: 5793944
	5659  -  MemoryUsage of job (MB)
	5793944  -  ResidentSetSize of job (KB)
...
006 (047.000.000) 07/15 11:31:07 Image size of job updated: 5799224
	5664  -  MemoryUsage of job (MB)
	5799224  -  ResidentSetSize of job (KB)
...
006 (047.000.000) 07/15 11:36:07 Image size of job updated: 5804900
	5669  -  MemoryUsage of job (MB)
	5804900  -  ResidentSetSize of job (KB)
...
006 (047.000.000) 07/15 11:41:08 Image size of job updated: 5808068
	5672  -  MemoryUsage of job (MB)
	5808068  -  ResidentSetSize of job (KB)
...
006 (047.000.000) 07/15 11:46:09 Image size of job updated: 5812556
	5677  -  MemoryUsage of job (MB)
	5812556  -  ResidentSetSize of job (KB)
...
006 (047.000.000) 07/15 11:51:09 Image size of job updated: 5826020
	5690  -  MemoryUsage of job (MB)
	5826020  -  ResidentSetSize of job (KB)
...
006 (047.000.000) 07/15 11:56:10 Image size of job updated: 5834072
	5698  -  MemoryUsage of job (MB)
	5834072  -  ResidentSetSize of job (KB)
...
006 (047.000.000) 07/15 12:01:11 Image size of job updated: 5840408
	5704  -  MemoryUsage of job (MB)
	5840408  -  ResidentSetSize of job (KB)
...
006 (047.000.000) 07/15 12:06:11 Image size of job updated: 5842916
	5706  -  MemoryUsage of job (MB)
	5842916  -  ResidentSetSize of job (KB)
...
006 (047.000.000) 07/15 12:11:11 Image size of job updated: 5852552
	5716  -  MemoryUsage of job (MB)
	5852552  -  ResidentSetSize of job (KB)
...
006 (047.000.000) 07/15 12:26:12 Image size of job updated: 5855324
	5719  -  MemoryUsage of job (MB)
	5855324  -  ResidentSetSize of job (KB)
...
006 (047.000.000) 07/15 15:01:29 Image size of job updated: 5855456
	5719  -  MemoryUsage of job (MB)
	5855456  -  ResidentSetSize of job (KB)
...
006 (047.000.000) 07/15 15:31:31 Image size of job updated: 5855588
	5719  -  MemoryUsage of job (MB)
	5855588  -  ResidentSetSize of job (KB)
...
006 (047.000.000) 07/15 15:36:32 Image size of job updated: 5856248
	5719  -  MemoryUsage of job (MB)
	5856248  -  ResidentSetSize of job (KB)
...
006 (047.000.000) 07/15 15:46:33 Image size of job updated: 5856380
	5720  -  MemoryUsage of job (MB)
	5856380  -  ResidentSetSize of job (KB)
...
006 (047.000.000) 07/15 16:11:36 Image size of job updated: 5856776
	5720  -  MemoryUsage of job (MB)
	5856776  -  ResidentSetSize of job (KB)
...
006 (047.000.000) 07/15 16:16:36 Image size of job updated: 5856908
	5720  -  MemoryUsage of job (MB)
	5856908  -  ResidentSetSize of job (KB)
...
006 (047.000.000) 07/15 16:21:36 Image size of job updated: 5858360
	5722  -  MemoryUsage of job (MB)
	5858360  -  ResidentSetSize of job (KB)
...
006 (047.000.000) 07/15 16:26:38 Image size of job updated: 5858624
	5722  -  MemoryUsage of job (MB)
	5858624  -  ResidentSetSize of job (KB)
...
006 (047.000.000) 07/15 18:41:52 Image size of job updated: 5859020
	5722  -  MemoryUsage of job (MB)
	5859020  -  ResidentSetSize of job (KB)
...
006 (047.000.000) 07/15 18:51:52 Image size of job updated: 5859284
	5722  -  MemoryUsage of job (MB)
	5859284  -  ResidentSetSize of job (KB)
...
006 (047.000.000) 07/15 19:06:54 Image size of job updated: 5859812
	5723  -  MemoryUsage of job (MB)
	5859812  -  ResidentSetSize of job (KB)
...
006 (047.000.000) 07/15 19:11:55 Image size of job updated: 5860208
	5723  -  MemoryUsage of job (MB)
	5860208  -  ResidentSetSize of job (KB)
...
006 (047.000.000) 07/15 19:31:57 Image size of job updated: 5860340
	5723  -  MemoryUsage of job (MB)
	5860340  -  ResidentSetSize of job (KB)
...
006 (047.000.000) 07/15 19:36:57 Image size of job updated: 5860604
	5724  -  MemoryUsage of job (MB)
	5860604  -  ResidentSetSize of job (KB)
...
006 (047.000.000) 07/15 19:41:57 Image size of job updated: 5860736
	5724  -  MemoryUsage of job (MB)
	5860736  -  ResidentSetSize of job (KB)
...
006 (047.000.000) 07/15 19:46:58 Image size of job updated: 5861000
	5724  -  MemoryUsage of job (MB)
	5861000  -  ResidentSetSize of job (KB)
...
006 (047.000.000) 07/15 19:56:59 Image size of job updated: 5861264
	5724  -  MemoryUsage of job (MB)
	5861264  -  ResidentSetSize of job (KB)
...
006 (047.000.000) 07/15 20:02:00 Image size of job updated: 5861396
	5725  -  MemoryUsage of job (MB)
	5861396  -  ResidentSetSize of job (KB)
...
006 (047.000.000) 07/15 20:07:01 Image size of job updated: 5861660
	5725  -  MemoryUsage of job (MB)
	5861660  -  ResidentSetSize of job (KB)
...
006 (047.000.000) 07/15 20:12:01 Image size of job updated: 5861792
	5725  -  MemoryUsage of job (MB)
	5861792  -  ResidentSetSize of job (KB)
...
006 (047.000.000) 07/15 20:17:01 Image size of job updated: 5862188
	5725  -  MemoryUsage of job (MB)
	5862188  -  ResidentSetSize of job (KB)
...
006 (047.000.000) 07/15 20:37:04 Image size of job updated: 5862716
	5726  -  MemoryUsage of job (MB)
	5862716  -  ResidentSetSize of job (KB)
...
006 (047.000.000) 07/15 22:47:17 Image size of job updated: 5866676
	5730  -  MemoryUsage of job (MB)
	5866676  -  ResidentSetSize of job (KB)
...
006 (047.000.000) 07/15 22:57:19 Image size of job updated: 5867072
	5730  -  MemoryUsage of job (MB)
	5867072  -  ResidentSetSize of job (KB)
...
006 (047.000.000) 07/15 23:17:21 Image size of job updated: 5871296
	5734  -  MemoryUsage of job (MB)
	5871296  -  ResidentSetSize of job (KB)
...
006 (047.000.000) 07/15 23:22:21 Image size of job updated: 5871560
	5734  -  MemoryUsage of job (MB)
	5871560  -  ResidentSetSize of job (KB)
...
006 (047.000.000) 07/15 23:27:22 Image size of job updated: 5871692
	5735  -  MemoryUsage of job (MB)
	5871692  -  ResidentSetSize of job (KB)
...
006 (047.000.000) 07/15 23:32:23 Image size of job updated: 5871824
	5735  -  MemoryUsage of job (MB)
	5871824  -  ResidentSetSize of job (KB)
...
006 (047.000.000) 07/15 23:37:23 Image size of job updated: 5872088
	5735  -  MemoryUsage of job (MB)
	5872088  -  ResidentSetSize of job (KB)
...
006 (047.000.000) 07/15 23:42:23 Image size of job updated: 5872616
	5735  -  MemoryUsage of job (MB)
	5872616  -  ResidentSetSize of job (KB)
...
006 (047.000.000) 07/15 23:47:24 Image size of job updated: 5872748
	5736  -  MemoryUsage of job (MB)
	5872748  -  ResidentSetSize of job (KB)
...
006 (047.000.000) 07/15 23:52:24 Image size of job updated: 5873012
	5736  -  MemoryUsage of job (MB)
	5873012  -  ResidentSetSize of job (KB)
...
006 (047.000.000) 07/15 23:57:24 Image size of job updated: 5873144
	5736  -  MemoryUsage of job (MB)
	5873144  -  ResidentSetSize of job (KB)
...
006 (047.000.000) 07/16 00:07:26 Image size of job updated: 5873540
	5736  -  MemoryUsage of job (MB)
	5873540  -  ResidentSetSize of job (KB)
...
006 (047.000.000) 07/16 00:27:28 Image size of job updated: 5874068
	5737  -  MemoryUsage of job (MB)
	5874068  -  ResidentSetSize of job (KB)
...
006 (047.000.000) 07/16 00:47:30 Image size of job updated: 5874332
	5737  -  MemoryUsage of job (MB)
	5874332  -  ResidentSetSize of job (KB)
...
006 (047.000.000) 07/16 02:52:43 Image size of job updated: 5874596
	5737  -  MemoryUsage of job (MB)
	5874596  -  ResidentSetSize of job (KB)
...
006 (047.000.000) 07/16 03:07:45 Image size of job updated: 5874728
	5738  -  MemoryUsage of job (MB)
	5874728  -  ResidentSetSize of job (KB)
...
006 (047.000.000) 07/16 03:22:46 Image size of job updated: 5874992
	5738  -  MemoryUsage of job (MB)
	5874992  -  ResidentSetSize of job (KB)
...
006 (047.000.000) 07/16 03:27:47 Image size of job updated: 5875124
	5738  -  MemoryUsage of job (MB)
	5875124  -  ResidentSetSize of job (KB)
...
006 (047.000.000) 07/16 03:32:48 Image size of job updated: 5875388
	5738  -  MemoryUsage of job (MB)
	5875388  -  ResidentSetSize of job (KB)
...
006 (047.000.000) 07/16 03:37:48 Image size of job updated: 5875652
	5738  -  MemoryUsage of job (MB)
	5875652  -  ResidentSetSize of job (KB)
...
006 (047.000.000) 07/16 03:42:49 Image size of job updated: 5875916
	5739  -  MemoryUsage of job (MB)
	5875916  -  ResidentSetSize of job (KB)
...
006 (047.000.000) 07/16 03:47:50 Image size of job updated: 5876048
	5739  -  MemoryUsage of job (MB)
	5876048  -  ResidentSetSize of job (KB)
...
006 (047.000.000) 07/16 03:52:50 Image size of job updated: 5876840
	5740  -  MemoryUsage of job (MB)
	5876840  -  ResidentSetSize of job (KB)
...
006 (047.000.000) 07/16 04:02:51 Image size of job updated: 5876972
	5740  -  MemoryUsage of job (MB)
	5876972  -  ResidentSetSize of job (KB)
...
006 (047.000.000) 07/16 04:37:56 Image size of job updated: 5877104
	5740  -  MemoryUsage of job (MB)
	5877104  -  ResidentSetSize of job (KB)
...
006 (047.000.000) 07/16 04:52:57 Image size of job updated: 5877764
	5741  -  MemoryUsage of job (MB)
	5877764  -  ResidentSetSize of job (KB)
...
006 (047.000.000) 07/16 05:12:59 Image size of job updated: 5877896
	5741  -  MemoryUsage of job (MB)
	5877896  -  ResidentSetSize of job (KB)
...
006 (047.000.000) 07/16 06:48:09 Image size of job updated: 5878292
	5741  -  MemoryUsage of job (MB)
	5878292  -  ResidentSetSize of job (KB)
...
006 (047.000.000) 07/16 06:58:11 Image size of job updated: 5878556
	5741  -  MemoryUsage of job (MB)
	5878556  -  ResidentSetSize of job (KB)
...
006 (047.000.000) 07/16 07:13:12 Image size of job updated: 5879348
	5742  -  MemoryUsage of job (MB)
	5879348  -  ResidentSetSize of job (KB)
...
006 (047.000.000) 07/16 07:18:12 Image size of job updated: 5879612
	5742  -  MemoryUsage of job (MB)
	5879612  -  ResidentSetSize of job (KB)
...
006 (047.000.000) 07/16 07:28:13 Image size of job updated: 5879876
	5743  -  MemoryUsage of job (MB)
	5879876  -  ResidentSetSize of job (KB)
...
006 (047.000.000) 07/16 07:38:14 Image size of job updated: 5883308
	5746  -  MemoryUsage of job (MB)
	5883308  -  ResidentSetSize of job (KB)
...
006 (047.000.000) 07/16 07:43:15 Image size of job updated: 5883572
	5746  -  MemoryUsage of job (MB)
	5883572  -  ResidentSetSize of job (KB)
...
006 (047.000.000) 07/16 07:48:16 Image size of job updated: 5884496
	5747  -  MemoryUsage of job (MB)
	5884496  -  ResidentSetSize of job (KB)
...
006 (047.000.000) 07/16 07:58:16 Image size of job updated: 5884892
	5747  -  MemoryUsage of job (MB)
	5884892  -  ResidentSetSize of job (KB)
...
006 (047.000.000) 07/16 08:23:20 Image size of job updated: 5885024
	5748  -  MemoryUsage of job (MB)
	5885024  -  ResidentSetSize of job (KB)
...
006 (047.000.000) 07/16 08:48:22 Image size of job updated: 5885156
	5748  -  MemoryUsage of job (MB)
	5885156  -  ResidentSetSize of job (KB)
...
006 (047.000.000) 07/16 09:43:28 Image size of job updated: 5885420
	5748  -  MemoryUsage of job (MB)
	5885420  -  ResidentSetSize of job (KB)
...
006 (047.000.000) 07/16 10:53:35 Image size of job updated: 5885816
	5748  -  MemoryUsage of job (MB)
	5885816  -  ResidentSetSize of job (KB)
...
006 (047.000.000) 07/16 11:03:36 Image size of job updated: 5886212
	5749  -  MemoryUsage of job (MB)
	5886212  -  ResidentSetSize of job (KB)
...
006 (047.000.000) 07/16 11:08:36 Image size of job updated: 5886872
	5749  -  MemoryUsage of job (MB)
	5886872  -  ResidentSetSize of job (KB)
...
006 (047.000.000) 07/16 11:23:37 Image size of job updated: 5887532
	5750  -  MemoryUsage of job (MB)
	5887532  -  ResidentSetSize of job (KB)
...
006 (047.000.000) 07/16 11:33:39 Image size of job updated: 5887796
	5750  -  MemoryUsage of job (MB)
	5887796  -  ResidentSetSize of job (KB)
...
006 (047.000.000) 07/16 11:38:39 Image size of job updated: 5888192
	5751  -  MemoryUsage of job (MB)
	5888192  -  ResidentSetSize of job (KB)
...
006 (047.000.000) 07/16 11:53:41 Image size of job updated: 5888588
	5751  -  MemoryUsage of job (MB)
	5888588  -  ResidentSetSize of job (KB)
...
006 (047.000.000) 07/16 11:58:41 Image size of job updated: 5889116
	5752  -  MemoryUsage of job (MB)
	5889116  -  ResidentSetSize of job (KB)
...
006 (047.000.000) 07/16 12:38:46 Image size of job updated: 5889644
	5752  -  MemoryUsage of job (MB)
	5889644  -  ResidentSetSize of job (KB)
...
006 (047.000.000) 07/16 12:43:46 Image size of job updated: 5889776
	5752  -  MemoryUsage of job (MB)
	5889776  -  ResidentSetSize of job (KB)
...
006 (047.000.000) 07/16 12:48:46 Image size of job updated: 5890304
	5753  -  MemoryUsage of job (MB)
	5890304  -  ResidentSetSize of job (KB)
...
006 (047.000.000) 07/16 14:59:00 Image size of job updated: 5893472
	5756  -  MemoryUsage of job (MB)
	5893472  -  ResidentSetSize of job (KB)
...
006 (047.000.000) 07/16 15:04:00 Image size of job updated: 5893604
	5756  -  MemoryUsage of job (MB)
	5893604  -  ResidentSetSize of job (KB)
...
006 (047.000.000) 07/16 15:44:04 Image size of job updated: 5896640
	5759  -  MemoryUsage of job (MB)
	5896640  -  ResidentSetSize of job (KB)
...
006 (047.000.000) 07/16 15:59:06 Image size of job updated: 5897036
	5759  -  MemoryUsage of job (MB)
	5897036  -  ResidentSetSize of job (KB)
...
006 (047.000.000) 07/16 16:24:09 Image size of job updated: 5897168
	5759  -  MemoryUsage of job (MB)
	5897168  -  ResidentSetSize of job (KB)
...
006 (047.000.000) 07/16 16:29:09 Image size of job updated: 5897432
	5760  -  MemoryUsage of job (MB)
	5897432  -  ResidentSetSize of job (KB)
...
006 (047.000.000) 07/16 16:59:12 Image size of job updated: 5897564
	5760  -  MemoryUsage of job (MB)
	5897564  -  ResidentSetSize of job (KB)
...
006 (047.000.000) 07/16 17:04:12 Image size of job updated: 5897696
	5760  -  MemoryUsage of job (MB)
	5897696  -  ResidentSetSize of job (KB)
...
006 (047.000.000) 07/16 18:49:23 Image size of job updated: 5900468
	5763  -  MemoryUsage of job (MB)
	5900468  -  ResidentSetSize of job (KB)
...
006 (047.000.000) 07/16 19:14:26 Image size of job updated: 5900732
	5763  -  MemoryUsage of job (MB)
	5900732  -  ResidentSetSize of job (KB)
...
006 (047.000.000) 07/16 20:14:32 Image size of job updated: 5900996
	5763  -  MemoryUsage of job (MB)
	5900996  -  ResidentSetSize of job (KB)
...
006 (047.000.000) 07/16 20:49:36 Image size of job updated: 5901128
	5763  -  MemoryUsage of job (MB)
	5901128  -  ResidentSetSize of job (KB)
...
006 (047.000.000) 07/16 20:54:37 Image size of job updated: 5901260
	5763  -  MemoryUsage of job (MB)
	5901260  -  ResidentSetSize of job (KB)
...
006 (047.000.000) 07/16 21:24:40 Image size of job updated: 5901392
	5764  -  MemoryUsage of job (MB)
	5901392  -  ResidentSetSize of job (KB)
...
006 (047.000.000) 07/16 23:09:51 Image size of job updated: 5901656
	5764  -  MemoryUsage of job (MB)
	5901656  -  ResidentSetSize of job (KB)
...
006 (047.000.000) 07/16 23:19:52 Image size of job updated: 5901920
	5764  -  MemoryUsage of job (MB)
	5901920  -  ResidentSetSize of job (KB)
...
006 (047.000.000) 07/16 23:34:54 Image size of job updated: 5902316
	5764  -  MemoryUsage of job (MB)
	5902316  -  ResidentSetSize of job (KB)
...
006 (047.000.000) 07/16 23:39:54 Image size of job updated: 5902976
	5765  -  MemoryUsage of job (MB)
	5902976  -  ResidentSetSize of job (KB)
...
006 (047.000.000) 07/16 23:59:57 Image size of job updated: 5906276
	5768  -  MemoryUsage of job (MB)
	5906276  -  ResidentSetSize of job (KB)
...
006 (047.000.000) 07/17 00:04:58 Image size of job updated: 5906408
	5768  -  MemoryUsage of job (MB)
	5906408  -  ResidentSetSize of job (KB)
...
006 (047.000.000) 07/17 00:09:58 Image size of job updated: 5906804
	5769  -  MemoryUsage of job (MB)
	5906804  -  ResidentSetSize of job (KB)
...
006 (047.000.000) 07/17 00:14:58 Image size of job updated: 5907068
	5769  -  MemoryUsage of job (MB)
	5907068  -  ResidentSetSize of job (KB)
...
006 (047.000.000) 07/17 00:55:04 Image size of job updated: 5907464
	5770  -  MemoryUsage of job (MB)
	5907464  -  ResidentSetSize of job (KB)
...
006 (047.000.000) 07/17 01:55:09 Image size of job updated: 5907728
	5770  -  MemoryUsage of job (MB)
	5907728  -  ResidentSetSize of job (KB)
...
006 (047.000.000) 07/17 03:15:18 Image size of job updated: 5907992
	5770  -  MemoryUsage of job (MB)
	5907992  -  ResidentSetSize of job (KB)
...
006 (047.000.000) 07/17 03:20:18 Image size of job updated: 5911292
	5773  -  MemoryUsage of job (MB)
	5911292  -  ResidentSetSize of job (KB)
...
006 (047.000.000) 07/17 03:35:20 Image size of job updated: 5911952
	5774  -  MemoryUsage of job (MB)
	5911952  -  ResidentSetSize of job (KB)
...
006 (047.000.000) 07/17 03:50:22 Image size of job updated: 5912084
	5774  -  MemoryUsage of job (MB)
	5912084  -  ResidentSetSize of job (KB)
...
006 (047.000.000) 07/17 04:30:26 Image size of job updated: 5912480
	5774  -  MemoryUsage of job (MB)
	5912480  -  ResidentSetSize of job (KB)
...
006 (047.000.000) 07/17 04:35:28 Image size of job updated: 5912612
	5775  -  MemoryUsage of job (MB)
	5912612  -  ResidentSetSize of job (KB)
...
006 (047.000.000) 07/17 05:10:32 Image size of job updated: 5912876
	5775  -  MemoryUsage of job (MB)
	5912876  -  ResidentSetSize of job (KB)
...
006 (047.000.000) 07/17 05:40:34 Image size of job updated: 5913008
	5775  -  MemoryUsage of job (MB)
	5913008  -  ResidentSetSize of job (KB)
...
006 (047.000.000) 07/17 07:05:42 Image size of job updated: 5913404
	5775  -  MemoryUsage of job (MB)
	5913404  -  ResidentSetSize of job (KB)
...
006 (047.000.000) 07/17 07:40:46 Image size of job updated: 5913668
	5776  -  MemoryUsage of job (MB)
	5913668  -  ResidentSetSize of job (KB)
...
006 (047.000.000) 07/17 07:45:48 Image size of job updated: 5913932
	5776  -  MemoryUsage of job (MB)
	5913932  -  ResidentSetSize of job (KB)
...
006 (047.000.000) 07/17 08:05:50 Image size of job updated: 5914196
	5776  -  MemoryUsage of job (MB)
	5914196  -  ResidentSetSize of job (KB)
...
006 (047.000.000) 07/17 08:35:52 Image size of job updated: 5914592
	5776  -  MemoryUsage of job (MB)
	5914592  -  ResidentSetSize of job (KB)
...
006 (047.000.000) 07/17 08:40:53 Image size of job updated: 5914856
	5777  -  MemoryUsage of job (MB)
	5914856  -  ResidentSetSize of job (KB)
...
006 (047.000.000) 07/17 09:15:57 Image size of job updated: 5914988
	5777  -  MemoryUsage of job (MB)
	5914988  -  ResidentSetSize of job (KB)
...
006 (047.000.000) 07/17 09:35:59 Image size of job updated: 5915120
	5777  -  MemoryUsage of job (MB)
	5915120  -  ResidentSetSize of job (KB)
...
006 (047.000.000) 07/17 10:51:07 Image size of job updated: 5915252
	5777  -  MemoryUsage of job (MB)
	5915252  -  ResidentSetSize of job (KB)
...
006 (047.000.000) 07/17 10:56:08 Image size of job updated: 5915384
	5777  -  MemoryUsage of job (MB)
	5915384  -  ResidentSetSize of job (KB)
...
006 (047.000.000) 07/17 11:26:10 Image size of job updated: 5915516
	5777  -  MemoryUsage of job (MB)
	5915516  -  ResidentSetSize of job (KB)
...
006 (047.000.000) 07/17 11:31:11 Image size of job updated: 5920664
	5782  -  MemoryUsage of job (MB)
	5920664  -  ResidentSetSize of job (KB)
...
006 (047.000.000) 07/17 11:56:13 Image size of job updated: 5923304
	5785  -  MemoryUsage of job (MB)
	5923304  -  ResidentSetSize of job (KB)
...
006 (047.000.000) 07/17 12:46:19 Image size of job updated: 5923568
	5785  -  MemoryUsage of job (MB)
	5923568  -  ResidentSetSize of job (KB)
...
006 (047.000.000) 07/17 13:21:22 Image size of job updated: 5926340
	5788  -  MemoryUsage of job (MB)
	5926340  -  ResidentSetSize of job (KB)
...
006 (047.000.000) 07/17 15:01:32 Image size of job updated: 5926604
	5788  -  MemoryUsage of job (MB)
	5926604  -  ResidentSetSize of job (KB)
...
006 (047.000.000) 07/17 15:06:32 Image size of job updated: 5926868
	5788  -  MemoryUsage of job (MB)
	5926868  -  ResidentSetSize of job (KB)
...
006 (047.000.000) 07/17 15:21:34 Image size of job updated: 5927264
	5789  -  MemoryUsage of job (MB)
	5927264  -  ResidentSetSize of job (KB)
...
006 (047.000.000) 07/17 15:26:35 Image size of job updated: 5927660
	5789  -  MemoryUsage of job (MB)
	5927660  -  ResidentSetSize of job (KB)
...
006 (047.000.000) 07/17 15:41:37 Image size of job updated: 5927924
	5789  -  MemoryUsage of job (MB)
	5927924  -  ResidentSetSize of job (KB)
...
006 (047.000.000) 07/17 16:31:42 Image size of job updated: 5928056
	5790  -  MemoryUsage of job (MB)
	5928056  -  ResidentSetSize of job (KB)
...
006 (047.000.000) 07/17 17:01:45 Image size of job updated: 5930300
	5792  -  MemoryUsage of job (MB)
	5930300  -  ResidentSetSize of job (KB)
...
006 (047.000.000) 07/17 17:31:49 Image size of job updated: 5930432
	5792  -  MemoryUsage of job (MB)
	5930432  -  ResidentSetSize of job (KB)
...
006 (047.000.000) 07/17 19:22:00 Image size of job updated: 5930696
	5792  -  MemoryUsage of job (MB)
	5930696  -  ResidentSetSize of job (KB)
...
006 (047.000.000) 07/17 19:37:01 Image size of job updated: 5931224
	5793  -  MemoryUsage of job (MB)
	5931224  -  ResidentSetSize of job (KB)
...
006 (047.000.000) 07/17 20:52:08 Image size of job updated: 5933600
	5795  -  MemoryUsage of job (MB)
	5933600  -  ResidentSetSize of job (KB)
...
006 (047.000.000) 07/17 21:02:09 Image size of job updated: 5936372
	5798  -  MemoryUsage of job (MB)
	5936372  -  ResidentSetSize of job (KB)
...
006 (047.000.000) 07/17 21:12:10 Image size of job updated: 5936504
	5798  -  MemoryUsage of job (MB)
	5936504  -  ResidentSetSize of job (KB)
...
006 (047.000.000) 07/17 21:27:12 Image size of job updated: 5936636
	5798  -  MemoryUsage of job (MB)
	5936636  -  ResidentSetSize of job (KB)
...
006 (047.000.000) 07/17 23:17:23 Image size of job updated: 5938088
	5799  -  MemoryUsage of job (MB)
	5938088  -  ResidentSetSize of job (KB)
...
006 (047.000.000) 07/17 23:32:24 Image size of job updated: 5938616
	5800  -  MemoryUsage of job (MB)
	5938616  -  ResidentSetSize of job (KB)
...
006 (047.000.000) 07/17 23:57:27 Image size of job updated: 5940332
	5802  -  MemoryUsage of job (MB)
	5940332  -  ResidentSetSize of job (KB)
...
006 (047.000.000) 07/18 02:37:44 Image size of job updated: 5942444
	5804  -  MemoryUsage of job (MB)
	5942444  -  ResidentSetSize of job (KB)
...
006 (047.000.000) 07/18 02:52:46 Image size of job updated: 5942576
	5804  -  MemoryUsage of job (MB)
	5942576  -  ResidentSetSize of job (KB)
...
006 (047.000.000) 07/18 03:17:48 Image size of job updated: 5942840
	5804  -  MemoryUsage of job (MB)
	5942840  -  ResidentSetSize of job (KB)
...
006 (047.000.000) 07/18 05:23:02 Image size of job updated: 5943236
	5804  -  MemoryUsage of job (MB)
	5943236  -  ResidentSetSize of job (KB)
...
006 (047.000.000) 07/18 06:58:10 Image size of job updated: 5943368
	5805  -  MemoryUsage of job (MB)
	5943368  -  ResidentSetSize of job (KB)
...
006 (047.000.000) 07/18 11:03:37 Image size of job updated: 5945084
	5806  -  MemoryUsage of job (MB)
	5945084  -  ResidentSetSize of job (KB)
...
006 (047.000.000) 07/18 14:54:02 Image size of job updated: 5946668
	5808  -  MemoryUsage of job (MB)
	5946668  -  ResidentSetSize of job (KB)
...
006 (047.000.000) 07/18 15:19:05 Image size of job updated: 5947196
	5808  -  MemoryUsage of job (MB)
	5947196  -  ResidentSetSize of job (KB)
...
006 (047.000.000) 07/18 17:04:16 Image size of job updated: 5949176
	5810  -  MemoryUsage of job (MB)
	5949176  -  ResidentSetSize of job (KB)
...
006 (047.000.000) 07/18 18:19:25 Image size of job updated: 5949308
	5810  -  MemoryUsage of job (MB)
	5949308  -  ResidentSetSize of job (KB)
...
006 (047.000.000) 07/18 23:29:55 Image size of job updated: 5950760
	5812  -  MemoryUsage of job (MB)
	5950760  -  ResidentSetSize of job (KB)
...
006 (047.000.000) 07/19 03:20:16 Image size of job updated: 5950892
	5812  -  MemoryUsage of job (MB)
	5950892  -  ResidentSetSize of job (KB)
...
006 (047.000.000) 07/19 04:35:24 Image size of job updated: 5951024
	5812  -  MemoryUsage of job (MB)
	5951024  -  ResidentSetSize of job (KB)
...
006 (047.000.000) 07/19 09:15:51 Image size of job updated: 5951156
	5812  -  MemoryUsage of job (MB)
	5951156  -  ResidentSetSize of job (KB)
...
006 (047.000.000) 07/19 11:16:03 Image size of job updated: 5951288
	5812  -  MemoryUsage of job (MB)
	5951288  -  ResidentSetSize of job (KB)
...
006 (047.000.000) 07/22 11:43:30 Image size of job updated: 5951364
	5812  -  MemoryUsage of job (MB)
	5951364  -  ResidentSetSize of job (KB)
...
006 (047.000.000) 07/22 12:13:34 Image size of job updated: 5951496
	5813  -  MemoryUsage of job (MB)
	5951496  -  ResidentSetSize of job (KB)
...
006 (047.000.000) 07/22 18:04:11 Image size of job updated: 5951628
	5813  -  MemoryUsage of job (MB)
	5951628  -  ResidentSetSize of job (KB)
...
006 (047.000.000) 07/23 08:10:36 Image size of job updated: 5951760
	5813  -  MemoryUsage of job (MB)
	5951760  -  ResidentSetSize of job (KB)
...
006 (047.000.000) 07/23 12:46:04 Image size of job updated: 5951892
	5813  -  MemoryUsage of job (MB)
	5951892  -  ResidentSetSize of job (KB)
...
006 (047.000.000) 07/23 16:31:27 Image size of job updated: 5952024
	5813  -  MemoryUsage of job (MB)
	5952024  -  ResidentSetSize of job (KB)
...
006 (047.000.000) 07/23 19:51:49 Image size of job updated: 5952156
	5813  -  MemoryUsage of job (MB)
	5952156  -  ResidentSetSize of job (KB)
...
022 (047.000.000) 08/01 09:59:47 Job disconnected, attempting to reconnect
    Socket between submit and execute hosts closed unexpectedly
    Trying to reconnect to slot1_1@omearalab11 <10.128.151.149:9618?addrs=10.128.151.149-9618&noUDP&sock=21393_65a7_4>
...
024 (047.000.000) 08/01 10:40:07 Job reconnection failed
    Job disconnected too long: JobLeaseDuration (2400 seconds) expired
    Can not reconnect to slot1_1@omearalab11, rescheduling job
...
012 (047.000.000) 08/03 14:17:02 Job was held.
	via condor_hold (by user bomeara)
	Code 1 Subcode 0
...
009 (047.000.000) 08/09 10:22:58 Job was aborted by the user.
	via condor_rm (by user bomeara)
...
