000 (049.000.000) 07/14 12:38:33 Job submitted from host: <160.36.155.106:9618?addrs=160.36.155.106-9618&noUDP&sock=27742_4872_4>
...
001 (049.000.000) 07/14 12:38:54 Job executing on host: <10.130.122.65:9618?addrs=10.130.122.65-9618&noUDP&sock=77628_edfd_4>
...
006 (049.000.000) 07/14 12:39:03 Image size of job updated: 5374592
	5249  -  MemoryUsage of job (MB)
	5374560  -  ResidentSetSize of job (KB)
...
006 (049.000.000) 07/14 12:44:04 Image size of job updated: 5374752
	5249  -  MemoryUsage of job (MB)
	5374720  -  ResidentSetSize of job (KB)
...
006 (049.000.000) 07/14 12:49:04 Image size of job updated: 5451192
	5324  -  MemoryUsage of job (MB)
	5451160  -  ResidentSetSize of job (KB)
...
006 (049.000.000) 07/14 14:39:16 Image size of job updated: 5458612
	5331  -  MemoryUsage of job (MB)
	5458580  -  ResidentSetSize of job (KB)
...
006 (049.000.000) 07/14 14:44:18 Image size of job updated: 5461348
	5334  -  MemoryUsage of job (MB)
	5461316  -  ResidentSetSize of job (KB)
...
006 (049.000.000) 07/14 14:49:18 Image size of job updated: 5475640
	5348  -  MemoryUsage of job (MB)
	5475608  -  ResidentSetSize of job (KB)
...
006 (049.000.000) 07/14 14:54:18 Image size of job updated: 5482776
	5355  -  MemoryUsage of job (MB)
	5482724  -  ResidentSetSize of job (KB)
...
006 (049.000.000) 07/14 14:59:19 Image size of job updated: 5500420
	5372  -  MemoryUsage of job (MB)
	5500368  -  ResidentSetSize of job (KB)
...
006 (049.000.000) 07/14 15:04:20 Image size of job updated: 5506516
	5378  -  MemoryUsage of job (MB)
	5506464  -  ResidentSetSize of job (KB)
...
006 (049.000.000) 07/14 15:09:20 Image size of job updated: 5511892
	5383  -  MemoryUsage of job (MB)
	5511860  -  ResidentSetSize of job (KB)
...
006 (049.000.000) 07/14 15:14:20 Image size of job updated: 5511920
	5383  -  MemoryUsage of job (MB)
	5511888  -  ResidentSetSize of job (KB)
...
006 (049.000.000) 07/14 15:54:25 Image size of job updated: 5511940
	5383  -  MemoryUsage of job (MB)
	5511888  -  ResidentSetSize of job (KB)
...
006 (049.000.000) 07/14 20:19:51 Image size of job updated: 5513448
	5385  -  MemoryUsage of job (MB)
	5513396  -  ResidentSetSize of job (KB)
...
006 (049.000.000) 07/14 20:24:51 Image size of job updated: 5530204
	5401  -  MemoryUsage of job (MB)
	5530152  -  ResidentSetSize of job (KB)
...
006 (049.000.000) 07/14 20:29:51 Image size of job updated: 5533236
	5404  -  MemoryUsage of job (MB)
	5533184  -  ResidentSetSize of job (KB)
...
006 (049.000.000) 07/14 20:34:53 Image size of job updated: 5534908
	5406  -  MemoryUsage of job (MB)
	5534856  -  ResidentSetSize of job (KB)
...
006 (049.000.000) 07/14 22:55:05 Image size of job updated: 5536344
	5407  -  MemoryUsage of job (MB)
	5536292  -  ResidentSetSize of job (KB)
...
006 (049.000.000) 07/14 23:00:05 Image size of job updated: 5536712
	5407  -  MemoryUsage of job (MB)
	5536660  -  ResidentSetSize of job (KB)
...
006 (049.000.000) 07/15 04:05:36 Image size of job updated: 5543568
	5414  -  MemoryUsage of job (MB)
	5543516  -  ResidentSetSize of job (KB)
...
006 (049.000.000) 07/15 04:10:36 Image size of job updated: 5551148
	5421  -  MemoryUsage of job (MB)
	5551096  -  ResidentSetSize of job (KB)
...
006 (049.000.000) 07/15 11:51:25 Image size of job updated: 5556280
	5427  -  MemoryUsage of job (MB)
	5556228  -  ResidentSetSize of job (KB)
...
006 (049.000.000) 07/15 11:56:25 Image size of job updated: 5564096
	5434  -  MemoryUsage of job (MB)
	5564044  -  ResidentSetSize of job (KB)
...
006 (049.000.000) 07/16 00:57:42 Image size of job updated: 5617500
	5486  -  MemoryUsage of job (MB)
	5617448  -  ResidentSetSize of job (KB)
...
006 (049.000.000) 07/16 01:02:43 Image size of job updated: 5618788
	5488  -  MemoryUsage of job (MB)
	5618736  -  ResidentSetSize of job (KB)
...
006 (049.000.000) 07/16 03:42:59 Image size of job updated: 5620888
	5490  -  MemoryUsage of job (MB)
	5620836  -  ResidentSetSize of job (KB)
...
006 (049.000.000) 07/16 03:47:59 Image size of job updated: 5623188
	5492  -  MemoryUsage of job (MB)
	5623136  -  ResidentSetSize of job (KB)
...
006 (049.000.000) 07/16 03:53:00 Image size of job updated: 5643020
	5511  -  MemoryUsage of job (MB)
	5642968  -  ResidentSetSize of job (KB)
...
006 (049.000.000) 07/16 03:58:00 Image size of job updated: 5657632
	5525  -  MemoryUsage of job (MB)
	5657580  -  ResidentSetSize of job (KB)
...
006 (049.000.000) 07/16 04:03:00 Image size of job updated: 5665080
	5533  -  MemoryUsage of job (MB)
	5665028  -  ResidentSetSize of job (KB)
...
006 (049.000.000) 07/16 04:08:01 Image size of job updated: 5677916
	5545  -  MemoryUsage of job (MB)
	5677864  -  ResidentSetSize of job (KB)
...
006 (049.000.000) 07/16 04:13:02 Image size of job updated: 5685968
	5553  -  MemoryUsage of job (MB)
	5685916  -  ResidentSetSize of job (KB)
...
006 (049.000.000) 07/16 04:18:02 Image size of job updated: 5690536
	5558  -  MemoryUsage of job (MB)
	5690484  -  ResidentSetSize of job (KB)
...
006 (049.000.000) 07/16 04:23:02 Image size of job updated: 5707776
	5574  -  MemoryUsage of job (MB)
	5707724  -  ResidentSetSize of job (KB)
...
006 (049.000.000) 07/16 04:28:03 Image size of job updated: 5708892
	5576  -  MemoryUsage of job (MB)
	5708840  -  ResidentSetSize of job (KB)
...
006 (049.000.000) 07/16 04:33:03 Image size of job updated: 5708940
	5576  -  MemoryUsage of job (MB)
	5708888  -  ResidentSetSize of job (KB)
...
006 (049.000.000) 07/16 04:43:04 Image size of job updated: 5708944
	5576  -  MemoryUsage of job (MB)
	5708888  -  ResidentSetSize of job (KB)
...
006 (049.000.000) 07/16 08:33:27 Image size of job updated: 5728092
	5594  -  MemoryUsage of job (MB)
	5728012  -  ResidentSetSize of job (KB)
...
006 (049.000.000) 07/16 08:38:27 Image size of job updated: 5741328
	5607  -  MemoryUsage of job (MB)
	5741248  -  ResidentSetSize of job (KB)
...
006 (049.000.000) 07/16 16:14:15 Image size of job updated: 5743600
	5609  -  MemoryUsage of job (MB)
	5743520  -  ResidentSetSize of job (KB)
...
006 (049.000.000) 07/16 16:19:15 Image size of job updated: 5752428
	5618  -  MemoryUsage of job (MB)
	5752348  -  ResidentSetSize of job (KB)
...
006 (049.000.000) 07/16 16:24:15 Image size of job updated: 5754692
	5620  -  MemoryUsage of job (MB)
	5754612  -  ResidentSetSize of job (KB)
...
006 (049.000.000) 07/16 23:55:02 Image size of job updated: 5756864
	5622  -  MemoryUsage of job (MB)
	5756784  -  ResidentSetSize of job (KB)
...
006 (049.000.000) 07/17 00:00:03 Image size of job updated: 5760560
	5626  -  MemoryUsage of job (MB)
	5760480  -  ResidentSetSize of job (KB)
...
006 (049.000.000) 07/17 00:05:04 Image size of job updated: 5766284
	5632  -  MemoryUsage of job (MB)
	5766204  -  ResidentSetSize of job (KB)
...
006 (049.000.000) 07/17 11:41:17 Image size of job updated: 5766644
	5632  -  MemoryUsage of job (MB)
	5766564  -  ResidentSetSize of job (KB)
...
006 (049.000.000) 07/17 11:46:18 Image size of job updated: 5766908
	5632  -  MemoryUsage of job (MB)
	5766828  -  ResidentSetSize of job (KB)
...
006 (049.000.000) 07/17 15:11:40 Image size of job updated: 5767284
	5633  -  MemoryUsage of job (MB)
	5767204  -  ResidentSetSize of job (KB)
...
006 (049.000.000) 07/17 15:21:40 Image size of job updated: 5772012
	5637  -  MemoryUsage of job (MB)
	5771932  -  ResidentSetSize of job (KB)
...
006 (049.000.000) 07/17 15:26:41 Image size of job updated: 5772260
	5637  -  MemoryUsage of job (MB)
	5772180  -  ResidentSetSize of job (KB)
...
006 (049.000.000) 07/17 15:31:42 Image size of job updated: 5778244
	5643  -  MemoryUsage of job (MB)
	5778164  -  ResidentSetSize of job (KB)
...
006 (049.000.000) 07/17 15:36:42 Image size of job updated: 5779148
	5644  -  MemoryUsage of job (MB)
	5779068  -  ResidentSetSize of job (KB)
...
006 (049.000.000) 07/17 23:07:31 Image size of job updated: 5780880
	5646  -  MemoryUsage of job (MB)
	5780800  -  ResidentSetSize of job (KB)
...
006 (049.000.000) 07/17 23:12:32 Image size of job updated: 5784748
	5650  -  MemoryUsage of job (MB)
	5784668  -  ResidentSetSize of job (KB)
...
006 (049.000.000) 07/17 23:17:33 Image size of job updated: 5786960
	5652  -  MemoryUsage of job (MB)
	5786880  -  ResidentSetSize of job (KB)
...
006 (049.000.000) 07/17 23:22:33 Image size of job updated: 5787232
	5652  -  MemoryUsage of job (MB)
	5787152  -  ResidentSetSize of job (KB)
...
006 (049.000.000) 07/18 06:58:19 Image size of job updated: 5788328
	5653  -  MemoryUsage of job (MB)
	5788248  -  ResidentSetSize of job (KB)
...
006 (049.000.000) 07/18 07:03:20 Image size of job updated: 5791584
	5656  -  MemoryUsage of job (MB)
	5791504  -  ResidentSetSize of job (KB)
...
006 (049.000.000) 07/18 14:24:06 Image size of job updated: 5792100
	5657  -  MemoryUsage of job (MB)
	5792020  -  ResidentSetSize of job (KB)
...
006 (049.000.000) 07/18 14:29:07 Image size of job updated: 5794544
	5659  -  MemoryUsage of job (MB)
	5794464  -  ResidentSetSize of job (KB)
...
006 (049.000.000) 07/18 14:34:08 Image size of job updated: 5796528
	5661  -  MemoryUsage of job (MB)
	5796448  -  ResidentSetSize of job (KB)
...
006 (049.000.000) 07/18 14:39:08 Image size of job updated: 5797848
	5662  -  MemoryUsage of job (MB)
	5797768  -  ResidentSetSize of job (KB)
...
006 (049.000.000) 07/18 14:44:08 Image size of job updated: 5799372
	5664  -  MemoryUsage of job (MB)
	5799292  -  ResidentSetSize of job (KB)
...
006 (049.000.000) 07/18 14:49:09 Image size of job updated: 5800876
	5665  -  MemoryUsage of job (MB)
	5800796  -  ResidentSetSize of job (KB)
...
006 (049.000.000) 07/18 21:54:52 Image size of job updated: 5800900
	5665  -  MemoryUsage of job (MB)
	5800820  -  ResidentSetSize of job (KB)
...
006 (049.000.000) 07/18 22:09:54 Image size of job updated: 5801648
	5666  -  MemoryUsage of job (MB)
	5801568  -  ResidentSetSize of job (KB)
...
006 (049.000.000) 07/18 22:14:54 Image size of job updated: 5804492
	5669  -  MemoryUsage of job (MB)
	5804412  -  ResidentSetSize of job (KB)
...
006 (049.000.000) 07/18 22:19:55 Image size of job updated: 5806036
	5670  -  MemoryUsage of job (MB)
	5805956  -  ResidentSetSize of job (KB)
...
006 (049.000.000) 07/18 22:24:55 Image size of job updated: 5806456
	5671  -  MemoryUsage of job (MB)
	5806376  -  ResidentSetSize of job (KB)
...
006 (049.000.000) 07/18 22:29:55 Image size of job updated: 5808192
	5672  -  MemoryUsage of job (MB)
	5808112  -  ResidentSetSize of job (KB)
...
006 (049.000.000) 07/18 22:34:56 Image size of job updated: 5808216
	5673  -  MemoryUsage of job (MB)
	5808136  -  ResidentSetSize of job (KB)
...
006 (049.000.000) 07/19 06:00:45 Image size of job updated: 5810504
	5675  -  MemoryUsage of job (MB)
	5810424  -  ResidentSetSize of job (KB)
...
006 (049.000.000) 07/19 06:05:46 Image size of job updated: 5812960
	5677  -  MemoryUsage of job (MB)
	5812880  -  ResidentSetSize of job (KB)
...
006 (049.000.000) 07/19 06:10:46 Image size of job updated: 5814844
	5679  -  MemoryUsage of job (MB)
	5814764  -  ResidentSetSize of job (KB)
...
006 (049.000.000) 07/19 06:15:46 Image size of job updated: 5814860
	5679  -  MemoryUsage of job (MB)
	5814780  -  ResidentSetSize of job (KB)
...
006 (049.000.000) 07/19 06:20:47 Image size of job updated: 5815656
	5680  -  MemoryUsage of job (MB)
	5815576  -  ResidentSetSize of job (KB)
...
006 (049.000.000) 07/19 13:31:31 Image size of job updated: 5816400
	5680  -  MemoryUsage of job (MB)
	5816320  -  ResidentSetSize of job (KB)
...
006 (049.000.000) 07/19 13:36:32 Image size of job updated: 5816940
	5681  -  MemoryUsage of job (MB)
	5816860  -  ResidentSetSize of job (KB)
...
006 (049.000.000) 07/19 13:41:32 Image size of job updated: 5818972
	5683  -  MemoryUsage of job (MB)
	5818892  -  ResidentSetSize of job (KB)
...
006 (049.000.000) 07/19 13:51:34 Image size of job updated: 5819052
	5683  -  MemoryUsage of job (MB)
	5818972  -  ResidentSetSize of job (KB)
...
006 (049.000.000) 07/19 13:56:34 Image size of job updated: 5820516
	5685  -  MemoryUsage of job (MB)
	5820436  -  ResidentSetSize of job (KB)
...
006 (049.000.000) 07/19 14:06:35 Image size of job updated: 5820528
	5685  -  MemoryUsage of job (MB)
	5820448  -  ResidentSetSize of job (KB)
...
006 (049.000.000) 07/19 18:12:00 Image size of job updated: 5820804
	5685  -  MemoryUsage of job (MB)
	5820724  -  ResidentSetSize of job (KB)
...
006 (049.000.000) 07/19 20:57:17 Image size of job updated: 5821352
	5685  -  MemoryUsage of job (MB)
	5821272  -  ResidentSetSize of job (KB)
...
006 (049.000.000) 07/19 21:17:20 Image size of job updated: 5821712
	5686  -  MemoryUsage of job (MB)
	5821632  -  ResidentSetSize of job (KB)
...
006 (049.000.000) 07/19 21:22:20 Image size of job updated: 5822816
	5687  -  MemoryUsage of job (MB)
	5822736  -  ResidentSetSize of job (KB)
...
006 (049.000.000) 07/19 21:27:20 Image size of job updated: 5824128
	5688  -  MemoryUsage of job (MB)
	5824048  -  ResidentSetSize of job (KB)
...
006 (049.000.000) 07/19 21:32:21 Image size of job updated: 5825936
	5690  -  MemoryUsage of job (MB)
	5825856  -  ResidentSetSize of job (KB)
...
006 (049.000.000) 07/20 01:52:44 Image size of job updated: 5826792
	5691  -  MemoryUsage of job (MB)
	5826712  -  ResidentSetSize of job (KB)
...
006 (049.000.000) 07/20 01:57:45 Image size of job updated: 5826848
	5691  -  MemoryUsage of job (MB)
	5826768  -  ResidentSetSize of job (KB)
...
006 (049.000.000) 07/20 03:32:54 Image size of job updated: 5826872
	5691  -  MemoryUsage of job (MB)
	5826768  -  ResidentSetSize of job (KB)
...
006 (049.000.000) 07/20 04:38:01 Image size of job updated: 5826876
	5691  -  MemoryUsage of job (MB)
	5826772  -  ResidentSetSize of job (KB)
...
006 (049.000.000) 07/20 04:58:03 Image size of job updated: 5826884
	5691  -  MemoryUsage of job (MB)
	5826780  -  ResidentSetSize of job (KB)
...
006 (049.000.000) 07/20 05:03:03 Image size of job updated: 5827552
	5691  -  MemoryUsage of job (MB)
	5827448  -  ResidentSetSize of job (KB)
...
006 (049.000.000) 07/20 05:08:04 Image size of job updated: 5828116
	5692  -  MemoryUsage of job (MB)
	5828012  -  ResidentSetSize of job (KB)
...
006 (049.000.000) 07/20 05:13:05 Image size of job updated: 5830484
	5694  -  MemoryUsage of job (MB)
	5830380  -  ResidentSetSize of job (KB)
...
006 (049.000.000) 07/20 05:18:05 Image size of job updated: 5833940
	5698  -  MemoryUsage of job (MB)
	5833836  -  ResidentSetSize of job (KB)
...
006 (049.000.000) 07/20 05:23:06 Image size of job updated: 5836452
	5700  -  MemoryUsage of job (MB)
	5836348  -  ResidentSetSize of job (KB)
...
006 (049.000.000) 07/20 05:28:07 Image size of job updated: 5837024
	5701  -  MemoryUsage of job (MB)
	5836920  -  ResidentSetSize of job (KB)
...
006 (049.000.000) 07/20 05:33:07 Image size of job updated: 5837720
	5701  -  MemoryUsage of job (MB)
	5837616  -  ResidentSetSize of job (KB)
...
006 (049.000.000) 07/20 12:53:53 Image size of job updated: 5838372
	5702  -  MemoryUsage of job (MB)
	5838268  -  ResidentSetSize of job (KB)
...
006 (049.000.000) 07/20 12:58:54 Image size of job updated: 5840772
	5704  -  MemoryUsage of job (MB)
	5840668  -  ResidentSetSize of job (KB)
...
006 (049.000.000) 07/20 13:03:54 Image size of job updated: 5841160
	5705  -  MemoryUsage of job (MB)
	5841056  -  ResidentSetSize of job (KB)
...
006 (049.000.000) 07/20 13:08:55 Image size of job updated: 5841184
	5705  -  MemoryUsage of job (MB)
	5841080  -  ResidentSetSize of job (KB)
...
006 (049.000.000) 07/20 20:19:41 Image size of job updated: 5841492
	5705  -  MemoryUsage of job (MB)
	5841388  -  ResidentSetSize of job (KB)
...
006 (049.000.000) 07/20 20:24:42 Image size of job updated: 5842024
	5705  -  MemoryUsage of job (MB)
	5841920  -  ResidentSetSize of job (KB)
...
006 (049.000.000) 07/20 20:29:42 Image size of job updated: 5842028
	5706  -  MemoryUsage of job (MB)
	5841924  -  ResidentSetSize of job (KB)
...
006 (049.000.000) 07/20 20:34:42 Image size of job updated: 5843124
	5707  -  MemoryUsage of job (MB)
	5843020  -  ResidentSetSize of job (KB)
...
006 (049.000.000) 07/20 20:39:43 Image size of job updated: 5845372
	5709  -  MemoryUsage of job (MB)
	5845268  -  ResidentSetSize of job (KB)
...
006 (049.000.000) 07/20 20:44:43 Image size of job updated: 5845960
	5709  -  MemoryUsage of job (MB)
	5845856  -  ResidentSetSize of job (KB)
...
006 (049.000.000) 07/20 20:49:43 Image size of job updated: 5847804
	5711  -  MemoryUsage of job (MB)
	5847700  -  ResidentSetSize of job (KB)
...
006 (049.000.000) 07/20 20:54:44 Image size of job updated: 5848776
	5712  -  MemoryUsage of job (MB)
	5848672  -  ResidentSetSize of job (KB)
...
006 (049.000.000) 07/20 21:04:45 Image size of job updated: 5849232
	5713  -  MemoryUsage of job (MB)
	5849128  -  ResidentSetSize of job (KB)
...
006 (049.000.000) 07/20 21:09:45 Image size of job updated: 5849236
	5713  -  MemoryUsage of job (MB)
	5849128  -  ResidentSetSize of job (KB)
...
006 (049.000.000) 07/21 04:15:32 Image size of job updated: 5849692
	5713  -  MemoryUsage of job (MB)
	5849588  -  ResidentSetSize of job (KB)
...
006 (049.000.000) 07/21 04:20:32 Image size of job updated: 5850884
	5714  -  MemoryUsage of job (MB)
	5850780  -  ResidentSetSize of job (KB)
...
006 (049.000.000) 07/21 04:25:33 Image size of job updated: 5851384
	5715  -  MemoryUsage of job (MB)
	5851280  -  ResidentSetSize of job (KB)
...
006 (049.000.000) 07/21 04:30:34 Image size of job updated: 5851980
	5715  -  MemoryUsage of job (MB)
	5851876  -  ResidentSetSize of job (KB)
...
006 (049.000.000) 07/21 04:35:34 Image size of job updated: 5853596
	5717  -  MemoryUsage of job (MB)
	5853492  -  ResidentSetSize of job (KB)
...
006 (049.000.000) 07/21 04:40:35 Image size of job updated: 5854032
	5717  -  MemoryUsage of job (MB)
	5853928  -  ResidentSetSize of job (KB)
...
006 (049.000.000) 07/21 04:45:36 Image size of job updated: 5854092
	5717  -  MemoryUsage of job (MB)
	5853988  -  ResidentSetSize of job (KB)
...
006 (049.000.000) 07/21 05:10:38 Image size of job updated: 5854096
	5717  -  MemoryUsage of job (MB)
	5853988  -  ResidentSetSize of job (KB)
...
006 (049.000.000) 07/21 11:21:17 Image size of job updated: 5855284
	5718  -  MemoryUsage of job (MB)
	5855180  -  ResidentSetSize of job (KB)
...
006 (049.000.000) 07/21 11:46:20 Image size of job updated: 5855436
	5719  -  MemoryUsage of job (MB)
	5855332  -  ResidentSetSize of job (KB)
...
006 (049.000.000) 07/21 11:51:20 Image size of job updated: 5855696
	5719  -  MemoryUsage of job (MB)
	5855592  -  ResidentSetSize of job (KB)
...
006 (049.000.000) 07/21 11:56:21 Image size of job updated: 5856556
	5720  -  MemoryUsage of job (MB)
	5856452  -  ResidentSetSize of job (KB)
...
006 (049.000.000) 07/21 12:01:22 Image size of job updated: 5857552
	5721  -  MemoryUsage of job (MB)
	5857448  -  ResidentSetSize of job (KB)
...
006 (049.000.000) 07/21 12:06:22 Image size of job updated: 5857812
	5721  -  MemoryUsage of job (MB)
	5857708  -  ResidentSetSize of job (KB)
...
006 (049.000.000) 07/21 12:11:23 Image size of job updated: 5860660
	5724  -  MemoryUsage of job (MB)
	5860556  -  ResidentSetSize of job (KB)
...
006 (049.000.000) 07/21 12:16:24 Image size of job updated: 5862320
	5725  -  MemoryUsage of job (MB)
	5862216  -  ResidentSetSize of job (KB)
...
006 (049.000.000) 07/21 12:21:24 Image size of job updated: 5862556
	5726  -  MemoryUsage of job (MB)
	5862452  -  ResidentSetSize of job (KB)
...
006 (049.000.000) 07/21 12:26:24 Image size of job updated: 5862968
	5726  -  MemoryUsage of job (MB)
	5862864  -  ResidentSetSize of job (KB)
...
006 (049.000.000) 07/21 12:31:25 Image size of job updated: 5862980
	5726  -  MemoryUsage of job (MB)
	5862876  -  ResidentSetSize of job (KB)
...
006 (049.000.000) 07/21 19:47:11 Image size of job updated: 5864412
	5727  -  MemoryUsage of job (MB)
	5864308  -  ResidentSetSize of job (KB)
...
006 (049.000.000) 07/21 20:17:13 Image size of job updated: 5864944
	5728  -  MemoryUsage of job (MB)
	5864840  -  ResidentSetSize of job (KB)
...
006 (049.000.000) 07/22 03:07:56 Image size of job updated: 5866612
	5730  -  MemoryUsage of job (MB)
	5866504  -  ResidentSetSize of job (KB)
...
006 (049.000.000) 07/22 03:12:58 Image size of job updated: 5867916
	5731  -  MemoryUsage of job (MB)
	5867808  -  ResidentSetSize of job (KB)
...
006 (049.000.000) 07/22 03:22:58 Image size of job updated: 5868244
	5731  -  MemoryUsage of job (MB)
	5868136  -  ResidentSetSize of job (KB)
...
006 (049.000.000) 07/22 03:27:59 Image size of job updated: 5871432
	5734  -  MemoryUsage of job (MB)
	5871324  -  ResidentSetSize of job (KB)
...
006 (049.000.000) 07/22 03:33:00 Image size of job updated: 5871448
	5734  -  MemoryUsage of job (MB)
	5871340  -  ResidentSetSize of job (KB)
...
006 (049.000.000) 07/22 03:43:00 Image size of job updated: 5872300
	5735  -  MemoryUsage of job (MB)
	5872192  -  ResidentSetSize of job (KB)
...
006 (049.000.000) 07/22 03:48:01 Image size of job updated: 5872772
	5736  -  MemoryUsage of job (MB)
	5872664  -  ResidentSetSize of job (KB)
...
006 (049.000.000) 07/22 03:53:01 Image size of job updated: 5872776
	5736  -  MemoryUsage of job (MB)
	5872668  -  ResidentSetSize of job (KB)
...
006 (049.000.000) 07/22 04:03:02 Image size of job updated: 5872784
	5736  -  MemoryUsage of job (MB)
	5872676  -  ResidentSetSize of job (KB)
...
006 (049.000.000) 07/22 16:09:13 Image size of job updated: 5873176
	5736  -  MemoryUsage of job (MB)
	5873068  -  ResidentSetSize of job (KB)
...
006 (049.000.000) 07/22 16:14:13 Image size of job updated: 5873568
	5736  -  MemoryUsage of job (MB)
	5873460  -  ResidentSetSize of job (KB)
...
006 (049.000.000) 07/22 16:19:13 Image size of job updated: 5873820
	5737  -  MemoryUsage of job (MB)
	5873712  -  ResidentSetSize of job (KB)
...
006 (049.000.000) 07/22 16:24:14 Image size of job updated: 5874060
	5737  -  MemoryUsage of job (MB)
	5873952  -  ResidentSetSize of job (KB)
...
006 (049.000.000) 07/22 16:29:15 Image size of job updated: 5874204
	5737  -  MemoryUsage of job (MB)
	5874096  -  ResidentSetSize of job (KB)
...
006 (049.000.000) 07/22 18:04:24 Image size of job updated: 5875228
	5738  -  MemoryUsage of job (MB)
	5875120  -  ResidentSetSize of job (KB)
...
006 (049.000.000) 07/22 18:24:26 Image size of job updated: 5875900
	5739  -  MemoryUsage of job (MB)
	5875792  -  ResidentSetSize of job (KB)
...
006 (049.000.000) 07/22 18:34:26 Image size of job updated: 5877152
	5740  -  MemoryUsage of job (MB)
	5877044  -  ResidentSetSize of job (KB)
...
006 (049.000.000) 07/22 18:44:28 Image size of job updated: 5878772
	5741  -  MemoryUsage of job (MB)
	5878664  -  ResidentSetSize of job (KB)
...
006 (049.000.000) 07/22 18:49:28 Image size of job updated: 5879104
	5742  -  MemoryUsage of job (MB)
	5878996  -  ResidentSetSize of job (KB)
...
006 (049.000.000) 07/22 18:59:30 Image size of job updated: 5879932
	5743  -  MemoryUsage of job (MB)
	5879824  -  ResidentSetSize of job (KB)
...
006 (049.000.000) 07/23 00:09:59 Image size of job updated: 5880460
	5743  -  MemoryUsage of job (MB)
	5880356  -  ResidentSetSize of job (KB)
...
006 (049.000.000) 07/23 00:14:59 Image size of job updated: 5880692
	5743  -  MemoryUsage of job (MB)
	5880588  -  ResidentSetSize of job (KB)
...
006 (049.000.000) 07/23 00:20:00 Image size of job updated: 5880864
	5743  -  MemoryUsage of job (MB)
	5880760  -  ResidentSetSize of job (KB)
...
006 (049.000.000) 07/23 00:25:01 Image size of job updated: 5880900
	5743  -  MemoryUsage of job (MB)
	5880796  -  ResidentSetSize of job (KB)
...
006 (049.000.000) 07/23 01:45:07 Image size of job updated: 5881560
	5744  -  MemoryUsage of job (MB)
	5881456  -  ResidentSetSize of job (KB)
...
006 (049.000.000) 07/23 02:15:10 Image size of job updated: 5881564
	5744  -  MemoryUsage of job (MB)
	5881460  -  ResidentSetSize of job (KB)
...
006 (049.000.000) 07/23 07:50:48 Image size of job updated: 5881684
	5744  -  MemoryUsage of job (MB)
	5881580  -  ResidentSetSize of job (KB)
...
006 (049.000.000) 07/23 07:55:49 Image size of job updated: 5882608
	5745  -  MemoryUsage of job (MB)
	5882504  -  ResidentSetSize of job (KB)
...
006 (049.000.000) 07/23 08:00:49 Image size of job updated: 5882920
	5745  -  MemoryUsage of job (MB)
	5882816  -  ResidentSetSize of job (KB)
...
006 (049.000.000) 07/23 08:05:49 Image size of job updated: 5883256
	5746  -  MemoryUsage of job (MB)
	5883152  -  ResidentSetSize of job (KB)
...
006 (049.000.000) 07/23 09:30:56 Image size of job updated: 5883264
	5746  -  MemoryUsage of job (MB)
	5883160  -  ResidentSetSize of job (KB)
...
006 (049.000.000) 07/23 09:50:58 Image size of job updated: 5883652
	5746  -  MemoryUsage of job (MB)
	5883548  -  ResidentSetSize of job (KB)
...
006 (049.000.000) 07/23 10:00:59 Image size of job updated: 5884172
	5747  -  MemoryUsage of job (MB)
	5884068  -  ResidentSetSize of job (KB)
...
006 (049.000.000) 07/23 10:05:59 Image size of job updated: 5884996
	5747  -  MemoryUsage of job (MB)
	5884892  -  ResidentSetSize of job (KB)
...
006 (049.000.000) 07/23 10:11:00 Image size of job updated: 5886420
	5749  -  MemoryUsage of job (MB)
	5886316  -  ResidentSetSize of job (KB)
...
006 (049.000.000) 07/23 15:36:35 Image size of job updated: 5886612
	5749  -  MemoryUsage of job (MB)
	5886508  -  ResidentSetSize of job (KB)
...
006 (049.000.000) 07/23 15:41:36 Image size of job updated: 5887620
	5750  -  MemoryUsage of job (MB)
	5887516  -  ResidentSetSize of job (KB)
...
006 (049.000.000) 07/23 15:46:36 Image size of job updated: 5888212
	5751  -  MemoryUsage of job (MB)
	5888108  -  ResidentSetSize of job (KB)
...
006 (049.000.000) 07/23 15:51:36 Image size of job updated: 5888228
	5751  -  MemoryUsage of job (MB)
	5888124  -  ResidentSetSize of job (KB)
...
006 (049.000.000) 07/23 16:41:42 Image size of job updated: 5888232
	5751  -  MemoryUsage of job (MB)
	5888124  -  ResidentSetSize of job (KB)
...
006 (049.000.000) 07/23 17:11:46 Image size of job updated: 5888236
	5751  -  MemoryUsage of job (MB)
	5888132  -  ResidentSetSize of job (KB)
...
006 (049.000.000) 07/23 17:31:47 Image size of job updated: 5888292
	5751  -  MemoryUsage of job (MB)
	5888188  -  ResidentSetSize of job (KB)
...
006 (049.000.000) 07/23 23:22:26 Image size of job updated: 5890124
	5752  -  MemoryUsage of job (MB)
	5890020  -  ResidentSetSize of job (KB)
...
006 (049.000.000) 07/23 23:27:26 Image size of job updated: 5890964
	5753  -  MemoryUsage of job (MB)
	5890860  -  ResidentSetSize of job (KB)
...
006 (049.000.000) 07/23 23:32:27 Image size of job updated: 5891928
	5754  -  MemoryUsage of job (MB)
	5891824  -  ResidentSetSize of job (KB)
...
006 (049.000.000) 07/23 23:37:27 Image size of job updated: 5892324
	5755  -  MemoryUsage of job (MB)
	5892220  -  ResidentSetSize of job (KB)
...
006 (049.000.000) 07/23 23:42:27 Image size of job updated: 5892872
	5755  -  MemoryUsage of job (MB)
	5892768  -  ResidentSetSize of job (KB)
...
006 (049.000.000) 07/24 00:02:30 Image size of job updated: 5892876
	5755  -  MemoryUsage of job (MB)
	5892768  -  ResidentSetSize of job (KB)
...
006 (049.000.000) 07/24 07:03:10 Image size of job updated: 5894792
	5757  -  MemoryUsage of job (MB)
	5894684  -  ResidentSetSize of job (KB)
...
006 (049.000.000) 07/24 07:08:11 Image size of job updated: 5896752
	5759  -  MemoryUsage of job (MB)
	5896644  -  ResidentSetSize of job (KB)
...
006 (049.000.000) 07/24 07:13:11 Image size of job updated: 5898264
	5760  -  MemoryUsage of job (MB)
	5898156  -  ResidentSetSize of job (KB)
...
006 (049.000.000) 07/24 07:18:11 Image size of job updated: 5899388
	5762  -  MemoryUsage of job (MB)
	5899280  -  ResidentSetSize of job (KB)
...
006 (049.000.000) 07/24 07:23:12 Image size of job updated: 5899848
	5762  -  MemoryUsage of job (MB)
	5899740  -  ResidentSetSize of job (KB)
...
006 (049.000.000) 07/24 07:28:12 Image size of job updated: 5900328
	5762  -  MemoryUsage of job (MB)
	5900220  -  ResidentSetSize of job (KB)
...
006 (049.000.000) 07/24 07:38:13 Image size of job updated: 5900352
	5762  -  MemoryUsage of job (MB)
	5900244  -  ResidentSetSize of job (KB)
...
