000 (048.000.000) 07/14 12:38:33 Job submitted from host: <160.36.155.106:9618?addrs=160.36.155.106-9618&noUDP&sock=27742_4872_4>
...
001 (048.000.000) 07/14 12:38:54 Job executing on host: <10.128.78.255:9618?addrs=10.128.78.255-9618&noUDP&sock=69000_d6dc_4>
...
006 (048.000.000) 07/14 12:39:03 Image size of job updated: 4918056
	4803  -  MemoryUsage of job (MB)
	4918020  -  ResidentSetSize of job (KB)
...
006 (048.000.000) 07/14 12:44:04 Image size of job updated: 5379720
	5254  -  MemoryUsage of job (MB)
	5379684  -  ResidentSetSize of job (KB)
...
006 (048.000.000) 07/14 12:49:05 Image size of job updated: 5422568
	5296  -  MemoryUsage of job (MB)
	5422532  -  ResidentSetSize of job (KB)
...
006 (048.000.000) 07/14 12:54:05 Image size of job updated: 5480240
	5352  -  MemoryUsage of job (MB)
	5480204  -  ResidentSetSize of job (KB)
...
006 (048.000.000) 07/14 16:14:27 Image size of job updated: 5503228
	5375  -  MemoryUsage of job (MB)
	5503192  -  ResidentSetSize of job (KB)
...
006 (048.000.000) 07/14 16:24:28 Image size of job updated: 5509072
	5380  -  MemoryUsage of job (MB)
	5509036  -  ResidentSetSize of job (KB)
...
006 (048.000.000) 07/14 16:29:29 Image size of job updated: 5509096
	5380  -  MemoryUsage of job (MB)
	5509060  -  ResidentSetSize of job (KB)
...
006 (048.000.000) 07/14 19:44:50 Image size of job updated: 5511068
	5382  -  MemoryUsage of job (MB)
	5511032  -  ResidentSetSize of job (KB)
...
006 (048.000.000) 07/14 19:49:51 Image size of job updated: 5520624
	5392  -  MemoryUsage of job (MB)
	5520588  -  ResidentSetSize of job (KB)
...
006 (048.000.000) 07/14 23:20:14 Image size of job updated: 5522096
	5393  -  MemoryUsage of job (MB)
	5522060  -  ResidentSetSize of job (KB)
...
006 (048.000.000) 07/14 23:35:16 Image size of job updated: 5522200
	5393  -  MemoryUsage of job (MB)
	5522164  -  ResidentSetSize of job (KB)
...
006 (048.000.000) 07/15 02:45:36 Image size of job updated: 5523908
	5395  -  MemoryUsage of job (MB)
	5523872  -  ResidentSetSize of job (KB)
...
006 (048.000.000) 07/15 05:30:54 Image size of job updated: 5552288
	5423  -  MemoryUsage of job (MB)
	5552252  -  ResidentSetSize of job (KB)
...
006 (048.000.000) 07/15 08:56:14 Image size of job updated: 5558536
	5429  -  MemoryUsage of job (MB)
	5558500  -  ResidentSetSize of job (KB)
...
006 (048.000.000) 07/15 09:01:15 Image size of job updated: 5577348
	5447  -  MemoryUsage of job (MB)
	5577312  -  ResidentSetSize of job (KB)
...
006 (048.000.000) 07/15 09:06:16 Image size of job updated: 5585116
	5455  -  MemoryUsage of job (MB)
	5585080  -  ResidentSetSize of job (KB)
...
006 (048.000.000) 07/15 12:21:34 Image size of job updated: 5586976
	5456  -  MemoryUsage of job (MB)
	5586940  -  ResidentSetSize of job (KB)
...
006 (048.000.000) 07/15 12:26:35 Image size of job updated: 5591176
	5461  -  MemoryUsage of job (MB)
	5591140  -  ResidentSetSize of job (KB)
...
006 (048.000.000) 07/15 19:37:18 Image size of job updated: 5593488
	5463  -  MemoryUsage of job (MB)
	5593452  -  ResidentSetSize of job (KB)
...
006 (048.000.000) 07/15 19:42:18 Image size of job updated: 5597432
	5467  -  MemoryUsage of job (MB)
	5597396  -  ResidentSetSize of job (KB)
...
006 (048.000.000) 07/15 22:57:37 Image size of job updated: 5601048
	5470  -  MemoryUsage of job (MB)
	5601012  -  ResidentSetSize of job (KB)
...
006 (048.000.000) 07/15 23:02:37 Image size of job updated: 5610976
	5480  -  MemoryUsage of job (MB)
	5610940  -  ResidentSetSize of job (KB)
...
006 (048.000.000) 07/15 23:07:38 Image size of job updated: 5613260
	5482  -  MemoryUsage of job (MB)
	5613224  -  ResidentSetSize of job (KB)
...
006 (048.000.000) 07/16 02:42:59 Image size of job updated: 5616608
	5485  -  MemoryUsage of job (MB)
	5616572  -  ResidentSetSize of job (KB)
...
006 (048.000.000) 07/16 02:47:59 Image size of job updated: 5619996
	5489  -  MemoryUsage of job (MB)
	5619960  -  ResidentSetSize of job (KB)
...
006 (048.000.000) 07/16 06:03:20 Image size of job updated: 5621704
	5490  -  MemoryUsage of job (MB)
	5621668  -  ResidentSetSize of job (KB)
...
006 (048.000.000) 07/16 06:08:21 Image size of job updated: 5626216
	5495  -  MemoryUsage of job (MB)
	5626180  -  ResidentSetSize of job (KB)
...
006 (048.000.000) 07/16 09:33:39 Image size of job updated: 5626856
	5495  -  MemoryUsage of job (MB)
	5626820  -  ResidentSetSize of job (KB)
...
006 (048.000.000) 07/16 16:39:21 Image size of job updated: 5627800
	5496  -  MemoryUsage of job (MB)
	5627764  -  ResidentSetSize of job (KB)
...
006 (048.000.000) 07/16 16:44:22 Image size of job updated: 5632880
	5501  -  MemoryUsage of job (MB)
	5632844  -  ResidentSetSize of job (KB)
...
006 (048.000.000) 07/16 16:49:23 Image size of job updated: 5637072
	5505  -  MemoryUsage of job (MB)
	5637036  -  ResidentSetSize of job (KB)
...
006 (048.000.000) 07/16 16:59:23 Image size of job updated: 5638332
	5507  -  MemoryUsage of job (MB)
	5638296  -  ResidentSetSize of job (KB)
...
006 (048.000.000) 07/16 17:04:24 Image size of job updated: 5640336
	5509  -  MemoryUsage of job (MB)
	5640300  -  ResidentSetSize of job (KB)
...
006 (048.000.000) 07/16 19:59:41 Image size of job updated: 5642384
	5511  -  MemoryUsage of job (MB)
	5642348  -  ResidentSetSize of job (KB)
...
006 (048.000.000) 07/16 20:09:41 Image size of job updated: 5643888
	5512  -  MemoryUsage of job (MB)
	5643852  -  ResidentSetSize of job (KB)
...
006 (048.000.000) 07/16 20:34:45 Image size of job updated: 5646436
	5515  -  MemoryUsage of job (MB)
	5646400  -  ResidentSetSize of job (KB)
...
006 (048.000.000) 07/16 23:35:03 Image size of job updated: 5646444
	5515  -  MemoryUsage of job (MB)
	5646408  -  ResidentSetSize of job (KB)
...
006 (048.000.000) 07/16 23:40:03 Image size of job updated: 5647708
	5516  -  MemoryUsage of job (MB)
	5647672  -  ResidentSetSize of job (KB)
...
006 (048.000.000) 07/16 23:50:04 Image size of job updated: 5653548
	5522  -  MemoryUsage of job (MB)
	5653512  -  ResidentSetSize of job (KB)
...
006 (048.000.000) 07/16 23:55:04 Image size of job updated: 5657116
	5525  -  MemoryUsage of job (MB)
	5657080  -  ResidentSetSize of job (KB)
...
006 (048.000.000) 07/17 03:20:25 Image size of job updated: 5660516
	5528  -  MemoryUsage of job (MB)
	5660480  -  ResidentSetSize of job (KB)
...
006 (048.000.000) 07/17 03:25:26 Image size of job updated: 5663216
	5531  -  MemoryUsage of job (MB)
	5663180  -  ResidentSetSize of job (KB)
...
006 (048.000.000) 07/17 03:30:27 Image size of job updated: 5664716
	5532  -  MemoryUsage of job (MB)
	5664680  -  ResidentSetSize of job (KB)
...
006 (048.000.000) 07/17 07:00:48 Image size of job updated: 5665164
	5533  -  MemoryUsage of job (MB)
	5665128  -  ResidentSetSize of job (KB)
...
006 (048.000.000) 07/17 07:10:49 Image size of job updated: 5666376
	5534  -  MemoryUsage of job (MB)
	5666340  -  ResidentSetSize of job (KB)
...
006 (048.000.000) 07/17 10:26:11 Image size of job updated: 5668964
	5537  -  MemoryUsage of job (MB)
	5668928  -  ResidentSetSize of job (KB)
...
006 (048.000.000) 07/17 10:31:11 Image size of job updated: 5672408
	5540  -  MemoryUsage of job (MB)
	5672372  -  ResidentSetSize of job (KB)
...
006 (048.000.000) 07/17 10:41:13 Image size of job updated: 5675888
	5543  -  MemoryUsage of job (MB)
	5675852  -  ResidentSetSize of job (KB)
...
006 (048.000.000) 07/17 10:51:13 Image size of job updated: 5676256
	5544  -  MemoryUsage of job (MB)
	5676220  -  ResidentSetSize of job (KB)
...
006 (048.000.000) 07/17 13:36:32 Image size of job updated: 5677848
	5545  -  MemoryUsage of job (MB)
	5677812  -  ResidentSetSize of job (KB)
...
006 (048.000.000) 07/17 13:46:34 Image size of job updated: 5680252
	5548  -  MemoryUsage of job (MB)
	5680216  -  ResidentSetSize of job (KB)
...
006 (048.000.000) 07/17 14:06:36 Image size of job updated: 5682648
	5550  -  MemoryUsage of job (MB)
	5682612  -  ResidentSetSize of job (KB)
...
006 (048.000.000) 07/17 14:11:36 Image size of job updated: 5682992
	5550  -  MemoryUsage of job (MB)
	5682956  -  ResidentSetSize of job (KB)
...
006 (048.000.000) 07/17 14:16:37 Image size of job updated: 5683472
	5551  -  MemoryUsage of job (MB)
	5683436  -  ResidentSetSize of job (KB)
...
006 (048.000.000) 07/17 14:26:38 Image size of job updated: 5683644
	5551  -  MemoryUsage of job (MB)
	5683608  -  ResidentSetSize of job (KB)
...
006 (048.000.000) 07/17 17:06:55 Image size of job updated: 5684588
	5552  -  MemoryUsage of job (MB)
	5684552  -  ResidentSetSize of job (KB)
...
006 (048.000.000) 07/17 17:21:57 Image size of job updated: 5686020
	5553  -  MemoryUsage of job (MB)
	5685984  -  ResidentSetSize of job (KB)
...
006 (048.000.000) 07/17 17:26:58 Image size of job updated: 5686368
	5554  -  MemoryUsage of job (MB)
	5686332  -  ResidentSetSize of job (KB)
...
006 (048.000.000) 07/17 17:31:59 Image size of job updated: 5687080
	5554  -  MemoryUsage of job (MB)
	5687044  -  ResidentSetSize of job (KB)
...
006 (048.000.000) 07/17 17:47:01 Image size of job updated: 5687584
	5555  -  MemoryUsage of job (MB)
	5687548  -  ResidentSetSize of job (KB)
...
006 (048.000.000) 07/17 20:47:21 Image size of job updated: 5687672
	5555  -  MemoryUsage of job (MB)
	5687636  -  ResidentSetSize of job (KB)
...
006 (048.000.000) 07/17 20:52:21 Image size of job updated: 5687900
	5555  -  MemoryUsage of job (MB)
	5687864  -  ResidentSetSize of job (KB)
...
006 (048.000.000) 07/17 20:57:22 Image size of job updated: 5688304
	5555  -  MemoryUsage of job (MB)
	5688268  -  ResidentSetSize of job (KB)
...
006 (048.000.000) 07/17 21:02:23 Image size of job updated: 5688976
	5556  -  MemoryUsage of job (MB)
	5688940  -  ResidentSetSize of job (KB)
...
006 (048.000.000) 07/17 21:07:23 Image size of job updated: 5689904
	5557  -  MemoryUsage of job (MB)
	5689868  -  ResidentSetSize of job (KB)
...
006 (048.000.000) 07/17 21:12:24 Image size of job updated: 5693064
	5560  -  MemoryUsage of job (MB)
	5693028  -  ResidentSetSize of job (KB)
...
006 (048.000.000) 07/17 21:17:25 Image size of job updated: 5693284
	5560  -  MemoryUsage of job (MB)
	5693248  -  ResidentSetSize of job (KB)
...
006 (048.000.000) 07/17 21:32:27 Image size of job updated: 5694432
	5561  -  MemoryUsage of job (MB)
	5694396  -  ResidentSetSize of job (KB)
...
006 (048.000.000) 07/18 00:07:41 Image size of job updated: 5694740
	5562  -  MemoryUsage of job (MB)
	5694704  -  ResidentSetSize of job (KB)
...
006 (048.000.000) 07/18 00:17:41 Image size of job updated: 5695160
	5562  -  MemoryUsage of job (MB)
	5695124  -  ResidentSetSize of job (KB)
...
006 (048.000.000) 07/18 00:27:43 Image size of job updated: 5695616
	5563  -  MemoryUsage of job (MB)
	5695580  -  ResidentSetSize of job (KB)
...
006 (048.000.000) 07/18 00:32:43 Image size of job updated: 5696196
	5563  -  MemoryUsage of job (MB)
	5696160  -  ResidentSetSize of job (KB)
...
006 (048.000.000) 07/18 00:37:43 Image size of job updated: 5696816
	5564  -  MemoryUsage of job (MB)
	5696780  -  ResidentSetSize of job (KB)
...
006 (048.000.000) 07/18 00:42:44 Image size of job updated: 5697696
	5565  -  MemoryUsage of job (MB)
	5697660  -  ResidentSetSize of job (KB)
...
006 (048.000.000) 07/18 00:47:44 Image size of job updated: 5697840
	5565  -  MemoryUsage of job (MB)
	5697804  -  ResidentSetSize of job (KB)
...
006 (048.000.000) 07/18 00:52:44 Image size of job updated: 5699808
	5567  -  MemoryUsage of job (MB)
	5699772  -  ResidentSetSize of job (KB)
...
006 (048.000.000) 07/18 00:57:45 Image size of job updated: 5701636
	5568  -  MemoryUsage of job (MB)
	5701600  -  ResidentSetSize of job (KB)
...
006 (048.000.000) 07/18 01:02:46 Image size of job updated: 5701704
	5569  -  MemoryUsage of job (MB)
	5701668  -  ResidentSetSize of job (KB)
...
006 (048.000.000) 07/18 03:43:03 Image size of job updated: 5701776
	5569  -  MemoryUsage of job (MB)
	5701740  -  ResidentSetSize of job (KB)
...
006 (048.000.000) 07/18 03:53:05 Image size of job updated: 5702452
	5569  -  MemoryUsage of job (MB)
	5702416  -  ResidentSetSize of job (KB)
...
006 (048.000.000) 07/18 03:58:05 Image size of job updated: 5702560
	5569  -  MemoryUsage of job (MB)
	5702524  -  ResidentSetSize of job (KB)
...
006 (048.000.000) 07/18 04:03:05 Image size of job updated: 5702732
	5570  -  MemoryUsage of job (MB)
	5702696  -  ResidentSetSize of job (KB)
...
006 (048.000.000) 07/18 04:08:06 Image size of job updated: 5703184
	5570  -  MemoryUsage of job (MB)
	5703148  -  ResidentSetSize of job (KB)
...
006 (048.000.000) 07/18 04:13:07 Image size of job updated: 5703908
	5571  -  MemoryUsage of job (MB)
	5703872  -  ResidentSetSize of job (KB)
...
006 (048.000.000) 07/18 04:18:07 Image size of job updated: 5704796
	5572  -  MemoryUsage of job (MB)
	5704760  -  ResidentSetSize of job (KB)
...
006 (048.000.000) 07/18 04:23:08 Image size of job updated: 5705412
	5572  -  MemoryUsage of job (MB)
	5705376  -  ResidentSetSize of job (KB)
...
006 (048.000.000) 07/18 04:28:09 Image size of job updated: 5705516
	5572  -  MemoryUsage of job (MB)
	5705480  -  ResidentSetSize of job (KB)
...
006 (048.000.000) 07/18 04:33:09 Image size of job updated: 5705524
	5572  -  MemoryUsage of job (MB)
	5705488  -  ResidentSetSize of job (KB)
...
006 (048.000.000) 07/18 07:13:22 Image size of job updated: 5705532
	5572  -  MemoryUsage of job (MB)
	5705496  -  ResidentSetSize of job (KB)
...
006 (048.000.000) 07/18 07:23:24 Image size of job updated: 5705836
	5573  -  MemoryUsage of job (MB)
	5705800  -  ResidentSetSize of job (KB)
...
006 (048.000.000) 07/18 07:28:24 Image size of job updated: 5706016
	5573  -  MemoryUsage of job (MB)
	5705980  -  ResidentSetSize of job (KB)
...
006 (048.000.000) 07/18 07:33:24 Image size of job updated: 5706644
	5573  -  MemoryUsage of job (MB)
	5706608  -  ResidentSetSize of job (KB)
...
006 (048.000.000) 07/18 07:38:25 Image size of job updated: 5706872
	5574  -  MemoryUsage of job (MB)
	5706836  -  ResidentSetSize of job (KB)
...
006 (048.000.000) 07/18 07:43:25 Image size of job updated: 5707116
	5574  -  MemoryUsage of job (MB)
	5707080  -  ResidentSetSize of job (KB)
...
006 (048.000.000) 07/18 07:48:25 Image size of job updated: 5707680
	5574  -  MemoryUsage of job (MB)
	5707644  -  ResidentSetSize of job (KB)
...
006 (048.000.000) 07/18 07:53:26 Image size of job updated: 5707932
	5575  -  MemoryUsage of job (MB)
	5707896  -  ResidentSetSize of job (KB)
...
006 (048.000.000) 07/18 07:58:27 Image size of job updated: 5708980
	5576  -  MemoryUsage of job (MB)
	5708944  -  ResidentSetSize of job (KB)
...
006 (048.000.000) 07/18 08:03:27 Image size of job updated: 5709568
	5576  -  MemoryUsage of job (MB)
	5709532  -  ResidentSetSize of job (KB)
...
006 (048.000.000) 07/18 08:13:28 Image size of job updated: 5709576
	5576  -  MemoryUsage of job (MB)
	5709540  -  ResidentSetSize of job (KB)
...
006 (048.000.000) 07/18 11:03:46 Image size of job updated: 5710048
	5577  -  MemoryUsage of job (MB)
	5710012  -  ResidentSetSize of job (KB)
...
006 (048.000.000) 07/18 11:08:47 Image size of job updated: 5710428
	5577  -  MemoryUsage of job (MB)
	5710392  -  ResidentSetSize of job (KB)
...
006 (048.000.000) 07/18 11:13:47 Image size of job updated: 5710804
	5577  -  MemoryUsage of job (MB)
	5710768  -  ResidentSetSize of job (KB)
...
006 (048.000.000) 07/18 11:18:47 Image size of job updated: 5712204
	5579  -  MemoryUsage of job (MB)
	5712168  -  ResidentSetSize of job (KB)
...
006 (048.000.000) 07/18 14:44:09 Image size of job updated: 5715420
	5582  -  MemoryUsage of job (MB)
	5715384  -  ResidentSetSize of job (KB)
...
006 (048.000.000) 07/18 14:49:09 Image size of job updated: 5715984
	5582  -  MemoryUsage of job (MB)
	5715948  -  ResidentSetSize of job (KB)
...
006 (048.000.000) 07/18 14:54:10 Image size of job updated: 5716308
	5583  -  MemoryUsage of job (MB)
	5716272  -  ResidentSetSize of job (KB)
...
006 (048.000.000) 07/18 14:59:10 Image size of job updated: 5717512
	5584  -  MemoryUsage of job (MB)
	5717476  -  ResidentSetSize of job (KB)
...
006 (048.000.000) 07/18 15:04:10 Image size of job updated: 5717904
	5584  -  MemoryUsage of job (MB)
	5717868  -  ResidentSetSize of job (KB)
...
006 (048.000.000) 07/18 15:09:11 Image size of job updated: 5718200
	5585  -  MemoryUsage of job (MB)
	5718164  -  ResidentSetSize of job (KB)
...
006 (048.000.000) 07/18 15:14:12 Image size of job updated: 5718912
	5585  -  MemoryUsage of job (MB)
	5718876  -  ResidentSetSize of job (KB)
...
006 (048.000.000) 07/18 17:49:29 Image size of job updated: 5720616
	5587  -  MemoryUsage of job (MB)
	5720580  -  ResidentSetSize of job (KB)
...
006 (048.000.000) 07/18 18:14:31 Image size of job updated: 5720932
	5587  -  MemoryUsage of job (MB)
	5720896  -  ResidentSetSize of job (KB)
...
006 (048.000.000) 07/18 18:19:32 Image size of job updated: 5721512
	5588  -  MemoryUsage of job (MB)
	5721476  -  ResidentSetSize of job (KB)
...
006 (048.000.000) 07/18 18:24:33 Image size of job updated: 5721928
	5588  -  MemoryUsage of job (MB)
	5721892  -  ResidentSetSize of job (KB)
...
006 (048.000.000) 07/18 18:29:33 Image size of job updated: 5722208
	5589  -  MemoryUsage of job (MB)
	5722172  -  ResidentSetSize of job (KB)
...
006 (048.000.000) 07/18 18:34:33 Image size of job updated: 5722488
	5589  -  MemoryUsage of job (MB)
	5722452  -  ResidentSetSize of job (KB)
...
006 (048.000.000) 07/18 22:09:53 Image size of job updated: 5724260
	5591  -  MemoryUsage of job (MB)
	5724224  -  ResidentSetSize of job (KB)
...
006 (048.000.000) 07/18 22:14:53 Image size of job updated: 5724708
	5591  -  MemoryUsage of job (MB)
	5724672  -  ResidentSetSize of job (KB)
...
006 (048.000.000) 07/18 22:19:53 Image size of job updated: 5726444
	5593  -  MemoryUsage of job (MB)
	5726408  -  ResidentSetSize of job (KB)
...
006 (048.000.000) 07/19 21:57:19 Image size of job updated: 5729356
	5596  -  MemoryUsage of job (MB)
	5729320  -  ResidentSetSize of job (KB)
...
006 (048.000.000) 07/20 01:17:41 Image size of job updated: 5729380
	5596  -  MemoryUsage of job (MB)
	5729344  -  ResidentSetSize of job (KB)
...
006 (048.000.000) 07/20 01:22:42 Image size of job updated: 5733124
	5599  -  MemoryUsage of job (MB)
	5733088  -  ResidentSetSize of job (KB)
...
006 (048.000.000) 07/20 01:27:42 Image size of job updated: 5733152
	5599  -  MemoryUsage of job (MB)
	5733116  -  ResidentSetSize of job (KB)
...
006 (048.000.000) 07/20 01:32:42 Image size of job updated: 5733160
	5599  -  MemoryUsage of job (MB)
	5733124  -  ResidentSetSize of job (KB)
...
006 (048.000.000) 07/20 04:48:02 Image size of job updated: 5733176
	5599  -  MemoryUsage of job (MB)
	5733140  -  ResidentSetSize of job (KB)
...
006 (048.000.000) 07/20 04:53:03 Image size of job updated: 5733504
	5600  -  MemoryUsage of job (MB)
	5733468  -  ResidentSetSize of job (KB)
...
006 (048.000.000) 07/20 04:58:03 Image size of job updated: 5736320
	5602  -  MemoryUsage of job (MB)
	5736284  -  ResidentSetSize of job (KB)
...
006 (048.000.000) 07/20 05:03:03 Image size of job updated: 5736328
	5602  -  MemoryUsage of job (MB)
	5736292  -  ResidentSetSize of job (KB)
...
006 (048.000.000) 07/20 05:08:04 Image size of job updated: 5736332
	5602  -  MemoryUsage of job (MB)
	5736296  -  ResidentSetSize of job (KB)
...
006 (048.000.000) 07/20 08:18:24 Image size of job updated: 5736340
	5602  -  MemoryUsage of job (MB)
	5736304  -  ResidentSetSize of job (KB)
...
006 (048.000.000) 07/20 08:23:25 Image size of job updated: 5736364
	5602  -  MemoryUsage of job (MB)
	5736328  -  ResidentSetSize of job (KB)
...
006 (048.000.000) 07/20 08:28:25 Image size of job updated: 5736684
	5603  -  MemoryUsage of job (MB)
	5736648  -  ResidentSetSize of job (KB)
...
006 (048.000.000) 07/20 08:33:26 Image size of job updated: 5739248
	5605  -  MemoryUsage of job (MB)
	5739212  -  ResidentSetSize of job (KB)
...
006 (048.000.000) 07/20 08:43:27 Image size of job updated: 5739256
	5605  -  MemoryUsage of job (MB)
	5739220  -  ResidentSetSize of job (KB)
...
006 (048.000.000) 07/20 11:48:47 Image size of job updated: 5739264
	5605  -  MemoryUsage of job (MB)
	5739228  -  ResidentSetSize of job (KB)
...
006 (048.000.000) 07/20 11:53:48 Image size of job updated: 5739272
	5605  -  MemoryUsage of job (MB)
	5739236  -  ResidentSetSize of job (KB)
...
006 (048.000.000) 07/20 11:58:48 Image size of job updated: 5739320
	5605  -  MemoryUsage of job (MB)
	5739284  -  ResidentSetSize of job (KB)
...
006 (048.000.000) 07/20 12:03:48 Image size of job updated: 5741004
	5607  -  MemoryUsage of job (MB)
	5740968  -  ResidentSetSize of job (KB)
...
006 (048.000.000) 07/20 12:08:49 Image size of job updated: 5741028
	5607  -  MemoryUsage of job (MB)
	5740992  -  ResidentSetSize of job (KB)
...
006 (048.000.000) 07/20 12:18:49 Image size of job updated: 5741036
	5607  -  MemoryUsage of job (MB)
	5741000  -  ResidentSetSize of job (KB)
...
006 (048.000.000) 07/20 15:24:09 Image size of job updated: 5741040
	5607  -  MemoryUsage of job (MB)
	5741004  -  ResidentSetSize of job (KB)
...
006 (048.000.000) 07/20 15:29:09 Image size of job updated: 5741080
	5607  -  MemoryUsage of job (MB)
	5741044  -  ResidentSetSize of job (KB)
...
006 (048.000.000) 07/20 15:34:10 Image size of job updated: 5741140
	5607  -  MemoryUsage of job (MB)
	5741104  -  ResidentSetSize of job (KB)
...
006 (048.000.000) 07/20 15:39:11 Image size of job updated: 5741244
	5607  -  MemoryUsage of job (MB)
	5741208  -  ResidentSetSize of job (KB)
...
006 (048.000.000) 07/20 15:44:11 Image size of job updated: 5741268
	5607  -  MemoryUsage of job (MB)
	5741232  -  ResidentSetSize of job (KB)
...
006 (048.000.000) 07/20 18:54:31 Image size of job updated: 5741276
	5607  -  MemoryUsage of job (MB)
	5741240  -  ResidentSetSize of job (KB)
...
006 (048.000.000) 07/20 18:59:32 Image size of job updated: 5741280
	5607  -  MemoryUsage of job (MB)
	5741244  -  ResidentSetSize of job (KB)
...
006 (048.000.000) 07/20 19:04:33 Image size of job updated: 5741292
	5607  -  MemoryUsage of job (MB)
	5741256  -  ResidentSetSize of job (KB)
...
006 (048.000.000) 07/20 19:09:33 Image size of job updated: 5741316
	5607  -  MemoryUsage of job (MB)
	5741280  -  ResidentSetSize of job (KB)
...
006 (048.000.000) 07/20 19:14:33 Image size of job updated: 5741380
	5607  -  MemoryUsage of job (MB)
	5741344  -  ResidentSetSize of job (KB)
...
006 (048.000.000) 07/20 22:24:55 Image size of job updated: 5741388
	5607  -  MemoryUsage of job (MB)
	5741352  -  ResidentSetSize of job (KB)
...
006 (048.000.000) 07/20 22:29:56 Image size of job updated: 5741392
	5607  -  MemoryUsage of job (MB)
	5741356  -  ResidentSetSize of job (KB)
...
006 (048.000.000) 07/20 22:34:57 Image size of job updated: 5741412
	5607  -  MemoryUsage of job (MB)
	5741376  -  ResidentSetSize of job (KB)
...
006 (048.000.000) 07/20 22:39:57 Image size of job updated: 5741456
	5607  -  MemoryUsage of job (MB)
	5741420  -  ResidentSetSize of job (KB)
...
006 (048.000.000) 07/20 22:44:57 Image size of job updated: 5741524
	5607  -  MemoryUsage of job (MB)
	5741488  -  ResidentSetSize of job (KB)
...
006 (048.000.000) 07/20 22:49:58 Image size of job updated: 5741540
	5607  -  MemoryUsage of job (MB)
	5741504  -  ResidentSetSize of job (KB)
...
006 (048.000.000) 07/20 22:59:59 Image size of job updated: 5741548
	5607  -  MemoryUsage of job (MB)
	5741512  -  ResidentSetSize of job (KB)
...
006 (048.000.000) 07/21 02:00:19 Image size of job updated: 5741552
	5607  -  MemoryUsage of job (MB)
	5741516  -  ResidentSetSize of job (KB)
...
006 (048.000.000) 07/21 02:05:20 Image size of job updated: 5741572
	5607  -  MemoryUsage of job (MB)
	5741536  -  ResidentSetSize of job (KB)
...
006 (048.000.000) 07/21 02:10:20 Image size of job updated: 5741608
	5608  -  MemoryUsage of job (MB)
	5741572  -  ResidentSetSize of job (KB)
...
006 (048.000.000) 07/21 02:15:21 Image size of job updated: 5741632
	5608  -  MemoryUsage of job (MB)
	5741596  -  ResidentSetSize of job (KB)
...
006 (048.000.000) 07/21 02:20:22 Image size of job updated: 5741672
	5608  -  MemoryUsage of job (MB)
	5741636  -  ResidentSetSize of job (KB)
...
006 (048.000.000) 07/21 02:25:22 Image size of job updated: 5741684
	5608  -  MemoryUsage of job (MB)
	5741648  -  ResidentSetSize of job (KB)
...
006 (048.000.000) 07/21 02:35:23 Image size of job updated: 5741692
	5608  -  MemoryUsage of job (MB)
	5741656  -  ResidentSetSize of job (KB)
...
006 (048.000.000) 07/21 05:30:43 Image size of job updated: 5741716
	5608  -  MemoryUsage of job (MB)
	5741680  -  ResidentSetSize of job (KB)
...
006 (048.000.000) 07/21 05:45:45 Image size of job updated: 5741760
	5608  -  MemoryUsage of job (MB)
	5741724  -  ResidentSetSize of job (KB)
...
006 (048.000.000) 07/21 05:50:46 Image size of job updated: 5741804
	5608  -  MemoryUsage of job (MB)
	5741768  -  ResidentSetSize of job (KB)
...
006 (048.000.000) 07/21 06:00:46 Image size of job updated: 5741828
	5608  -  MemoryUsage of job (MB)
	5741792  -  ResidentSetSize of job (KB)
...
006 (048.000.000) 07/21 09:11:06 Image size of job updated: 5741840
	5608  -  MemoryUsage of job (MB)
	5741804  -  ResidentSetSize of job (KB)
...
006 (048.000.000) 07/21 09:16:07 Image size of job updated: 5741856
	5608  -  MemoryUsage of job (MB)
	5741820  -  ResidentSetSize of job (KB)
...
006 (048.000.000) 07/21 09:21:08 Image size of job updated: 5741880
	5608  -  MemoryUsage of job (MB)
	5741844  -  ResidentSetSize of job (KB)
...
006 (048.000.000) 07/21 09:26:08 Image size of job updated: 5741896
	5608  -  MemoryUsage of job (MB)
	5741860  -  ResidentSetSize of job (KB)
...
006 (048.000.000) 07/21 09:31:09 Image size of job updated: 5741908
	5608  -  MemoryUsage of job (MB)
	5741872  -  ResidentSetSize of job (KB)
...
006 (048.000.000) 07/21 09:46:10 Image size of job updated: 5741912
	5608  -  MemoryUsage of job (MB)
	5741876  -  ResidentSetSize of job (KB)
...
006 (048.000.000) 07/21 12:36:28 Image size of job updated: 5741916
	5608  -  MemoryUsage of job (MB)
	5741880  -  ResidentSetSize of job (KB)
...
006 (048.000.000) 07/21 12:41:29 Image size of job updated: 5741920
	5608  -  MemoryUsage of job (MB)
	5741884  -  ResidentSetSize of job (KB)
...
006 (048.000.000) 07/21 12:46:29 Image size of job updated: 5741928
	5608  -  MemoryUsage of job (MB)
	5741892  -  ResidentSetSize of job (KB)
...
006 (048.000.000) 07/21 12:51:29 Image size of job updated: 5741952
	5608  -  MemoryUsage of job (MB)
	5741916  -  ResidentSetSize of job (KB)
...
006 (048.000.000) 07/21 12:56:30 Image size of job updated: 5741976
	5608  -  MemoryUsage of job (MB)
	5741940  -  ResidentSetSize of job (KB)
...
006 (048.000.000) 07/21 13:01:30 Image size of job updated: 5741988
	5608  -  MemoryUsage of job (MB)
	5741952  -  ResidentSetSize of job (KB)
...
006 (048.000.000) 07/21 13:06:30 Image size of job updated: 5741996
	5608  -  MemoryUsage of job (MB)
	5741960  -  ResidentSetSize of job (KB)
...
006 (048.000.000) 07/21 13:16:32 Image size of job updated: 5742000
	5608  -  MemoryUsage of job (MB)
	5741964  -  ResidentSetSize of job (KB)
...
006 (048.000.000) 07/21 16:06:50 Image size of job updated: 5742016
	5608  -  MemoryUsage of job (MB)
	5741980  -  ResidentSetSize of job (KB)
...
006 (048.000.000) 07/21 16:16:51 Image size of job updated: 5742032
	5608  -  MemoryUsage of job (MB)
	5741996  -  ResidentSetSize of job (KB)
...
006 (048.000.000) 07/21 16:21:52 Image size of job updated: 5742064
	5608  -  MemoryUsage of job (MB)
	5742028  -  ResidentSetSize of job (KB)
...
006 (048.000.000) 07/21 16:26:52 Image size of job updated: 5742104
	5608  -  MemoryUsage of job (MB)
	5742068  -  ResidentSetSize of job (KB)
...
006 (048.000.000) 07/21 16:31:53 Image size of job updated: 5742128
	5608  -  MemoryUsage of job (MB)
	5742092  -  ResidentSetSize of job (KB)
...
006 (048.000.000) 07/21 16:36:54 Image size of job updated: 5742148
	5608  -  MemoryUsage of job (MB)
	5742112  -  ResidentSetSize of job (KB)
...
006 (048.000.000) 07/21 16:41:54 Image size of job updated: 5742152
	5608  -  MemoryUsage of job (MB)
	5742116  -  ResidentSetSize of job (KB)
...
006 (048.000.000) 07/21 16:51:56 Image size of job updated: 5742160
	5608  -  MemoryUsage of job (MB)
	5742124  -  ResidentSetSize of job (KB)
...
006 (048.000.000) 07/21 19:42:14 Image size of job updated: 5742164
	5608  -  MemoryUsage of job (MB)
	5742128  -  ResidentSetSize of job (KB)
...
006 (048.000.000) 07/21 19:47:14 Image size of job updated: 5742168
	5608  -  MemoryUsage of job (MB)
	5742132  -  ResidentSetSize of job (KB)
...
006 (048.000.000) 07/21 19:52:14 Image size of job updated: 5742176
	5608  -  MemoryUsage of job (MB)
	5742140  -  ResidentSetSize of job (KB)
...
006 (048.000.000) 07/21 19:57:15 Image size of job updated: 5742192
	5608  -  MemoryUsage of job (MB)
	5742156  -  ResidentSetSize of job (KB)
...
006 (048.000.000) 07/21 20:02:16 Image size of job updated: 5742220
	5608  -  MemoryUsage of job (MB)
	5742184  -  ResidentSetSize of job (KB)
...
006 (048.000.000) 07/21 20:07:16 Image size of job updated: 5742240
	5608  -  MemoryUsage of job (MB)
	5742204  -  ResidentSetSize of job (KB)
...
006 (048.000.000) 07/21 20:12:16 Image size of job updated: 5742248
	5608  -  MemoryUsage of job (MB)
	5742212  -  ResidentSetSize of job (KB)
...
006 (048.000.000) 07/21 20:27:17 Image size of job updated: 5742252
	5608  -  MemoryUsage of job (MB)
	5742216  -  ResidentSetSize of job (KB)
...
006 (048.000.000) 07/21 23:17:34 Image size of job updated: 5742260
	5608  -  MemoryUsage of job (MB)
	5742224  -  ResidentSetSize of job (KB)
...
006 (048.000.000) 07/21 23:22:35 Image size of job updated: 5742264
	5608  -  MemoryUsage of job (MB)
	5742228  -  ResidentSetSize of job (KB)
...
006 (048.000.000) 07/21 23:27:36 Image size of job updated: 5742296
	5608  -  MemoryUsage of job (MB)
	5742260  -  ResidentSetSize of job (KB)
...
006 (048.000.000) 07/21 23:32:36 Image size of job updated: 5742472
	5608  -  MemoryUsage of job (MB)
	5742436  -  ResidentSetSize of job (KB)
...
006 (048.000.000) 07/21 23:37:36 Image size of job updated: 5742504
	5608  -  MemoryUsage of job (MB)
	5742468  -  ResidentSetSize of job (KB)
...
006 (048.000.000) 07/21 23:42:37 Image size of job updated: 5742548
	5608  -  MemoryUsage of job (MB)
	5742512  -  ResidentSetSize of job (KB)
...
006 (048.000.000) 07/21 23:47:38 Image size of job updated: 5742556
	5608  -  MemoryUsage of job (MB)
	5742520  -  ResidentSetSize of job (KB)
...
006 (048.000.000) 07/22 00:02:40 Image size of job updated: 5742628
	5608  -  MemoryUsage of job (MB)
	5742592  -  ResidentSetSize of job (KB)
...
006 (048.000.000) 07/22 02:47:57 Image size of job updated: 5742716
	5609  -  MemoryUsage of job (MB)
	5742680  -  ResidentSetSize of job (KB)
...
006 (048.000.000) 07/22 02:52:58 Image size of job updated: 5742720
	5609  -  MemoryUsage of job (MB)
	5742684  -  ResidentSetSize of job (KB)
...
006 (048.000.000) 07/22 02:57:59 Image size of job updated: 5743016
	5609  -  MemoryUsage of job (MB)
	5742980  -  ResidentSetSize of job (KB)
...
006 (048.000.000) 07/22 03:02:59 Image size of job updated: 5743488
	5609  -  MemoryUsage of job (MB)
	5743452  -  ResidentSetSize of job (KB)
...
006 (048.000.000) 07/22 03:08:00 Image size of job updated: 5743668
	5610  -  MemoryUsage of job (MB)
	5743632  -  ResidentSetSize of job (KB)
...
006 (048.000.000) 07/22 03:13:01 Image size of job updated: 5743832
	5610  -  MemoryUsage of job (MB)
	5743796  -  ResidentSetSize of job (KB)
...
006 (048.000.000) 07/22 03:23:01 Image size of job updated: 5743916
	5610  -  MemoryUsage of job (MB)
	5743880  -  ResidentSetSize of job (KB)
...
006 (048.000.000) 07/22 03:38:03 Image size of job updated: 5744176
	5610  -  MemoryUsage of job (MB)
	5744140  -  ResidentSetSize of job (KB)
...
006 (048.000.000) 07/22 06:18:21 Image size of job updated: 5744292
	5610  -  MemoryUsage of job (MB)
	5744256  -  ResidentSetSize of job (KB)
...
006 (048.000.000) 07/22 06:23:22 Image size of job updated: 5744508
	5610  -  MemoryUsage of job (MB)
	5744472  -  ResidentSetSize of job (KB)
...
006 (048.000.000) 07/22 06:33:22 Image size of job updated: 5744732
	5611  -  MemoryUsage of job (MB)
	5744696  -  ResidentSetSize of job (KB)
...
006 (048.000.000) 07/22 06:38:23 Image size of job updated: 5745648
	5611  -  MemoryUsage of job (MB)
	5745612  -  ResidentSetSize of job (KB)
...
006 (048.000.000) 07/22 06:43:23 Image size of job updated: 5746868
	5613  -  MemoryUsage of job (MB)
	5746832  -  ResidentSetSize of job (KB)
...
006 (048.000.000) 07/22 06:48:23 Image size of job updated: 5747620
	5613  -  MemoryUsage of job (MB)
	5747584  -  ResidentSetSize of job (KB)
...
006 (048.000.000) 07/22 06:53:24 Image size of job updated: 5747760
	5614  -  MemoryUsage of job (MB)
	5747724  -  ResidentSetSize of job (KB)
...
006 (048.000.000) 07/22 06:58:25 Image size of job updated: 5747764
	5614  -  MemoryUsage of job (MB)
	5747728  -  ResidentSetSize of job (KB)
...
006 (048.000.000) 07/22 07:13:26 Image size of job updated: 5747768
	5614  -  MemoryUsage of job (MB)
	5747732  -  ResidentSetSize of job (KB)
...
006 (048.000.000) 07/22 09:48:42 Image size of job updated: 5747900
	5614  -  MemoryUsage of job (MB)
	5747864  -  ResidentSetSize of job (KB)
...
006 (048.000.000) 07/22 09:58:43 Image size of job updated: 5747980
	5614  -  MemoryUsage of job (MB)
	5747944  -  ResidentSetSize of job (KB)
...
006 (048.000.000) 07/22 10:03:44 Image size of job updated: 5748864
	5615  -  MemoryUsage of job (MB)
	5748828  -  ResidentSetSize of job (KB)
...
006 (048.000.000) 07/22 10:08:45 Image size of job updated: 5749344
	5615  -  MemoryUsage of job (MB)
	5749308  -  ResidentSetSize of job (KB)
...
006 (048.000.000) 07/22 10:13:45 Image size of job updated: 5750256
	5616  -  MemoryUsage of job (MB)
	5750220  -  ResidentSetSize of job (KB)
...
006 (048.000.000) 07/22 10:18:45 Image size of job updated: 5750840
	5617  -  MemoryUsage of job (MB)
	5750804  -  ResidentSetSize of job (KB)
...
006 (048.000.000) 07/22 10:23:46 Image size of job updated: 5751484
	5617  -  MemoryUsage of job (MB)
	5751448  -  ResidentSetSize of job (KB)
...
006 (048.000.000) 07/22 10:28:47 Image size of job updated: 5751840
	5617  -  MemoryUsage of job (MB)
	5751804  -  ResidentSetSize of job (KB)
...
006 (048.000.000) 07/22 10:33:47 Image size of job updated: 5752212
	5618  -  MemoryUsage of job (MB)
	5752176  -  ResidentSetSize of job (KB)
...
006 (048.000.000) 07/22 10:43:49 Image size of job updated: 5752612
	5618  -  MemoryUsage of job (MB)
	5752576  -  ResidentSetSize of job (KB)
...
006 (048.000.000) 07/22 13:24:06 Image size of job updated: 5752904
	5619  -  MemoryUsage of job (MB)
	5752868  -  ResidentSetSize of job (KB)
...
006 (048.000.000) 07/22 13:29:06 Image size of job updated: 5753356
	5619  -  MemoryUsage of job (MB)
	5753320  -  ResidentSetSize of job (KB)
...
006 (048.000.000) 07/22 13:34:07 Image size of job updated: 5753500
	5619  -  MemoryUsage of job (MB)
	5753464  -  ResidentSetSize of job (KB)
...
006 (048.000.000) 07/22 13:39:08 Image size of job updated: 5754120
	5620  -  MemoryUsage of job (MB)
	5754084  -  ResidentSetSize of job (KB)
...
006 (048.000.000) 07/22 13:44:08 Image size of job updated: 5754384
	5620  -  MemoryUsage of job (MB)
	5754348  -  ResidentSetSize of job (KB)
...
006 (048.000.000) 07/22 13:49:08 Image size of job updated: 5756184
	5622  -  MemoryUsage of job (MB)
	5756148  -  ResidentSetSize of job (KB)
...
006 (048.000.000) 07/22 13:54:09 Image size of job updated: 5756560
	5622  -  MemoryUsage of job (MB)
	5756524  -  ResidentSetSize of job (KB)
...
006 (048.000.000) 07/22 13:59:09 Image size of job updated: 5756564
	5622  -  MemoryUsage of job (MB)
	5756528  -  ResidentSetSize of job (KB)
...
006 (048.000.000) 07/22 14:04:09 Image size of job updated: 5756664
	5622  -  MemoryUsage of job (MB)
	5756628  -  ResidentSetSize of job (KB)
...
006 (048.000.000) 07/22 14:19:11 Image size of job updated: 5756672
	5622  -  MemoryUsage of job (MB)
	5756636  -  ResidentSetSize of job (KB)
...
006 (048.000.000) 07/22 16:54:28 Image size of job updated: 5756684
	5622  -  MemoryUsage of job (MB)
	5756648  -  ResidentSetSize of job (KB)
...
006 (048.000.000) 07/22 16:59:28 Image size of job updated: 5756816
	5622  -  MemoryUsage of job (MB)
	5756780  -  ResidentSetSize of job (KB)
...
006 (048.000.000) 07/22 17:04:29 Image size of job updated: 5756820
	5622  -  MemoryUsage of job (MB)
	5756784  -  ResidentSetSize of job (KB)
...
006 (048.000.000) 07/22 17:09:30 Image size of job updated: 5757052
	5623  -  MemoryUsage of job (MB)
	5757016  -  ResidentSetSize of job (KB)
...
006 (048.000.000) 07/22 17:14:30 Image size of job updated: 5757792
	5623  -  MemoryUsage of job (MB)
	5757756  -  ResidentSetSize of job (KB)
...
006 (048.000.000) 07/22 17:19:31 Image size of job updated: 5758548
	5624  -  MemoryUsage of job (MB)
	5758512  -  ResidentSetSize of job (KB)
...
006 (048.000.000) 07/22 17:24:32 Image size of job updated: 5759620
	5625  -  MemoryUsage of job (MB)
	5759584  -  ResidentSetSize of job (KB)
...
006 (048.000.000) 07/22 17:29:32 Image size of job updated: 5759880
	5625  -  MemoryUsage of job (MB)
	5759844  -  ResidentSetSize of job (KB)
...
006 (048.000.000) 07/22 17:39:33 Image size of job updated: 5760168
	5626  -  MemoryUsage of job (MB)
	5760132  -  ResidentSetSize of job (KB)
...
006 (048.000.000) 07/22 17:54:35 Image size of job updated: 5760344
	5626  -  MemoryUsage of job (MB)
	5760308  -  ResidentSetSize of job (KB)
...
006 (048.000.000) 07/22 20:29:49 Image size of job updated: 5760348
	5626  -  MemoryUsage of job (MB)
	5760312  -  ResidentSetSize of job (KB)
...
006 (048.000.000) 07/22 20:34:50 Image size of job updated: 5760484
	5626  -  MemoryUsage of job (MB)
	5760448  -  ResidentSetSize of job (KB)
...
006 (048.000.000) 07/22 20:39:50 Image size of job updated: 5760972
	5626  -  MemoryUsage of job (MB)
	5760936  -  ResidentSetSize of job (KB)
...
006 (048.000.000) 07/22 20:44:50 Image size of job updated: 5761132
	5627  -  MemoryUsage of job (MB)
	5761096  -  ResidentSetSize of job (KB)
...
006 (048.000.000) 07/22 20:49:51 Image size of job updated: 5762100
	5628  -  MemoryUsage of job (MB)
	5762064  -  ResidentSetSize of job (KB)
...
006 (048.000.000) 07/22 20:54:52 Image size of job updated: 5762912
	5628  -  MemoryUsage of job (MB)
	5762876  -  ResidentSetSize of job (KB)
...
006 (048.000.000) 07/22 20:59:52 Image size of job updated: 5764228
	5630  -  MemoryUsage of job (MB)
	5764192  -  ResidentSetSize of job (KB)
...
006 (048.000.000) 07/22 21:04:52 Image size of job updated: 5764456
	5630  -  MemoryUsage of job (MB)
	5764420  -  ResidentSetSize of job (KB)
...
006 (048.000.000) 07/22 21:09:53 Image size of job updated: 5764560
	5630  -  MemoryUsage of job (MB)
	5764524  -  ResidentSetSize of job (KB)
...
006 (048.000.000) 07/22 21:29:55 Image size of job updated: 5764800
	5630  -  MemoryUsage of job (MB)
	5764764  -  ResidentSetSize of job (KB)
...
